Sandbox logs:
{
  "sandboxLog": "[ERROR] TypeError: unhashable type: 'dict'\\n{\"errorMessage\": \"unhashable type: 'dict'\", \"errorType\": \"TypeError\", \"requestId\": \"779eb7c9-d4db-4762-a692-704710207a58\", \"stackTrace\": [\"  File \\\"/var/task/app.py\\\", line 31, in lambda_handler\\n    orders, conversion, traderData = trader.run(trading_state)\\n\", \"  File \\\"/var/task/trader.py\\\", line 154, in run\\n    self.POSITIONS = {state.position}\\n\"]}",
  "lambdaLog": "[ERROR] TypeError: unhashable type: 'dict'\\n{\"errorMessage\": \"unhashable type: 'dict'\", \"errorType\": \"TypeError\", \"requestId\": \"779eb7c9-d4db-4762-a692-704710207a58\", \"stackTrace\": [\"  File \\\"/var/task/app.py\\\", line 31, in lambda_handler\\n    orders, conversion, traderData = trader.run(trading_state)\\n\", \"  File \\\"/var/task/trader.py\\\", line 154, in run\\n    self.POSITIONS = {state.position}\\n\"]}",
  "timestamp": 0
}
{
  "sandboxLog": "[ERROR] TypeError: unhashable type: 'dict'\\n{\"errorMessage\": \"unhashable type: 'dict'\", \"errorType\": \"TypeError\", \"requestId\": \"bec3b21a-78db-47c4-b86f-69e765d016ba\", \"stackTrace\": [\"  File \\\"/var/task/app.py\\\", line 31, in lambda_handler\\n    orders, conversion, traderData = trader.run(trading_state)\\n\", \"  File \\\"/var/task/trader.py\\\", line 154, in run\\n    self.POSITIONS = {state.position}\\n\"]}",
  "lambdaLog": "[ERROR] TypeError: unhashable type: 'dict'\\n{\"errorMessage\": \"unhashable type: 'dict'\", \"errorType\": \"TypeError\", \"requestId\": \"bec3b21a-78db-47c4-b86f-69e765d016ba\", \"stackTrace\": [\"  File \\\"/var/task/app.py\\\", line 31, in lambda_handler\\n    orders, conversion, traderData = trader.run(trading_state)\\n\", \"  File \\\"/var/task/trader.py\\\", line 154, in run\\n    self.POSITIONS = {state.position}\\n\"]}",
  "timestamp": 100
}
{
  "sandboxLog": "[ERROR] TypeError: unhashable type: 'dict'\\n{\"errorMessage\": \"unhashable type: 'dict'\", \"errorType\": \"TypeError\", \"requestId\": \"114a78d9-c5a7-4a6b-a270-86d080b8ce68\", \"stackTrace\": [\"  File \\\"/var/task/app.py\\\", line 31, in lambda_handler\\n    orders, conversion, traderData = trader.run(trading_state)\\n\", \"  File \\\"/var/task/trader.py\\\", line 154, in run\\n    self.POSITIONS = {state.position}\\n\"]}",
  "lambdaLog": "[ERROR] TypeError: unhashable type: 'dict'\\n{\"errorMessage\": \"unhashable type: 'dict'\", \"errorType\": \"TypeError\", \"requestId\": \"114a78d9-c5a7-4a6b-a270-86d080b8ce68\", \"stackTrace\": [\"  File \\\"/var/task/app.py\\\", line 31, in lambda_handler\\n    orders, conversion, traderData = trader.run(trading_state)\\n\", \"  File \\\"/var/task/trader.py\\\", line 154, in run\\n    self.POSITIONS = {state.position}\\n\"]}",
  "timestamp": 200
}
{
  "sandboxLog": "[ERROR] TypeError: unhashable type: 'dict'\\n{\"errorMessage\": \"unhashable type: 'dict'\", \"errorType\": \"TypeError\", \"requestId\": \"141424f6-33a3-4270-8a10-3bf2f77ac857\", \"stackTrace\": [\"  File \\\"/var/task/app.py\\\", line 31, in lambda_handler\\n    orders, conversion, traderData = trader.run(trading_state)\\n\", \"  File \\\"/var/task/trader.py\\\", line 154, in run\\n    self.POSITIONS = {state.position}\\n\"]}",
  "lambdaLog": "[ERROR] TypeError: unhashable type: 'dict'\\n{\"errorMessage\": \"unhashable type: 'dict'\", \"errorType\": \"TypeError\", \"requestId\": \"141424f6-33a3-4270-8a10-3bf2f77ac857\", \"stackTrace\": [\"  File \\\"/var/task/app.py\\\", line 31, in lambda_handler\\n    orders, conversion, traderData = trader.run(trading_state)\\n\", \"  File \\\"/var/task/trader.py\\\", line 154, in run\\n    self.POSITIONS = {state.position}\\n\"]}",
  "timestamp": 300
}
{
  "sandboxLog": "[ERROR] TypeError: unhashable type: 'dict'\\n{\"errorMessage\": \"unhashable type: 'dict'\", \"errorType\": \"TypeError\", \"requestId\": \"28e21854-a184-448b-b4ad-bf257313987f\", \"stackTrace\": [\"  File \\\"/var/task/app.py\\\", line 31, in lambda_handler\\n    orders, conversion, traderData = trader.run(trading_state)\\n\", \"  File \\\"/var/task/trader.py\\\", line 154, in run\\n    self.POSITIONS = {state.position}\\n\"]}",
  "lambdaLog": "[ERROR] TypeError: unhashable type: 'dict'\\n{\"errorMessage\": \"unhashable type: 'dict'\", \"errorType\": \"TypeError\", \"requestId\": \"28e21854-a184-448b-b4ad-bf257313987f\", \"stackTrace\": [\"  File \\\"/var/task/app.py\\\", line 31, in lambda_handler\\n    orders, conversion, traderData = trader.run(trading_state)\\n\", \"  File \\\"/var/task/trader.py\\\", line 154, in run\\n    self.POSITIONS = {state.position}\\n\"]}",
  "timestamp": 400
}
{
  "sandboxLog": "[ERROR] TypeError: unhashable type: 'dict'\\n{\"errorMessage\": \"unhashable type: 'dict'\", \"errorType\": \"TypeError\", \"requestId\": \"03c93ebc-40d9-41be-bcd0-34e911985390\", \"stackTrace\": [\"  File \\\"/var/task/app.py\\\", line 31, in lambda_handler\\n    orders, conversion, traderData = trader.run(trading_state)\\n\", \"  File \\\"/var/task/trader.py\\\", line 154, in run\\n    self.POSITIONS = {state.position}\\n\"]}",
  "lambdaLog": "[ERROR] TypeError: unhashable type: 'dict'\\n{\"errorMessage\": \"unhashable type: 'dict'\", \"errorType\": \"TypeError\", \"requestId\": \"03c93ebc-40d9-41be-bcd0-34e911985390\", \"stackTrace\": [\"  File \\\"/var/task/app.py\\\", line 31, in lambda_handler\\n    orders, conversion, traderData = trader.run(trading_state)\\n\", \"  File \\\"/var/task/trader.py\\\", line 154, in run\\n    self.POSITIONS = {state.position}\\n\"]}",
  "timestamp": 500
}
{
  "sandboxLog": "[ERROR] TypeError: unhashable type: 'dict'\\n{\"errorMessage\": \"unhashable type: 'dict'\", \"errorType\": \"TypeError\", \"requestId\": \"242b8e92-446c-47e0-aac3-bbe984442185\", \"stackTrace\": [\"  File \\\"/var/task/app.py\\\", line 31, in lambda_handler\\n    orders, conversion, traderData = trader.run(trading_state)\\n\", \"  File \\\"/var/task/trader.py\\\", line 154, in run\\n    self.POSITIONS = {state.position}\\n\"]}",
  "lambdaLog": "[ERROR] TypeError: unhashable type: 'dict'\\n{\"errorMessage\": \"unhashable type: 'dict'\", \"errorType\": \"TypeError\", \"requestId\": \"242b8e92-446c-47e0-aac3-bbe984442185\", \"stackTrace\": [\"  File \\\"/var/task/app.py\\\", line 31, in lambda_handler\\n    orders, conversion, traderData = trader.run(trading_state)\\n\", \"  File \\\"/var/task/trader.py\\\", line 154, in run\\n    self.POSITIONS = {state.position}\\n\"]}",
  "timestamp": 600
}
{
  "sandboxLog": "[ERROR] TypeError: unhashable type: 'dict'\\n{\"errorMessage\": \"unhashable type: 'dict'\", \"errorType\": \"TypeError\", \"requestId\": \"6d12cb01-2434-4419-9e12-7414e21295d9\", \"stackTrace\": [\"  File \\\"/var/task/app.py\\\", line 31, in lambda_handler\\n    orders, conversion, traderData = trader.run(trading_state)\\n\", \"  File \\\"/var/task/trader.py\\\", line 154, in run\\n    self.POSITIONS = {state.position}\\n\"]}",
  "lambdaLog": "[ERROR] TypeError: unhashable type: 'dict'\\n{\"errorMessage\": \"unhashable type: 'dict'\", \"errorType\": \"TypeError\", \"requestId\": \"6d12cb01-2434-4419-9e12-7414e21295d9\", \"stackTrace\": [\"  File \\\"/var/task/app.py\\\", line 31, in lambda_handler\\n    orders, conversion, traderData = trader.run(trading_state)\\n\", \"  File \\\"/var/task/trader.py\\\", line 154, in run\\n    self.POSITIONS = {state.position}\\n\"]}",
  "timestamp": 700
}
{
  "sandboxLog": "[ERROR] TypeError: unhashable type: 'dict'\\n{\"errorMessage\": \"unhashable type: 'dict'\", \"errorType\": \"TypeError\", \"requestId\": \"f5e8bba9-23f5-4dad-a57d-629242d98f2a\", \"stackTrace\": [\"  File \\\"/var/task/app.py\\\", line 31, in lambda_handler\\n    orders, conversion, traderData = trader.run(trading_state)\\n\", \"  File \\\"/var/task/trader.py\\\", line 154, in run\\n    self.POSITIONS = {state.position}\\n\"]}",
  "lambdaLog": "[ERROR] TypeError: unhashable type: 'dict'\\n{\"errorMessage\": \"unhashable type: 'dict'\", \"errorType\": \"TypeError\", \"requestId\": \"f5e8bba9-23f5-4dad-a57d-629242d98f2a\", \"stackTrace\": [\"  File \\\"/var/task/app.py\\\", line 31, in lambda_handler\\n    orders, conversion, traderData = trader.run(trading_state)\\n\", \"  File \\\"/var/task/trader.py\\\", line 154, in run\\n    self.POSITIONS = {state.position}\\n\"]}",
  "timestamp": 800
}
{
  "sandboxLog": "[ERROR] TypeError: unhashable type: 'dict'\\n{\"errorMessage\": \"unhashable type: 'dict'\", \"errorType\": \"TypeError\", \"requestId\": \"9908117d-b011-4e7b-9327-20cc3be74ae0\", \"stackTrace\": [\"  File \\\"/var/task/app.py\\\", line 31, in lambda_handler\\n    orders, conversion, traderData = trader.run(trading_state)\\n\", \"  File \\\"/var/task/trader.py\\\", line 154, in run\\n    self.POSITIONS = {state.position}\\n\"]}",
  "lambdaLog": "[ERROR] TypeError: unhashable type: 'dict'\\n{\"errorMessage\": \"unhashable type: 'dict'\", \"errorType\": \"TypeError\", \"requestId\": \"9908117d-b011-4e7b-9327-20cc3be74ae0\", \"stackTrace\": [\"  File \\\"/var/task/app.py\\\", line 31, in lambda_handler\\n    orders, conversion, traderData = trader.run(trading_state)\\n\", \"  File \\\"/var/task/trader.py\\\", line 154, in run\\n    self.POSITIONS = {state.position}\\n\"]}",
  "timestamp": 900
}
{
  "sandboxLog": "[ERROR] TypeError: unhashable type: 'dict'\\n{\"errorMessage\": \"unhashable type: 'dict'\", \"errorType\": \"TypeError\", \"requestId\": \"feeeb7ee-149e-42f3-af73-97d5f88aa341\", \"stackTrace\": [\"  File \\\"/var/task/app.py\\\", line 31, in lambda_handler\\n    orders, conversion, traderData = trader.run(trading_state)\\n\", \"  File \\\"/var/task/trader.py\\\", line 154, in run\\n    self.POSITIONS = {state.position}\\n\"]}",
  "lambdaLog": "[ERROR] TypeError: unhashable type: 'dict'\\n{\"errorMessage\": \"unhashable type: 'dict'\", \"errorType\": \"TypeError\", \"requestId\": \"feeeb7ee-149e-42f3-af73-97d5f88aa341\", \"stackTrace\": [\"  File \\\"/var/task/app.py\\\", line 31, in lambda_handler\\n    orders, conversion, traderData = trader.run(trading_state)\\n\", \"  File \\\"/var/task/trader.py\\\", line 154, in run\\n    self.POSITIONS = {state.position}\\n\"]}",
  "timestamp": 1000
}
{
  "sandboxLog": "[ERROR] TypeError: unhashable type: 'dict'\\n{\"errorMessage\": \"unhashable type: 'dict'\", \"errorType\": \"TypeError\", \"requestId\": \"b269b745-e78b-4bd4-8787-8e21ebe9e179\", \"stackTrace\": [\"  File \\\"/var/task/app.py\\\", line 31, in lambda_handler\\n    orders, conversion, traderData = trader.run(trading_state)\\n\", \"  File \\\"/var/task/trader.py\\\", line 154, in run\\n    self.POSITIONS = {state.position}\\n\"]}",
  "lambdaLog": "[ERROR] TypeError: unhashable type: 'dict'\\n{\"errorMessage\": \"unhashable type: 'dict'\", \"errorType\": \"TypeError\", \"requestId\": \"b269b745-e78b-4bd4-8787-8e21ebe9e179\", \"stackTrace\": [\"  File \\\"/var/task/app.py\\\", line 31, in lambda_handler\\n    orders, conversion, traderData = trader.run(trading_state)\\n\", \"  File \\\"/var/task/trader.py\\\", line 154, in run\\n    self.POSITIONS = {state.position}\\n\"]}",
  "timestamp": 1100
}
{
  "sandboxLog": "[ERROR] TypeError: unhashable type: 'dict'\\n{\"errorMessage\": \"unhashable type: 'dict'\", \"errorType\": \"TypeError\", \"requestId\": \"5a0527ff-3333-446d-a321-3586c23a9c2b\", \"stackTrace\": [\"  File \\\"/var/task/app.py\\\", line 31, in lambda_handler\\n    orders, conversion, traderData = trader.run(trading_state)\\n\", \"  File \\\"/var/task/trader.py\\\", line 154, in run\\n    self.POSITIONS = {state.position}\\n\"]}",
  "lambdaLog": "[ERROR] TypeError: unhashable type: 'dict'\\n{\"errorMessage\": \"unhashable type: 'dict'\", \"errorType\": \"TypeError\", \"requestId\": \"5a0527ff-3333-446d-a321-3586c23a9c2b\", \"stackTrace\": [\"  File \\\"/var/task/app.py\\\", line 31, in lambda_handler\\n    orders, conversion, traderData = trader.run(trading_state)\\n\", \"  File \\\"/var/task/trader.py\\\", line 154, in run\\n    self.POSITIONS = {state.position}\\n\"]}",
  "timestamp": 1200
}
{
  "sandboxLog": "[ERROR] TypeError: unhashable type: 'dict'\\n{\"errorMessage\": \"unhashable type: 'dict'\", \"errorType\": \"TypeError\", \"requestId\": \"ca5056d3-827a-4bdc-811b-40df292c9632\", \"stackTrace\": [\"  File \\\"/var/task/app.py\\\", line 31, in lambda_handler\\n    orders, conversion, traderData = trader.run(trading_state)\\n\", \"  File \\\"/var/task/trader.py\\\", line 154, in run\\n    self.POSITIONS = {state.position}\\n\"]}",
  "lambdaLog": "[ERROR] TypeError: unhashable type: 'dict'\\n{\"errorMessage\": \"unhashable type: 'dict'\", \"errorType\": \"TypeError\", \"requestId\": \"ca5056d3-827a-4bdc-811b-40df292c9632\", \"stackTrace\": [\"  File \\\"/var/task/app.py\\\", line 31, in lambda_handler\\n    orders, conversion, traderData = trader.run(trading_state)\\n\", \"  File \\\"/var/task/trader.py\\\", line 154, in run\\n    self.POSITIONS = {state.position}\\n\"]}",
  "timestamp": 1300
}
{
  "sandboxLog": "[ERROR] TypeError: unhashable type: 'dict'\\n{\"errorMessage\": \"unhashable type: 'dict'\", \"errorType\": \"TypeError\", \"requestId\": \"decc3d43-cdbe-4e6f-88dc-bf1d1b0278cb\", \"stackTrace\": [\"  File \\\"/var/task/app.py\\\", line 31, in lambda_handler\\n    orders, conversion, traderData = trader.run(trading_state)\\n\", \"  File \\\"/var/task/trader.py\\\", line 154, in run\\n    self.POSITIONS = {state.position}\\n\"]}",
  "lambdaLog": "[ERROR] TypeError: unhashable type: 'dict'\\n{\"errorMessage\": \"unhashable type: 'dict'\", \"errorType\": \"TypeError\", \"requestId\": \"decc3d43-cdbe-4e6f-88dc-bf1d1b0278cb\", \"stackTrace\": [\"  File \\\"/var/task/app.py\\\", line 31, in lambda_handler\\n    orders, conversion, traderData = trader.run(trading_state)\\n\", \"  File \\\"/var/task/trader.py\\\", line 154, in run\\n    self.POSITIONS = {state.position}\\n\"]}",
  "timestamp": 1400
}
{
  "sandboxLog": "[ERROR] TypeError: unhashable type: 'dict'\\n{\"errorMessage\": \"unhashable type: 'dict'\", \"errorType\": \"TypeError\", \"requestId\": \"00b9a74c-e972-4179-8139-0879ed180fe9\", \"stackTrace\": [\"  File \\\"/var/task/app.py\\\", line 31, in lambda_handler\\n    orders, conversion, traderData = trader.run(trading_state)\\n\", \"  File \\\"/var/task/trader.py\\\", line 154, in run\\n    self.POSITIONS = {state.position}\\n\"]}",
  "lambdaLog": "[ERROR] TypeError: unhashable type: 'dict'\\n{\"errorMessage\": \"unhashable type: 'dict'\", \"errorType\": \"TypeError\", \"requestId\": \"00b9a74c-e972-4179-8139-0879ed180fe9\", \"stackTrace\": [\"  File \\\"/var/task/app.py\\\", line 31, in lambda_handler\\n    orders, conversion, traderData = trader.run(trading_state)\\n\", \"  File \\\"/var/task/trader.py\\\", line 154, in run\\n    self.POSITIONS = {state.position}\\n\"]}",
  "timestamp": 1500
}
{
  "sandboxLog": "[ERROR] TypeError: unhashable type: 'dict'\\n{\"errorMessage\": \"unhashable type: 'dict'\", \"errorType\": \"TypeError\", \"requestId\": \"a8c70fb4-01ef-4c50-a462-0fad29fcd549\", \"stackTrace\": [\"  File \\\"/var/task/app.py\\\", line 31, in lambda_handler\\n    orders, conversion, traderData = trader.run(trading_state)\\n\", \"  File \\\"/var/task/trader.py\\\", line 154, in run\\n    self.POSITIONS = {state.position}\\n\"]}",
  "lambdaLog": "[ERROR] TypeError: unhashable type: 'dict'\\n{\"errorMessage\": \"unhashable type: 'dict'\", \"errorType\": \"TypeError\", \"requestId\": \"a8c70fb4-01ef-4c50-a462-0fad29fcd549\", \"stackTrace\": [\"  File \\\"/var/task/app.py\\\", line 31, in lambda_handler\\n    orders, conversion, traderData = trader.run(trading_state)\\n\", \"  File \\\"/var/task/trader.py\\\", line 154, in run\\n    self.POSITIONS = {state.position}\\n\"]}",
  "timestamp": 1600
}
{
  "sandboxLog": "[ERROR] TypeError: unhashable type: 'dict'\\n{\"errorMessage\": \"unhashable type: 'dict'\", \"errorType\": \"TypeError\", \"requestId\": \"9cd8a4cf-e806-4dfe-8fd1-3396dfaaf220\", \"stackTrace\": [\"  File \\\"/var/task/app.py\\\", line 31, in lambda_handler\\n    orders, conversion, traderData = trader.run(trading_state)\\n\", \"  File \\\"/var/task/trader.py\\\", line 154, in run\\n    self.POSITIONS = {state.position}\\n\"]}",
  "lambdaLog": "[ERROR] TypeError: unhashable type: 'dict'\\n{\"errorMessage\": \"unhashable type: 'dict'\", \"errorType\": \"TypeError\", \"requestId\": \"9cd8a4cf-e806-4dfe-8fd1-3396dfaaf220\", \"stackTrace\": [\"  File \\\"/var/task/app.py\\\", line 31, in lambda_handler\\n    orders, conversion, traderData = trader.run(trading_state)\\n\", \"  File \\\"/var/task/trader.py\\\", line 154, in run\\n    self.POSITIONS = {state.position}\\n\"]}",
  "timestamp": 1700
}
{
  "sandboxLog": "[ERROR] TypeError: unhashable type: 'dict'\\n{\"errorMessage\": \"unhashable type: 'dict'\", \"errorType\": \"TypeError\", \"requestId\": \"844862c6-4f71-4ffc-b14d-a692b9f36ae4\", \"stackTrace\": [\"  File \\\"/var/task/app.py\\\", line 31, in lambda_handler\\n    orders, conversion, traderData = trader.run(trading_state)\\n\", \"  File \\\"/var/task/trader.py\\\", line 154, in run\\n    self.POSITIONS = {state.position}\\n\"]}",
  "lambdaLog": "[ERROR] TypeError: unhashable type: 'dict'\\n{\"errorMessage\": \"unhashable type: 'dict'\", \"errorType\": \"TypeError\", \"requestId\": \"844862c6-4f71-4ffc-b14d-a692b9f36ae4\", \"stackTrace\": [\"  File \\\"/var/task/app.py\\\", line 31, in lambda_handler\\n    orders, conversion, traderData = trader.run(trading_state)\\n\", \"  File \\\"/var/task/trader.py\\\", line 154, in run\\n    self.POSITIONS = {state.position}\\n\"]}",
  "timestamp": 1800
}
{
  "sandboxLog": "[ERROR] TypeError: unhashable type: 'dict'\\n{\"errorMessage\": \"unhashable type: 'dict'\", \"errorType\": \"TypeError\", \"requestId\": \"63cf3ea2-67ae-47d7-a488-996048bb9047\", \"stackTrace\": [\"  File \\\"/var/task/app.py\\\", line 31, in lambda_handler\\n    orders, conversion, traderData = trader.run(trading_state)\\n\", \"  File \\\"/var/task/trader.py\\\", line 154, in run\\n    self.POSITIONS = {state.position}\\n\"]}",
  "lambdaLog": "[ERROR] TypeError: unhashable type: 'dict'\\n{\"errorMessage\": \"unhashable type: 'dict'\", \"errorType\": \"TypeError\", \"requestId\": \"63cf3ea2-67ae-47d7-a488-996048bb9047\", \"stackTrace\": [\"  File \\\"/var/task/app.py\\\", line 31, in lambda_handler\\n    orders, conversion, traderData = trader.run(trading_state)\\n\", \"  File \\\"/var/task/trader.py\\\", line 154, in run\\n    self.POSITIONS = {state.position}\\n\"]}",
  "timestamp": 1900
}
{
  "sandboxLog": "[ERROR] TypeError: unhashable type: 'dict'\\n{\"errorMessage\": \"unhashable type: 'dict'\", \"errorType\": \"TypeError\", \"requestId\": \"66bfa800-b51d-4519-a5e8-a9ed620b8590\", \"stackTrace\": [\"  File \\\"/var/task/app.py\\\", line 31, in lambda_handler\\n    orders, conversion, traderData = trader.run(trading_state)\\n\", \"  File \\\"/var/task/trader.py\\\", line 154, in run\\n    self.POSITIONS = {state.position}\\n\"]}",
  "lambdaLog": "[ERROR] TypeError: unhashable type: 'dict'\\n{\"errorMessage\": \"unhashable type: 'dict'\", \"errorType\": \"TypeError\", \"requestId\": \"66bfa800-b51d-4519-a5e8-a9ed620b8590\", \"stackTrace\": [\"  File \\\"/var/task/app.py\\\", line 31, in lambda_handler\\n    orders, conversion, traderData = trader.run(trading_state)\\n\", \"  File \\\"/var/task/trader.py\\\", line 154, in run\\n    self.POSITIONS = {state.position}\\n\"]}",
  "timestamp": 2000
}
{
  "sandboxLog": "[ERROR] TypeError: unhashable type: 'dict'\\n{\"errorMessage\": \"unhashable type: 'dict'\", \"errorType\": \"TypeError\", \"requestId\": \"bc08773d-8ce2-4d8f-86f9-3d46becb1127\", \"stackTrace\": [\"  File \\\"/var/task/app.py\\\", line 31, in lambda_handler\\n    orders, conversion, traderData = trader.run(trading_state)\\n\", \"  File \\\"/var/task/trader.py\\\", line 154, in run\\n    self.POSITIONS = {state.position}\\n\"]}",
  "lambdaLog": "[ERROR] TypeError: unhashable type: 'dict'\\n{\"errorMessage\": \"unhashable type: 'dict'\", \"errorType\": \"TypeError\", \"requestId\": \"bc08773d-8ce2-4d8f-86f9-3d46becb1127\", \"stackTrace\": [\"  File \\\"/var/task/app.py\\\", line 31, in lambda_handler\\n    orders, conversion, traderData = trader.run(trading_state)\\n\", \"  File \\\"/var/task/trader.py\\\", line 154, in run\\n    self.POSITIONS = {state.position}\\n\"]}",
  "timestamp": 2100
}
{
  "sandboxLog": "[ERROR] TypeError: unhashable type: 'dict'\\n{\"errorMessage\": \"unhashable type: 'dict'\", \"errorType\": \"TypeError\", \"requestId\": \"d40adc7a-c815-44b7-ad91-fa3a82c6a77b\", \"stackTrace\": [\"  File \\\"/var/task/app.py\\\", line 31, in lambda_handler\\n    orders, conversion, traderData = trader.run(trading_state)\\n\", \"  File \\\"/var/task/trader.py\\\", line 154, in run\\n    self.POSITIONS = {state.position}\\n\"]}",
  "lambdaLog": "[ERROR] TypeError: unhashable type: 'dict'\\n{\"errorMessage\": \"unhashable type: 'dict'\", \"errorType\": \"TypeError\", \"requestId\": \"d40adc7a-c815-44b7-ad91-fa3a82c6a77b\", \"stackTrace\": [\"  File \\\"/var/task/app.py\\\", line 31, in lambda_handler\\n    orders, conversion, traderData = trader.run(trading_state)\\n\", \"  File \\\"/var/task/trader.py\\\", line 154, in run\\n    self.POSITIONS = {state.position}\\n\"]}",
  "timestamp": 2200
}
{
  "sandboxLog": "[ERROR] TypeError: unhashable type: 'dict'\\n{\"errorMessage\": \"unhashable type: 'dict'\", \"errorType\": \"TypeError\", \"requestId\": \"7df96203-cbb3-4755-bec2-ad3a302934c4\", \"stackTrace\": [\"  File \\\"/var/task/app.py\\\", line 31, in lambda_handler\\n    orders, conversion, traderData = trader.run(trading_state)\\n\", \"  File \\\"/var/task/trader.py\\\", line 154, in run\\n    self.POSITIONS = {state.position}\\n\"]}",
  "lambdaLog": "[ERROR] TypeError: unhashable type: 'dict'\\n{\"errorMessage\": \"unhashable type: 'dict'\", \"errorType\": \"TypeError\", \"requestId\": \"7df96203-cbb3-4755-bec2-ad3a302934c4\", \"stackTrace\": [\"  File \\\"/var/task/app.py\\\", line 31, in lambda_handler\\n    orders, conversion, traderData = trader.run(trading_state)\\n\", \"  File \\\"/var/task/trader.py\\\", line 154, in run\\n    self.POSITIONS = {state.position}\\n\"]}",
  "timestamp": 2300
}
{
  "sandboxLog": "[ERROR] TypeError: unhashable type: 'dict'\\n{\"errorMessage\": \"unhashable type: 'dict'\", \"errorType\": \"TypeError\", \"requestId\": \"4368a367-17ea-498c-9ffe-be95465e9c3a\", \"stackTrace\": [\"  File \\\"/var/task/app.py\\\", line 31, in lambda_handler\\n    orders, conversion, traderData = trader.run(trading_state)\\n\", \"  File \\\"/var/task/trader.py\\\", line 154, in run\\n    self.POSITIONS = {state.position}\\n\"]}",
  "lambdaLog": "[ERROR] TypeError: unhashable type: 'dict'\\n{\"errorMessage\": \"unhashable type: 'dict'\", \"errorType\": \"TypeError\", \"requestId\": \"4368a367-17ea-498c-9ffe-be95465e9c3a\", \"stackTrace\": [\"  File \\\"/var/task/app.py\\\", line 31, in lambda_handler\\n    orders, conversion, traderData = trader.run(trading_state)\\n\", \"  File \\\"/var/task/trader.py\\\", line 154, in run\\n    self.POSITIONS = {state.position}\\n\"]}",
  "timestamp": 2400
}
{
  "sandboxLog": "[ERROR] TypeError: unhashable type: 'dict'\\n{\"errorMessage\": \"unhashable type: 'dict'\", \"errorType\": \"TypeError\", \"requestId\": \"98654f4a-52f2-4309-9af9-1b3962f0a149\", \"stackTrace\": [\"  File \\\"/var/task/app.py\\\", line 31, in lambda_handler\\n    orders, conversion, traderData = trader.run(trading_state)\\n\", \"  File \\\"/var/task/trader.py\\\", line 154, in run\\n    self.POSITIONS = {state.position}\\n\"]}",
  "lambdaLog": "[ERROR] TypeError: unhashable type: 'dict'\\n{\"errorMessage\": \"unhashable type: 'dict'\", \"errorType\": \"TypeError\", \"requestId\": \"98654f4a-52f2-4309-9af9-1b3962f0a149\", \"stackTrace\": [\"  File \\\"/var/task/app.py\\\", line 31, in lambda_handler\\n    orders, conversion, traderData = trader.run(trading_state)\\n\", \"  File \\\"/var/task/trader.py\\\", line 154, in run\\n    self.POSITIONS = {state.position}\\n\"]}",
  "timestamp": 2500
}
{
  "sandboxLog": "[ERROR] TypeError: unhashable type: 'dict'\\n{\"errorMessage\": \"unhashable type: 'dict'\", \"errorType\": \"TypeError\", \"requestId\": \"3cb95475-4258-4d98-9ae7-55311a712bf7\", \"stackTrace\": [\"  File \\\"/var/task/app.py\\\", line 31, in lambda_handler\\n    orders, conversion, traderData = trader.run(trading_state)\\n\", \"  File \\\"/var/task/trader.py\\\", line 154, in run\\n    self.POSITIONS = {state.position}\\n\"]}",
  "lambdaLog": "[ERROR] TypeError: unhashable type: 'dict'\\n{\"errorMessage\": \"unhashable type: 'dict'\", \"errorType\": \"TypeError\", \"requestId\": \"3cb95475-4258-4d98-9ae7-55311a712bf7\", \"stackTrace\": [\"  File \\\"/var/task/app.py\\\", line 31, in lambda_handler\\n    orders, conversion, traderData = trader.run(trading_state)\\n\", \"  File \\\"/var/task/trader.py\\\", line 154, in run\\n    self.POSITIONS = {state.position}\\n\"]}",
  "timestamp": 2600
}
{
  "sandboxLog": "[ERROR] TypeError: unhashable type: 'dict'\\n{\"errorMessage\": \"unhashable type: 'dict'\", \"errorType\": \"TypeError\", \"requestId\": \"b53c569c-bebe-460c-af1d-c36bfccc02bd\", \"stackTrace\": [\"  File \\\"/var/task/app.py\\\", line 31, in lambda_handler\\n    orders, conversion, traderData = trader.run(trading_state)\\n\", \"  File \\\"/var/task/trader.py\\\", line 154, in run\\n    self.POSITIONS = {state.position}\\n\"]}",
  "lambdaLog": "[ERROR] TypeError: unhashable type: 'dict'\\n{\"errorMessage\": \"unhashable type: 'dict'\", \"errorType\": \"TypeError\", \"requestId\": \"b53c569c-bebe-460c-af1d-c36bfccc02bd\", \"stackTrace\": [\"  File \\\"/var/task/app.py\\\", line 31, in lambda_handler\\n    orders, conversion, traderData = trader.run(trading_state)\\n\", \"  File \\\"/var/task/trader.py\\\", line 154, in run\\n    self.POSITIONS = {state.position}\\n\"]}",
  "timestamp": 2700
}
{
  "sandboxLog": "[ERROR] TypeError: unhashable type: 'dict'\\n{\"errorMessage\": \"unhashable type: 'dict'\", \"errorType\": \"TypeError\", \"requestId\": \"98bf5774-7ca9-4cd2-9577-6e3491645892\", \"stackTrace\": [\"  File \\\"/var/task/app.py\\\", line 31, in lambda_handler\\n    orders, conversion, traderData = trader.run(trading_state)\\n\", \"  File \\\"/var/task/trader.py\\\", line 154, in run\\n    self.POSITIONS = {state.position}\\n\"]}",
  "lambdaLog": "[ERROR] TypeError: unhashable type: 'dict'\\n{\"errorMessage\": \"unhashable type: 'dict'\", \"errorType\": \"TypeError\", \"requestId\": \"98bf5774-7ca9-4cd2-9577-6e3491645892\", \"stackTrace\": [\"  File \\\"/var/task/app.py\\\", line 31, in lambda_handler\\n    orders, conversion, traderData = trader.run(trading_state)\\n\", \"  File \\\"/var/task/trader.py\\\", line 154, in run\\n    self.POSITIONS = {state.position}\\n\"]}",
  "timestamp": 2800
}
{
  "sandboxLog": "[ERROR] TypeError: unhashable type: 'dict'\\n{\"errorMessage\": \"unhashable type: 'dict'\", \"errorType\": \"TypeError\", \"requestId\": \"5305c4d6-0a24-48fa-a30e-f5eb2091af7e\", \"stackTrace\": [\"  File \\\"/var/task/app.py\\\", line 31, in lambda_handler\\n    orders, conversion, traderData = trader.run(trading_state)\\n\", \"  File \\\"/var/task/trader.py\\\", line 154, in run\\n    self.POSITIONS = {state.position}\\n\"]}",
  "lambdaLog": "[ERROR] TypeError: unhashable type: 'dict'\\n{\"errorMessage\": \"unhashable type: 'dict'\", \"errorType\": \"TypeError\", \"requestId\": \"5305c4d6-0a24-48fa-a30e-f5eb2091af7e\", \"stackTrace\": [\"  File \\\"/var/task/app.py\\\", line 31, in lambda_handler\\n    orders, conversion, traderData = trader.run(trading_state)\\n\", \"  File \\\"/var/task/trader.py\\\", line 154, in run\\n    self.POSITIONS = {state.position}\\n\"]}",
  "timestamp": 2900
}
{
  "sandboxLog": "[ERROR] TypeError: unhashable type: 'dict'\\n{\"errorMessage\": \"unhashable type: 'dict'\", \"errorType\": \"TypeError\", \"requestId\": \"0953dddd-efb8-476a-9bbe-1016bac2d63c\", \"stackTrace\": [\"  File \\\"/var/task/app.py\\\", line 31, in lambda_handler\\n    orders, conversion, traderData = trader.run(trading_state)\\n\", \"  File \\\"/var/task/trader.py\\\", line 154, in run\\n    self.POSITIONS = {state.position}\\n\"]}",
  "lambdaLog": "[ERROR] TypeError: unhashable type: 'dict'\\n{\"errorMessage\": \"unhashable type: 'dict'\", \"errorType\": \"TypeError\", \"requestId\": \"0953dddd-efb8-476a-9bbe-1016bac2d63c\", \"stackTrace\": [\"  File \\\"/var/task/app.py\\\", line 31, in lambda_handler\\n    orders, conversion, traderData = trader.run(trading_state)\\n\", \"  File \\\"/var/task/trader.py\\\", line 154, in run\\n    self.POSITIONS = {state.position}\\n\"]}",
  "timestamp": 3000
}
{
  "sandboxLog": "[ERROR] TypeError: unhashable type: 'dict'\\n{\"errorMessage\": \"unhashable type: 'dict'\", \"errorType\": \"TypeError\", \"requestId\": \"bb85f203-057b-4aa0-9835-b61da9f5d68e\", \"stackTrace\": [\"  File \\\"/var/task/app.py\\\", line 31, in lambda_handler\\n    orders, conversion, traderData = trader.run(trading_state)\\n\", \"  File \\\"/var/task/trader.py\\\", line 154, in run\\n    self.POSITIONS = {state.position}\\n\"]}",
  "lambdaLog": "[ERROR] TypeError: unhashable type: 'dict'\\n{\"errorMessage\": \"unhashable type: 'dict'\", \"errorType\": \"TypeError\", \"requestId\": \"bb85f203-057b-4aa0-9835-b61da9f5d68e\", \"stackTrace\": [\"  File \\\"/var/task/app.py\\\", line 31, in lambda_handler\\n    orders, conversion, traderData = trader.run(trading_state)\\n\", \"  File \\\"/var/task/trader.py\\\", line 154, in run\\n    self.POSITIONS = {state.position}\\n\"]}",
  "timestamp": 3100
}
{
  "sandboxLog": "[ERROR] TypeError: unhashable type: 'dict'\\n{\"errorMessage\": \"unhashable type: 'dict'\", \"errorType\": \"TypeError\", \"requestId\": \"3056d6d9-1ac9-4d90-85d8-37d7f6f88512\", \"stackTrace\": [\"  File \\\"/var/task/app.py\\\", line 31, in lambda_handler\\n    orders, conversion, traderData = trader.run(trading_state)\\n\", \"  File \\\"/var/task/trader.py\\\", line 154, in run\\n    self.POSITIONS = {state.position}\\n\"]}",
  "lambdaLog": "[ERROR] TypeError: unhashable type: 'dict'\\n{\"errorMessage\": \"unhashable type: 'dict'\", \"errorType\": \"TypeError\", \"requestId\": \"3056d6d9-1ac9-4d90-85d8-37d7f6f88512\", \"stackTrace\": [\"  File \\\"/var/task/app.py\\\", line 31, in lambda_handler\\n    orders, conversion, traderData = trader.run(trading_state)\\n\", \"  File \\\"/var/task/trader.py\\\", line 154, in run\\n    self.POSITIONS = {state.position}\\n\"]}",
  "timestamp": 3200
}
{
  "sandboxLog": "[ERROR] TypeError: unhashable type: 'dict'\\n{\"errorMessage\": \"unhashable type: 'dict'\", \"errorType\": \"TypeError\", \"requestId\": \"c6dfcece-1821-44e3-8335-87381a8e8e8f\", \"stackTrace\": [\"  File \\\"/var/task/app.py\\\", line 31, in lambda_handler\\n    orders, conversion, traderData = trader.run(trading_state)\\n\", \"  File \\\"/var/task/trader.py\\\", line 154, in run\\n    self.POSITIONS = {state.position}\\n\"]}",
  "lambdaLog": "[ERROR] TypeError: unhashable type: 'dict'\\n{\"errorMessage\": \"unhashable type: 'dict'\", \"errorType\": \"TypeError\", \"requestId\": \"c6dfcece-1821-44e3-8335-87381a8e8e8f\", \"stackTrace\": [\"  File \\\"/var/task/app.py\\\", line 31, in lambda_handler\\n    orders, conversion, traderData = trader.run(trading_state)\\n\", \"  File \\\"/var/task/trader.py\\\", line 154, in run\\n    self.POSITIONS = {state.position}\\n\"]}",
  "timestamp": 3300
}
{
  "sandboxLog": "[ERROR] TypeError: unhashable type: 'dict'\\n{\"errorMessage\": \"unhashable type: 'dict'\", \"errorType\": \"TypeError\", \"requestId\": \"b1cfa9c4-9b05-4719-b0f4-2ba833918730\", \"stackTrace\": [\"  File \\\"/var/task/app.py\\\", line 31, in lambda_handler\\n    orders, conversion, traderData = trader.run(trading_state)\\n\", \"  File \\\"/var/task/trader.py\\\", line 154, in run\\n    self.POSITIONS = {state.position}\\n\"]}",
  "lambdaLog": "[ERROR] TypeError: unhashable type: 'dict'\\n{\"errorMessage\": \"unhashable type: 'dict'\", \"errorType\": \"TypeError\", \"requestId\": \"b1cfa9c4-9b05-4719-b0f4-2ba833918730\", \"stackTrace\": [\"  File \\\"/var/task/app.py\\\", line 31, in lambda_handler\\n    orders, conversion, traderData = trader.run(trading_state)\\n\", \"  File \\\"/var/task/trader.py\\\", line 154, in run\\n    self.POSITIONS = {state.position}\\n\"]}",
  "timestamp": 3400
}
{
  "sandboxLog": "[ERROR] TypeError: unhashable type: 'dict'\\n{\"errorMessage\": \"unhashable type: 'dict'\", \"errorType\": \"TypeError\", \"requestId\": \"ebaee432-667d-496e-8018-fa6dab91cf43\", \"stackTrace\": [\"  File \\\"/var/task/app.py\\\", line 31, in lambda_handler\\n    orders, conversion, traderData = trader.run(trading_state)\\n\", \"  File \\\"/var/task/trader.py\\\", line 154, in run\\n    self.POSITIONS = {state.position}\\n\"]}",
  "lambdaLog": "[ERROR] TypeError: unhashable type: 'dict'\\n{\"errorMessage\": \"unhashable type: 'dict'\", \"errorType\": \"TypeError\", \"requestId\": \"ebaee432-667d-496e-8018-fa6dab91cf43\", \"stackTrace\": [\"  File \\\"/var/task/app.py\\\", line 31, in lambda_handler\\n    orders, conversion, traderData = trader.run(trading_state)\\n\", \"  File \\\"/var/task/trader.py\\\", line 154, in run\\n    self.POSITIONS = {state.position}\\n\"]}",
  "timestamp": 3500
}
{
  "sandboxLog": "[ERROR] TypeError: unhashable type: 'dict'\\n{\"errorMessage\": \"unhashable type: 'dict'\", \"errorType\": \"TypeError\", \"requestId\": \"0df5cfa8-dd16-4caa-802a-53674c25751b\", \"stackTrace\": [\"  File \\\"/var/task/app.py\\\", line 31, in lambda_handler\\n    orders, conversion, traderData = trader.run(trading_state)\\n\", \"  File \\\"/var/task/trader.py\\\", line 154, in run\\n    self.POSITIONS = {state.position}\\n\"]}",
  "lambdaLog": "[ERROR] TypeError: unhashable type: 'dict'\\n{\"errorMessage\": \"unhashable type: 'dict'\", \"errorType\": \"TypeError\", \"requestId\": \"0df5cfa8-dd16-4caa-802a-53674c25751b\", \"stackTrace\": [\"  File \\\"/var/task/app.py\\\", line 31, in lambda_handler\\n    orders, conversion, traderData = trader.run(trading_state)\\n\", \"  File \\\"/var/task/trader.py\\\", line 154, in run\\n    self.POSITIONS = {state.position}\\n\"]}",
  "timestamp": 3600
}
{
  "sandboxLog": "[ERROR] TypeError: unhashable type: 'dict'\\n{\"errorMessage\": \"unhashable type: 'dict'\", \"errorType\": \"TypeError\", \"requestId\": \"b7188f90-b789-4061-8fb8-1512f1ea42b6\", \"stackTrace\": [\"  File \\\"/var/task/app.py\\\", line 31, in lambda_handler\\n    orders, conversion, traderData = trader.run(trading_state)\\n\", \"  File \\\"/var/task/trader.py\\\", line 154, in run\\n    self.POSITIONS = {state.position}\\n\"]}",
  "lambdaLog": "[ERROR] TypeError: unhashable type: 'dict'\\n{\"errorMessage\": \"unhashable type: 'dict'\", \"errorType\": \"TypeError\", \"requestId\": \"b7188f90-b789-4061-8fb8-1512f1ea42b6\", \"stackTrace\": [\"  File \\\"/var/task/app.py\\\", line 31, in lambda_handler\\n    orders, conversion, traderData = trader.run(trading_state)\\n\", \"  File \\\"/var/task/trader.py\\\", line 154, in run\\n    self.POSITIONS = {state.position}\\n\"]}",
  "timestamp": 3700
}
{
  "sandboxLog": "[ERROR] TypeError: unhashable type: 'dict'\\n{\"errorMessage\": \"unhashable type: 'dict'\", \"errorType\": \"TypeError\", \"requestId\": \"99d9161d-e927-41da-b0a9-f9d409189bb1\", \"stackTrace\": [\"  File \\\"/var/task/app.py\\\", line 31, in lambda_handler\\n    orders, conversion, traderData = trader.run(trading_state)\\n\", \"  File \\\"/var/task/trader.py\\\", line 154, in run\\n    self.POSITIONS = {state.position}\\n\"]}",
  "lambdaLog": "[ERROR] TypeError: unhashable type: 'dict'\\n{\"errorMessage\": \"unhashable type: 'dict'\", \"errorType\": \"TypeError\", \"requestId\": \"99d9161d-e927-41da-b0a9-f9d409189bb1\", \"stackTrace\": [\"  File \\\"/var/task/app.py\\\", line 31, in lambda_handler\\n    orders, conversion, traderData = trader.run(trading_state)\\n\", \"  File \\\"/var/task/trader.py\\\", line 154, in run\\n    self.POSITIONS = {state.position}\\n\"]}",
  "timestamp": 3800
}
{
  "sandboxLog": "[ERROR] TypeError: unhashable type: 'dict'\\n{\"errorMessage\": \"unhashable type: 'dict'\", \"errorType\": \"TypeError\", \"requestId\": \"9c52bc79-684e-4bc7-940b-b43b468d26a7\", \"stackTrace\": [\"  File \\\"/var/task/app.py\\\", line 31, in lambda_handler\\n    orders, conversion, traderData = trader.run(trading_state)\\n\", \"  File \\\"/var/task/trader.py\\\", line 154, in run\\n    self.POSITIONS = {state.position}\\n\"]}",
  "lambdaLog": "[ERROR] TypeError: unhashable type: 'dict'\\n{\"errorMessage\": \"unhashable type: 'dict'\", \"errorType\": \"TypeError\", \"requestId\": \"9c52bc79-684e-4bc7-940b-b43b468d26a7\", \"stackTrace\": [\"  File \\\"/var/task/app.py\\\", line 31, in lambda_handler\\n    orders, conversion, traderData = trader.run(trading_state)\\n\", \"  File \\\"/var/task/trader.py\\\", line 154, in run\\n    self.POSITIONS = {state.position}\\n\"]}",
  "timestamp": 3900
}
{
  "sandboxLog": "[ERROR] TypeError: unhashable type: 'dict'\\n{\"errorMessage\": \"unhashable type: 'dict'\", \"errorType\": \"TypeError\", \"requestId\": \"4e84b8ba-d2e7-4845-b3f1-262f573b7099\", \"stackTrace\": [\"  File \\\"/var/task/app.py\\\", line 31, in lambda_handler\\n    orders, conversion, traderData = trader.run(trading_state)\\n\", \"  File \\\"/var/task/trader.py\\\", line 154, in run\\n    self.POSITIONS = {state.position}\\n\"]}",
  "lambdaLog": "[ERROR] TypeError: unhashable type: 'dict'\\n{\"errorMessage\": \"unhashable type: 'dict'\", \"errorType\": \"TypeError\", \"requestId\": \"4e84b8ba-d2e7-4845-b3f1-262f573b7099\", \"stackTrace\": [\"  File \\\"/var/task/app.py\\\", line 31, in lambda_handler\\n    orders, conversion, traderData = trader.run(trading_state)\\n\", \"  File \\\"/var/task/trader.py\\\", line 154, in run\\n    self.POSITIONS = {state.position}\\n\"]}",
  "timestamp": 4000
}
{
  "sandboxLog": "[ERROR] TypeError: unhashable type: 'dict'\\n{\"errorMessage\": \"unhashable type: 'dict'\", \"errorType\": \"TypeError\", \"requestId\": \"c34ae1ae-5942-4046-901e-9aab9ac2bece\", \"stackTrace\": [\"  File \\\"/var/task/app.py\\\", line 31, in lambda_handler\\n    orders, conversion, traderData = trader.run(trading_state)\\n\", \"  File \\\"/var/task/trader.py\\\", line 154, in run\\n    self.POSITIONS = {state.position}\\n\"]}",
  "lambdaLog": "[ERROR] TypeError: unhashable type: 'dict'\\n{\"errorMessage\": \"unhashable type: 'dict'\", \"errorType\": \"TypeError\", \"requestId\": \"c34ae1ae-5942-4046-901e-9aab9ac2bece\", \"stackTrace\": [\"  File \\\"/var/task/app.py\\\", line 31, in lambda_handler\\n    orders, conversion, traderData = trader.run(trading_state)\\n\", \"  File \\\"/var/task/trader.py\\\", line 154, in run\\n    self.POSITIONS = {state.position}\\n\"]}",
  "timestamp": 4100
}
{
  "sandboxLog": "[ERROR] TypeError: unhashable type: 'dict'\\n{\"errorMessage\": \"unhashable type: 'dict'\", \"errorType\": \"TypeError\", \"requestId\": \"2080567b-b469-432e-b499-28ccee3d8a22\", \"stackTrace\": [\"  File \\\"/var/task/app.py\\\", line 31, in lambda_handler\\n    orders, conversion, traderData = trader.run(trading_state)\\n\", \"  File \\\"/var/task/trader.py\\\", line 154, in run\\n    self.POSITIONS = {state.position}\\n\"]}",
  "lambdaLog": "[ERROR] TypeError: unhashable type: 'dict'\\n{\"errorMessage\": \"unhashable type: 'dict'\", \"errorType\": \"TypeError\", \"requestId\": \"2080567b-b469-432e-b499-28ccee3d8a22\", \"stackTrace\": [\"  File \\\"/var/task/app.py\\\", line 31, in lambda_handler\\n    orders, conversion, traderData = trader.run(trading_state)\\n\", \"  File \\\"/var/task/trader.py\\\", line 154, in run\\n    self.POSITIONS = {state.position}\\n\"]}",
  "timestamp": 4200
}
{
  "sandboxLog": "[ERROR] TypeError: unhashable type: 'dict'\\n{\"errorMessage\": \"unhashable type: 'dict'\", \"errorType\": \"TypeError\", \"requestId\": \"17157d9c-5804-48cf-b7d4-fc2b42cb26d0\", \"stackTrace\": [\"  File \\\"/var/task/app.py\\\", line 31, in lambda_handler\\n    orders, conversion, traderData = trader.run(trading_state)\\n\", \"  File \\\"/var/task/trader.py\\\", line 154, in run\\n    self.POSITIONS = {state.position}\\n\"]}",
  "lambdaLog": "[ERROR] TypeError: unhashable type: 'dict'\\n{\"errorMessage\": \"unhashable type: 'dict'\", \"errorType\": \"TypeError\", \"requestId\": \"17157d9c-5804-48cf-b7d4-fc2b42cb26d0\", \"stackTrace\": [\"  File \\\"/var/task/app.py\\\", line 31, in lambda_handler\\n    orders, conversion, traderData = trader.run(trading_state)\\n\", \"  File \\\"/var/task/trader.py\\\", line 154, in run\\n    self.POSITIONS = {state.position}\\n\"]}",
  "timestamp": 4300
}
{
  "sandboxLog": "[ERROR] TypeError: unhashable type: 'dict'\\n{\"errorMessage\": \"unhashable type: 'dict'\", \"errorType\": \"TypeError\", \"requestId\": \"645e57ca-4eba-42d3-a039-fbcf75e05efd\", \"stackTrace\": [\"  File \\\"/var/task/app.py\\\", line 31, in lambda_handler\\n    orders, conversion, traderData = trader.run(trading_state)\\n\", \"  File \\\"/var/task/trader.py\\\", line 154, in run\\n    self.POSITIONS = {state.position}\\n\"]}",
  "lambdaLog": "[ERROR] TypeError: unhashable type: 'dict'\\n{\"errorMessage\": \"unhashable type: 'dict'\", \"errorType\": \"TypeError\", \"requestId\": \"645e57ca-4eba-42d3-a039-fbcf75e05efd\", \"stackTrace\": [\"  File \\\"/var/task/app.py\\\", line 31, in lambda_handler\\n    orders, conversion, traderData = trader.run(trading_state)\\n\", \"  File \\\"/var/task/trader.py\\\", line 154, in run\\n    self.POSITIONS = {state.position}\\n\"]}",
  "timestamp": 4400
}
{
  "sandboxLog": "[ERROR] TypeError: unhashable type: 'dict'\\n{\"errorMessage\": \"unhashable type: 'dict'\", \"errorType\": \"TypeError\", \"requestId\": \"a95171a0-3e6b-41bd-81e6-e5ce76045107\", \"stackTrace\": [\"  File \\\"/var/task/app.py\\\", line 31, in lambda_handler\\n    orders, conversion, traderData = trader.run(trading_state)\\n\", \"  File \\\"/var/task/trader.py\\\", line 154, in run\\n    self.POSITIONS = {state.position}\\n\"]}",
  "lambdaLog": "[ERROR] TypeError: unhashable type: 'dict'\\n{\"errorMessage\": \"unhashable type: 'dict'\", \"errorType\": \"TypeError\", \"requestId\": \"a95171a0-3e6b-41bd-81e6-e5ce76045107\", \"stackTrace\": [\"  File \\\"/var/task/app.py\\\", line 31, in lambda_handler\\n    orders, conversion, traderData = trader.run(trading_state)\\n\", \"  File \\\"/var/task/trader.py\\\", line 154, in run\\n    self.POSITIONS = {state.position}\\n\"]}",
  "timestamp": 4500
}
{
  "sandboxLog": "[ERROR] TypeError: unhashable type: 'dict'\\n{\"errorMessage\": \"unhashable type: 'dict'\", \"errorType\": \"TypeError\", \"requestId\": \"18bd0a71-2b66-432b-9bc1-44f9b5b191fb\", \"stackTrace\": [\"  File \\\"/var/task/app.py\\\", line 31, in lambda_handler\\n    orders, conversion, traderData = trader.run(trading_state)\\n\", \"  File \\\"/var/task/trader.py\\\", line 154, in run\\n    self.POSITIONS = {state.position}\\n\"]}",
  "lambdaLog": "[ERROR] TypeError: unhashable type: 'dict'\\n{\"errorMessage\": \"unhashable type: 'dict'\", \"errorType\": \"TypeError\", \"requestId\": \"18bd0a71-2b66-432b-9bc1-44f9b5b191fb\", \"stackTrace\": [\"  File \\\"/var/task/app.py\\\", line 31, in lambda_handler\\n    orders, conversion, traderData = trader.run(trading_state)\\n\", \"  File \\\"/var/task/trader.py\\\", line 154, in run\\n    self.POSITIONS = {state.position}\\n\"]}",
  "timestamp": 4600
}
{
  "sandboxLog": "[ERROR] TypeError: unhashable type: 'dict'\\n{\"errorMessage\": \"unhashable type: 'dict'\", \"errorType\": \"TypeError\", \"requestId\": \"2e644ee1-7441-4ec3-9150-6571754ebfe2\", \"stackTrace\": [\"  File \\\"/var/task/app.py\\\", line 31, in lambda_handler\\n    orders, conversion, traderData = trader.run(trading_state)\\n\", \"  File \\\"/var/task/trader.py\\\", line 154, in run\\n    self.POSITIONS = {state.position}\\n\"]}",
  "lambdaLog": "[ERROR] TypeError: unhashable type: 'dict'\\n{\"errorMessage\": \"unhashable type: 'dict'\", \"errorType\": \"TypeError\", \"requestId\": \"2e644ee1-7441-4ec3-9150-6571754ebfe2\", \"stackTrace\": [\"  File \\\"/var/task/app.py\\\", line 31, in lambda_handler\\n    orders, conversion, traderData = trader.run(trading_state)\\n\", \"  File \\\"/var/task/trader.py\\\", line 154, in run\\n    self.POSITIONS = {state.position}\\n\"]}",
  "timestamp": 4700
}
{
  "sandboxLog": "[ERROR] TypeError: unhashable type: 'dict'\\n{\"errorMessage\": \"unhashable type: 'dict'\", \"errorType\": \"TypeError\", \"requestId\": \"60f84e96-daf2-48a2-844f-598de1df3631\", \"stackTrace\": [\"  File \\\"/var/task/app.py\\\", line 31, in lambda_handler\\n    orders, conversion, traderData = trader.run(trading_state)\\n\", \"  File \\\"/var/task/trader.py\\\", line 154, in run\\n    self.POSITIONS = {state.position}\\n\"]}",
  "lambdaLog": "[ERROR] TypeError: unhashable type: 'dict'\\n{\"errorMessage\": \"unhashable type: 'dict'\", \"errorType\": \"TypeError\", \"requestId\": \"60f84e96-daf2-48a2-844f-598de1df3631\", \"stackTrace\": [\"  File \\\"/var/task/app.py\\\", line 31, in lambda_handler\\n    orders, conversion, traderData = trader.run(trading_state)\\n\", \"  File \\\"/var/task/trader.py\\\", line 154, in run\\n    self.POSITIONS = {state.position}\\n\"]}",
  "timestamp": 4800
}
{
  "sandboxLog": "[ERROR] TypeError: unhashable type: 'dict'\\n{\"errorMessage\": \"unhashable type: 'dict'\", \"errorType\": \"TypeError\", \"requestId\": \"8960b7c4-aaa7-4c94-aba9-a955f8584916\", \"stackTrace\": [\"  File \\\"/var/task/app.py\\\", line 31, in lambda_handler\\n    orders, conversion, traderData = trader.run(trading_state)\\n\", \"  File \\\"/var/task/trader.py\\\", line 154, in run\\n    self.POSITIONS = {state.position}\\n\"]}",
  "lambdaLog": "[ERROR] TypeError: unhashable type: 'dict'\\n{\"errorMessage\": \"unhashable type: 'dict'\", \"errorType\": \"TypeError\", \"requestId\": \"8960b7c4-aaa7-4c94-aba9-a955f8584916\", \"stackTrace\": [\"  File \\\"/var/task/app.py\\\", line 31, in lambda_handler\\n    orders, conversion, traderData = trader.run(trading_state)\\n\", \"  File \\\"/var/task/trader.py\\\", line 154, in run\\n    self.POSITIONS = {state.position}\\n\"]}",
  "timestamp": 4900
}
{
  "sandboxLog": "[ERROR] TypeError: unhashable type: 'dict'\\n{\"errorMessage\": \"unhashable type: 'dict'\", \"errorType\": \"TypeError\", \"requestId\": \"ef1d8a3c-6c03-479c-a5a2-81a98b665dd6\", \"stackTrace\": [\"  File \\\"/var/task/app.py\\\", line 31, in lambda_handler\\n    orders, conversion, traderData = trader.run(trading_state)\\n\", \"  File \\\"/var/task/trader.py\\\", line 154, in run\\n    self.POSITIONS = {state.position}\\n\"]}",
  "lambdaLog": "[ERROR] TypeError: unhashable type: 'dict'\\n{\"errorMessage\": \"unhashable type: 'dict'\", \"errorType\": \"TypeError\", \"requestId\": \"ef1d8a3c-6c03-479c-a5a2-81a98b665dd6\", \"stackTrace\": [\"  File \\\"/var/task/app.py\\\", line 31, in lambda_handler\\n    orders, conversion, traderData = trader.run(trading_state)\\n\", \"  File \\\"/var/task/trader.py\\\", line 154, in run\\n    self.POSITIONS = {state.position}\\n\"]}",
  "timestamp": 5000
}
{
  "sandboxLog": "[ERROR] TypeError: unhashable type: 'dict'\\n{\"errorMessage\": \"unhashable type: 'dict'\", \"errorType\": \"TypeError\", \"requestId\": \"b369f37a-9e05-4b4c-855b-4f442e472bb1\", \"stackTrace\": [\"  File \\\"/var/task/app.py\\\", line 31, in lambda_handler\\n    orders, conversion, traderData = trader.run(trading_state)\\n\", \"  File \\\"/var/task/trader.py\\\", line 154, in run\\n    self.POSITIONS = {state.position}\\n\"]}",
  "lambdaLog": "[ERROR] TypeError: unhashable type: 'dict'\\n{\"errorMessage\": \"unhashable type: 'dict'\", \"errorType\": \"TypeError\", \"requestId\": \"b369f37a-9e05-4b4c-855b-4f442e472bb1\", \"stackTrace\": [\"  File \\\"/var/task/app.py\\\", line 31, in lambda_handler\\n    orders, conversion, traderData = trader.run(trading_state)\\n\", \"  File \\\"/var/task/trader.py\\\", line 154, in run\\n    self.POSITIONS = {state.position}\\n\"]}",
  "timestamp": 5100
}
{
  "sandboxLog": "[ERROR] TypeError: unhashable type: 'dict'\\n{\"errorMessage\": \"unhashable type: 'dict'\", \"errorType\": \"TypeError\", \"requestId\": \"ce6c2185-8d67-4a53-bcc5-ae231e6571e6\", \"stackTrace\": [\"  File \\\"/var/task/app.py\\\", line 31, in lambda_handler\\n    orders, conversion, traderData = trader.run(trading_state)\\n\", \"  File \\\"/var/task/trader.py\\\", line 154, in run\\n    self.POSITIONS = {state.position}\\n\"]}",
  "lambdaLog": "[ERROR] TypeError: unhashable type: 'dict'\\n{\"errorMessage\": \"unhashable type: 'dict'\", \"errorType\": \"TypeError\", \"requestId\": \"ce6c2185-8d67-4a53-bcc5-ae231e6571e6\", \"stackTrace\": [\"  File \\\"/var/task/app.py\\\", line 31, in lambda_handler\\n    orders, conversion, traderData = trader.run(trading_state)\\n\", \"  File \\\"/var/task/trader.py\\\", line 154, in run\\n    self.POSITIONS = {state.position}\\n\"]}",
  "timestamp": 5200
}
{
  "sandboxLog": "[ERROR] TypeError: unhashable type: 'dict'\\n{\"errorMessage\": \"unhashable type: 'dict'\", \"errorType\": \"TypeError\", \"requestId\": \"178e80db-3fb0-422a-91a2-66b5e65e2731\", \"stackTrace\": [\"  File \\\"/var/task/app.py\\\", line 31, in lambda_handler\\n    orders, conversion, traderData = trader.run(trading_state)\\n\", \"  File \\\"/var/task/trader.py\\\", line 154, in run\\n    self.POSITIONS = {state.position}\\n\"]}",
  "lambdaLog": "[ERROR] TypeError: unhashable type: 'dict'\\n{\"errorMessage\": \"unhashable type: 'dict'\", \"errorType\": \"TypeError\", \"requestId\": \"178e80db-3fb0-422a-91a2-66b5e65e2731\", \"stackTrace\": [\"  File \\\"/var/task/app.py\\\", line 31, in lambda_handler\\n    orders, conversion, traderData = trader.run(trading_state)\\n\", \"  File \\\"/var/task/trader.py\\\", line 154, in run\\n    self.POSITIONS = {state.position}\\n\"]}",
  "timestamp": 5300
}
{
  "sandboxLog": "[ERROR] TypeError: unhashable type: 'dict'\\n{\"errorMessage\": \"unhashable type: 'dict'\", \"errorType\": \"TypeError\", \"requestId\": \"72189c6b-77c6-4c01-a21c-4f475b2df3aa\", \"stackTrace\": [\"  File \\\"/var/task/app.py\\\", line 31, in lambda_handler\\n    orders, conversion, traderData = trader.run(trading_state)\\n\", \"  File \\\"/var/task/trader.py\\\", line 154, in run\\n    self.POSITIONS = {state.position}\\n\"]}",
  "lambdaLog": "[ERROR] TypeError: unhashable type: 'dict'\\n{\"errorMessage\": \"unhashable type: 'dict'\", \"errorType\": \"TypeError\", \"requestId\": \"72189c6b-77c6-4c01-a21c-4f475b2df3aa\", \"stackTrace\": [\"  File \\\"/var/task/app.py\\\", line 31, in lambda_handler\\n    orders, conversion, traderData = trader.run(trading_state)\\n\", \"  File \\\"/var/task/trader.py\\\", line 154, in run\\n    self.POSITIONS = {state.position}\\n\"]}",
  "timestamp": 5400
}
{
  "sandboxLog": "[ERROR] TypeError: unhashable type: 'dict'\\n{\"errorMessage\": \"unhashable type: 'dict'\", \"errorType\": \"TypeError\", \"requestId\": \"1ece45b1-f6ea-46fb-8646-603613df2812\", \"stackTrace\": [\"  File \\\"/var/task/app.py\\\", line 31, in lambda_handler\\n    orders, conversion, traderData = trader.run(trading_state)\\n\", \"  File \\\"/var/task/trader.py\\\", line 154, in run\\n    self.POSITIONS = {state.position}\\n\"]}",
  "lambdaLog": "[ERROR] TypeError: unhashable type: 'dict'\\n{\"errorMessage\": \"unhashable type: 'dict'\", \"errorType\": \"TypeError\", \"requestId\": \"1ece45b1-f6ea-46fb-8646-603613df2812\", \"stackTrace\": [\"  File \\\"/var/task/app.py\\\", line 31, in lambda_handler\\n    orders, conversion, traderData = trader.run(trading_state)\\n\", \"  File \\\"/var/task/trader.py\\\", line 154, in run\\n    self.POSITIONS = {state.position}\\n\"]}",
  "timestamp": 5500
}
{
  "sandboxLog": "[ERROR] TypeError: unhashable type: 'dict'\\n{\"errorMessage\": \"unhashable type: 'dict'\", \"errorType\": \"TypeError\", \"requestId\": \"0735a1ca-95f2-4f73-9ff2-25d309085852\", \"stackTrace\": [\"  File \\\"/var/task/app.py\\\", line 31, in lambda_handler\\n    orders, conversion, traderData = trader.run(trading_state)\\n\", \"  File \\\"/var/task/trader.py\\\", line 154, in run\\n    self.POSITIONS = {state.position}\\n\"]}",
  "lambdaLog": "[ERROR] TypeError: unhashable type: 'dict'\\n{\"errorMessage\": \"unhashable type: 'dict'\", \"errorType\": \"TypeError\", \"requestId\": \"0735a1ca-95f2-4f73-9ff2-25d309085852\", \"stackTrace\": [\"  File \\\"/var/task/app.py\\\", line 31, in lambda_handler\\n    orders, conversion, traderData = trader.run(trading_state)\\n\", \"  File \\\"/var/task/trader.py\\\", line 154, in run\\n    self.POSITIONS = {state.position}\\n\"]}",
  "timestamp": 5600
}
{
  "sandboxLog": "[ERROR] TypeError: unhashable type: 'dict'\\n{\"errorMessage\": \"unhashable type: 'dict'\", \"errorType\": \"TypeError\", \"requestId\": \"fa6f34c9-c3d7-4ed6-aeb7-50736843b446\", \"stackTrace\": [\"  File \\\"/var/task/app.py\\\", line 31, in lambda_handler\\n    orders, conversion, traderData = trader.run(trading_state)\\n\", \"  File \\\"/var/task/trader.py\\\", line 154, in run\\n    self.POSITIONS = {state.position}\\n\"]}",
  "lambdaLog": "[ERROR] TypeError: unhashable type: 'dict'\\n{\"errorMessage\": \"unhashable type: 'dict'\", \"errorType\": \"TypeError\", \"requestId\": \"fa6f34c9-c3d7-4ed6-aeb7-50736843b446\", \"stackTrace\": [\"  File \\\"/var/task/app.py\\\", line 31, in lambda_handler\\n    orders, conversion, traderData = trader.run(trading_state)\\n\", \"  File \\\"/var/task/trader.py\\\", line 154, in run\\n    self.POSITIONS = {state.position}\\n\"]}",
  "timestamp": 5700
}
{
  "sandboxLog": "[ERROR] TypeError: unhashable type: 'dict'\\n{\"errorMessage\": \"unhashable type: 'dict'\", \"errorType\": \"TypeError\", \"requestId\": \"71ccb623-bb6f-4a0c-967e-093dc5ac461d\", \"stackTrace\": [\"  File \\\"/var/task/app.py\\\", line 31, in lambda_handler\\n    orders, conversion, traderData = trader.run(trading_state)\\n\", \"  File \\\"/var/task/trader.py\\\", line 154, in run\\n    self.POSITIONS = {state.position}\\n\"]}",
  "lambdaLog": "[ERROR] TypeError: unhashable type: 'dict'\\n{\"errorMessage\": \"unhashable type: 'dict'\", \"errorType\": \"TypeError\", \"requestId\": \"71ccb623-bb6f-4a0c-967e-093dc5ac461d\", \"stackTrace\": [\"  File \\\"/var/task/app.py\\\", line 31, in lambda_handler\\n    orders, conversion, traderData = trader.run(trading_state)\\n\", \"  File \\\"/var/task/trader.py\\\", line 154, in run\\n    self.POSITIONS = {state.position}\\n\"]}",
  "timestamp": 5800
}
{
  "sandboxLog": "[ERROR] TypeError: unhashable type: 'dict'\\n{\"errorMessage\": \"unhashable type: 'dict'\", \"errorType\": \"TypeError\", \"requestId\": \"f5a71dd3-aeea-40d7-8382-4ed6c56e6a7f\", \"stackTrace\": [\"  File \\\"/var/task/app.py\\\", line 31, in lambda_handler\\n    orders, conversion, traderData = trader.run(trading_state)\\n\", \"  File \\\"/var/task/trader.py\\\", line 154, in run\\n    self.POSITIONS = {state.position}\\n\"]}",
  "lambdaLog": "[ERROR] TypeError: unhashable type: 'dict'\\n{\"errorMessage\": \"unhashable type: 'dict'\", \"errorType\": \"TypeError\", \"requestId\": \"f5a71dd3-aeea-40d7-8382-4ed6c56e6a7f\", \"stackTrace\": [\"  File \\\"/var/task/app.py\\\", line 31, in lambda_handler\\n    orders, conversion, traderData = trader.run(trading_state)\\n\", \"  File \\\"/var/task/trader.py\\\", line 154, in run\\n    self.POSITIONS = {state.position}\\n\"]}",
  "timestamp": 5900
}
{
  "sandboxLog": "[ERROR] TypeError: unhashable type: 'dict'\\n{\"errorMessage\": \"unhashable type: 'dict'\", \"errorType\": \"TypeError\", \"requestId\": \"f455076d-fc9a-4060-8593-a437a5562380\", \"stackTrace\": [\"  File \\\"/var/task/app.py\\\", line 31, in lambda_handler\\n    orders, conversion, traderData = trader.run(trading_state)\\n\", \"  File \\\"/var/task/trader.py\\\", line 154, in run\\n    self.POSITIONS = {state.position}\\n\"]}",
  "lambdaLog": "[ERROR] TypeError: unhashable type: 'dict'\\n{\"errorMessage\": \"unhashable type: 'dict'\", \"errorType\": \"TypeError\", \"requestId\": \"f455076d-fc9a-4060-8593-a437a5562380\", \"stackTrace\": [\"  File \\\"/var/task/app.py\\\", line 31, in lambda_handler\\n    orders, conversion, traderData = trader.run(trading_state)\\n\", \"  File \\\"/var/task/trader.py\\\", line 154, in run\\n    self.POSITIONS = {state.position}\\n\"]}",
  "timestamp": 6000
}
{
  "sandboxLog": "[ERROR] TypeError: unhashable type: 'dict'\\n{\"errorMessage\": \"unhashable type: 'dict'\", \"errorType\": \"TypeError\", \"requestId\": \"3f1ae2dc-2fcf-4283-82f9-51c730c003d2\", \"stackTrace\": [\"  File \\\"/var/task/app.py\\\", line 31, in lambda_handler\\n    orders, conversion, traderData = trader.run(trading_state)\\n\", \"  File \\\"/var/task/trader.py\\\", line 154, in run\\n    self.POSITIONS = {state.position}\\n\"]}",
  "lambdaLog": "[ERROR] TypeError: unhashable type: 'dict'\\n{\"errorMessage\": \"unhashable type: 'dict'\", \"errorType\": \"TypeError\", \"requestId\": \"3f1ae2dc-2fcf-4283-82f9-51c730c003d2\", \"stackTrace\": [\"  File \\\"/var/task/app.py\\\", line 31, in lambda_handler\\n    orders, conversion, traderData = trader.run(trading_state)\\n\", \"  File \\\"/var/task/trader.py\\\", line 154, in run\\n    self.POSITIONS = {state.position}\\n\"]}",
  "timestamp": 6100
}
{
  "sandboxLog": "[ERROR] TypeError: unhashable type: 'dict'\\n{\"errorMessage\": \"unhashable type: 'dict'\", \"errorType\": \"TypeError\", \"requestId\": \"d8e55e33-5932-4c8a-94d9-4c9f60ebad03\", \"stackTrace\": [\"  File \\\"/var/task/app.py\\\", line 31, in lambda_handler\\n    orders, conversion, traderData = trader.run(trading_state)\\n\", \"  File \\\"/var/task/trader.py\\\", line 154, in run\\n    self.POSITIONS = {state.position}\\n\"]}",
  "lambdaLog": "[ERROR] TypeError: unhashable type: 'dict'\\n{\"errorMessage\": \"unhashable type: 'dict'\", \"errorType\": \"TypeError\", \"requestId\": \"d8e55e33-5932-4c8a-94d9-4c9f60ebad03\", \"stackTrace\": [\"  File \\\"/var/task/app.py\\\", line 31, in lambda_handler\\n    orders, conversion, traderData = trader.run(trading_state)\\n\", \"  File \\\"/var/task/trader.py\\\", line 154, in run\\n    self.POSITIONS = {state.position}\\n\"]}",
  "timestamp": 6200
}
{
  "sandboxLog": "[ERROR] TypeError: unhashable type: 'dict'\\n{\"errorMessage\": \"unhashable type: 'dict'\", \"errorType\": \"TypeError\", \"requestId\": \"9187084f-6342-4b54-b6d2-86a14b232134\", \"stackTrace\": [\"  File \\\"/var/task/app.py\\\", line 31, in lambda_handler\\n    orders, conversion, traderData = trader.run(trading_state)\\n\", \"  File \\\"/var/task/trader.py\\\", line 154, in run\\n    self.POSITIONS = {state.position}\\n\"]}",
  "lambdaLog": "[ERROR] TypeError: unhashable type: 'dict'\\n{\"errorMessage\": \"unhashable type: 'dict'\", \"errorType\": \"TypeError\", \"requestId\": \"9187084f-6342-4b54-b6d2-86a14b232134\", \"stackTrace\": [\"  File \\\"/var/task/app.py\\\", line 31, in lambda_handler\\n    orders, conversion, traderData = trader.run(trading_state)\\n\", \"  File \\\"/var/task/trader.py\\\", line 154, in run\\n    self.POSITIONS = {state.position}\\n\"]}",
  "timestamp": 6300
}
{
  "sandboxLog": "[ERROR] TypeError: unhashable type: 'dict'\\n{\"errorMessage\": \"unhashable type: 'dict'\", \"errorType\": \"TypeError\", \"requestId\": \"e69b0036-c9fb-4ccd-a50e-4c85c157aff4\", \"stackTrace\": [\"  File \\\"/var/task/app.py\\\", line 31, in lambda_handler\\n    orders, conversion, traderData = trader.run(trading_state)\\n\", \"  File \\\"/var/task/trader.py\\\", line 154, in run\\n    self.POSITIONS = {state.position}\\n\"]}",
  "lambdaLog": "[ERROR] TypeError: unhashable type: 'dict'\\n{\"errorMessage\": \"unhashable type: 'dict'\", \"errorType\": \"TypeError\", \"requestId\": \"e69b0036-c9fb-4ccd-a50e-4c85c157aff4\", \"stackTrace\": [\"  File \\\"/var/task/app.py\\\", line 31, in lambda_handler\\n    orders, conversion, traderData = trader.run(trading_state)\\n\", \"  File \\\"/var/task/trader.py\\\", line 154, in run\\n    self.POSITIONS = {state.position}\\n\"]}",
  "timestamp": 6400
}
{
  "sandboxLog": "[ERROR] TypeError: unhashable type: 'dict'\\n{\"errorMessage\": \"unhashable type: 'dict'\", \"errorType\": \"TypeError\", \"requestId\": \"796e2318-252b-46b5-9790-9d61c08e438b\", \"stackTrace\": [\"  File \\\"/var/task/app.py\\\", line 31, in lambda_handler\\n    orders, conversion, traderData = trader.run(trading_state)\\n\", \"  File \\\"/var/task/trader.py\\\", line 154, in run\\n    self.POSITIONS = {state.position}\\n\"]}",
  "lambdaLog": "[ERROR] TypeError: unhashable type: 'dict'\\n{\"errorMessage\": \"unhashable type: 'dict'\", \"errorType\": \"TypeError\", \"requestId\": \"796e2318-252b-46b5-9790-9d61c08e438b\", \"stackTrace\": [\"  File \\\"/var/task/app.py\\\", line 31, in lambda_handler\\n    orders, conversion, traderData = trader.run(trading_state)\\n\", \"  File \\\"/var/task/trader.py\\\", line 154, in run\\n    self.POSITIONS = {state.position}\\n\"]}",
  "timestamp": 6500
}
{
  "sandboxLog": "[ERROR] TypeError: unhashable type: 'dict'\\n{\"errorMessage\": \"unhashable type: 'dict'\", \"errorType\": \"TypeError\", \"requestId\": \"34faaadb-0bbf-4334-a498-5173aa471e08\", \"stackTrace\": [\"  File \\\"/var/task/app.py\\\", line 31, in lambda_handler\\n    orders, conversion, traderData = trader.run(trading_state)\\n\", \"  File \\\"/var/task/trader.py\\\", line 154, in run\\n    self.POSITIONS = {state.position}\\n\"]}",
  "lambdaLog": "[ERROR] TypeError: unhashable type: 'dict'\\n{\"errorMessage\": \"unhashable type: 'dict'\", \"errorType\": \"TypeError\", \"requestId\": \"34faaadb-0bbf-4334-a498-5173aa471e08\", \"stackTrace\": [\"  File \\\"/var/task/app.py\\\", line 31, in lambda_handler\\n    orders, conversion, traderData = trader.run(trading_state)\\n\", \"  File \\\"/var/task/trader.py\\\", line 154, in run\\n    self.POSITIONS = {state.position}\\n\"]}",
  "timestamp": 6600
}
{
  "sandboxLog": "[ERROR] TypeError: unhashable type: 'dict'\\n{\"errorMessage\": \"unhashable type: 'dict'\", \"errorType\": \"TypeError\", \"requestId\": \"bd5185fc-5249-4ef7-b0cc-c839d782502d\", \"stackTrace\": [\"  File \\\"/var/task/app.py\\\", line 31, in lambda_handler\\n    orders, conversion, traderData = trader.run(trading_state)\\n\", \"  File \\\"/var/task/trader.py\\\", line 154, in run\\n    self.POSITIONS = {state.position}\\n\"]}",
  "lambdaLog": "[ERROR] TypeError: unhashable type: 'dict'\\n{\"errorMessage\": \"unhashable type: 'dict'\", \"errorType\": \"TypeError\", \"requestId\": \"bd5185fc-5249-4ef7-b0cc-c839d782502d\", \"stackTrace\": [\"  File \\\"/var/task/app.py\\\", line 31, in lambda_handler\\n    orders, conversion, traderData = trader.run(trading_state)\\n\", \"  File \\\"/var/task/trader.py\\\", line 154, in run\\n    self.POSITIONS = {state.position}\\n\"]}",
  "timestamp": 6700
}
{
  "sandboxLog": "[ERROR] TypeError: unhashable type: 'dict'\\n{\"errorMessage\": \"unhashable type: 'dict'\", \"errorType\": \"TypeError\", \"requestId\": \"41779abb-3cfd-477f-8088-72393cb5e19f\", \"stackTrace\": [\"  File \\\"/var/task/app.py\\\", line 31, in lambda_handler\\n    orders, conversion, traderData = trader.run(trading_state)\\n\", \"  File \\\"/var/task/trader.py\\\", line 154, in run\\n    self.POSITIONS = {state.position}\\n\"]}",
  "lambdaLog": "[ERROR] TypeError: unhashable type: 'dict'\\n{\"errorMessage\": \"unhashable type: 'dict'\", \"errorType\": \"TypeError\", \"requestId\": \"41779abb-3cfd-477f-8088-72393cb5e19f\", \"stackTrace\": [\"  File \\\"/var/task/app.py\\\", line 31, in lambda_handler\\n    orders, conversion, traderData = trader.run(trading_state)\\n\", \"  File \\\"/var/task/trader.py\\\", line 154, in run\\n    self.POSITIONS = {state.position}\\n\"]}",
  "timestamp": 6800
}
{
  "sandboxLog": "[ERROR] TypeError: unhashable type: 'dict'\\n{\"errorMessage\": \"unhashable type: 'dict'\", \"errorType\": \"TypeError\", \"requestId\": \"1513ee76-f3f3-43d7-827b-8e0d78996159\", \"stackTrace\": [\"  File \\\"/var/task/app.py\\\", line 31, in lambda_handler\\n    orders, conversion, traderData = trader.run(trading_state)\\n\", \"  File \\\"/var/task/trader.py\\\", line 154, in run\\n    self.POSITIONS = {state.position}\\n\"]}",
  "lambdaLog": "[ERROR] TypeError: unhashable type: 'dict'\\n{\"errorMessage\": \"unhashable type: 'dict'\", \"errorType\": \"TypeError\", \"requestId\": \"1513ee76-f3f3-43d7-827b-8e0d78996159\", \"stackTrace\": [\"  File \\\"/var/task/app.py\\\", line 31, in lambda_handler\\n    orders, conversion, traderData = trader.run(trading_state)\\n\", \"  File \\\"/var/task/trader.py\\\", line 154, in run\\n    self.POSITIONS = {state.position}\\n\"]}",
  "timestamp": 6900
}
{
  "sandboxLog": "[ERROR] TypeError: unhashable type: 'dict'\\n{\"errorMessage\": \"unhashable type: 'dict'\", \"errorType\": \"TypeError\", \"requestId\": \"e85e2376-dd49-4cde-a8c9-85e0c732d315\", \"stackTrace\": [\"  File \\\"/var/task/app.py\\\", line 31, in lambda_handler\\n    orders, conversion, traderData = trader.run(trading_state)\\n\", \"  File \\\"/var/task/trader.py\\\", line 154, in run\\n    self.POSITIONS = {state.position}\\n\"]}",
  "lambdaLog": "[ERROR] TypeError: unhashable type: 'dict'\\n{\"errorMessage\": \"unhashable type: 'dict'\", \"errorType\": \"TypeError\", \"requestId\": \"e85e2376-dd49-4cde-a8c9-85e0c732d315\", \"stackTrace\": [\"  File \\\"/var/task/app.py\\\", line 31, in lambda_handler\\n    orders, conversion, traderData = trader.run(trading_state)\\n\", \"  File \\\"/var/task/trader.py\\\", line 154, in run\\n    self.POSITIONS = {state.position}\\n\"]}",
  "timestamp": 7000
}
{
  "sandboxLog": "[ERROR] TypeError: unhashable type: 'dict'\\n{\"errorMessage\": \"unhashable type: 'dict'\", \"errorType\": \"TypeError\", \"requestId\": \"85fd1ba9-e35e-4ab8-ba33-d6707a8b7abd\", \"stackTrace\": [\"  File \\\"/var/task/app.py\\\", line 31, in lambda_handler\\n    orders, conversion, traderData = trader.run(trading_state)\\n\", \"  File \\\"/var/task/trader.py\\\", line 154, in run\\n    self.POSITIONS = {state.position}\\n\"]}",
  "lambdaLog": "[ERROR] TypeError: unhashable type: 'dict'\\n{\"errorMessage\": \"unhashable type: 'dict'\", \"errorType\": \"TypeError\", \"requestId\": \"85fd1ba9-e35e-4ab8-ba33-d6707a8b7abd\", \"stackTrace\": [\"  File \\\"/var/task/app.py\\\", line 31, in lambda_handler\\n    orders, conversion, traderData = trader.run(trading_state)\\n\", \"  File \\\"/var/task/trader.py\\\", line 154, in run\\n    self.POSITIONS = {state.position}\\n\"]}",
  "timestamp": 7100
}
{
  "sandboxLog": "[ERROR] TypeError: unhashable type: 'dict'\\n{\"errorMessage\": \"unhashable type: 'dict'\", \"errorType\": \"TypeError\", \"requestId\": \"f0079c1e-3224-4350-83a7-98383b4353f8\", \"stackTrace\": [\"  File \\\"/var/task/app.py\\\", line 31, in lambda_handler\\n    orders, conversion, traderData = trader.run(trading_state)\\n\", \"  File \\\"/var/task/trader.py\\\", line 154, in run\\n    self.POSITIONS = {state.position}\\n\"]}",
  "lambdaLog": "[ERROR] TypeError: unhashable type: 'dict'\\n{\"errorMessage\": \"unhashable type: 'dict'\", \"errorType\": \"TypeError\", \"requestId\": \"f0079c1e-3224-4350-83a7-98383b4353f8\", \"stackTrace\": [\"  File \\\"/var/task/app.py\\\", line 31, in lambda_handler\\n    orders, conversion, traderData = trader.run(trading_state)\\n\", \"  File \\\"/var/task/trader.py\\\", line 154, in run\\n    self.POSITIONS = {state.position}\\n\"]}",
  "timestamp": 7200
}
{
  "sandboxLog": "[ERROR] TypeError: unhashable type: 'dict'\\n{\"errorMessage\": \"unhashable type: 'dict'\", \"errorType\": \"TypeError\", \"requestId\": \"f927da96-85f8-49b0-8fcd-660b781af181\", \"stackTrace\": [\"  File \\\"/var/task/app.py\\\", line 31, in lambda_handler\\n    orders, conversion, traderData = trader.run(trading_state)\\n\", \"  File \\\"/var/task/trader.py\\\", line 154, in run\\n    self.POSITIONS = {state.position}\\n\"]}",
  "lambdaLog": "[ERROR] TypeError: unhashable type: 'dict'\\n{\"errorMessage\": \"unhashable type: 'dict'\", \"errorType\": \"TypeError\", \"requestId\": \"f927da96-85f8-49b0-8fcd-660b781af181\", \"stackTrace\": [\"  File \\\"/var/task/app.py\\\", line 31, in lambda_handler\\n    orders, conversion, traderData = trader.run(trading_state)\\n\", \"  File \\\"/var/task/trader.py\\\", line 154, in run\\n    self.POSITIONS = {state.position}\\n\"]}",
  "timestamp": 7300
}
{
  "sandboxLog": "[ERROR] TypeError: unhashable type: 'dict'\\n{\"errorMessage\": \"unhashable type: 'dict'\", \"errorType\": \"TypeError\", \"requestId\": \"1d5fdbb4-4805-44c7-9159-0b255024e10e\", \"stackTrace\": [\"  File \\\"/var/task/app.py\\\", line 31, in lambda_handler\\n    orders, conversion, traderData = trader.run(trading_state)\\n\", \"  File \\\"/var/task/trader.py\\\", line 154, in run\\n    self.POSITIONS = {state.position}\\n\"]}",
  "lambdaLog": "[ERROR] TypeError: unhashable type: 'dict'\\n{\"errorMessage\": \"unhashable type: 'dict'\", \"errorType\": \"TypeError\", \"requestId\": \"1d5fdbb4-4805-44c7-9159-0b255024e10e\", \"stackTrace\": [\"  File \\\"/var/task/app.py\\\", line 31, in lambda_handler\\n    orders, conversion, traderData = trader.run(trading_state)\\n\", \"  File \\\"/var/task/trader.py\\\", line 154, in run\\n    self.POSITIONS = {state.position}\\n\"]}",
  "timestamp": 7400
}
{
  "sandboxLog": "[ERROR] TypeError: unhashable type: 'dict'\\n{\"errorMessage\": \"unhashable type: 'dict'\", \"errorType\": \"TypeError\", \"requestId\": \"b5a1faf6-2e29-471c-b7f5-de5e2a5c06c5\", \"stackTrace\": [\"  File \\\"/var/task/app.py\\\", line 31, in lambda_handler\\n    orders, conversion, traderData = trader.run(trading_state)\\n\", \"  File \\\"/var/task/trader.py\\\", line 154, in run\\n    self.POSITIONS = {state.position}\\n\"]}",
  "lambdaLog": "[ERROR] TypeError: unhashable type: 'dict'\\n{\"errorMessage\": \"unhashable type: 'dict'\", \"errorType\": \"TypeError\", \"requestId\": \"b5a1faf6-2e29-471c-b7f5-de5e2a5c06c5\", \"stackTrace\": [\"  File \\\"/var/task/app.py\\\", line 31, in lambda_handler\\n    orders, conversion, traderData = trader.run(trading_state)\\n\", \"  File \\\"/var/task/trader.py\\\", line 154, in run\\n    self.POSITIONS = {state.position}\\n\"]}",
  "timestamp": 7500
}
{
  "sandboxLog": "[ERROR] TypeError: unhashable type: 'dict'\\n{\"errorMessage\": \"unhashable type: 'dict'\", \"errorType\": \"TypeError\", \"requestId\": \"71695499-f465-4753-8202-e63bc87bbc7e\", \"stackTrace\": [\"  File \\\"/var/task/app.py\\\", line 31, in lambda_handler\\n    orders, conversion, traderData = trader.run(trading_state)\\n\", \"  File \\\"/var/task/trader.py\\\", line 154, in run\\n    self.POSITIONS = {state.position}\\n\"]}",
  "lambdaLog": "[ERROR] TypeError: unhashable type: 'dict'\\n{\"errorMessage\": \"unhashable type: 'dict'\", \"errorType\": \"TypeError\", \"requestId\": \"71695499-f465-4753-8202-e63bc87bbc7e\", \"stackTrace\": [\"  File \\\"/var/task/app.py\\\", line 31, in lambda_handler\\n    orders, conversion, traderData = trader.run(trading_state)\\n\", \"  File \\\"/var/task/trader.py\\\", line 154, in run\\n    self.POSITIONS = {state.position}\\n\"]}",
  "timestamp": 7600
}
{
  "sandboxLog": "[ERROR] TypeError: unhashable type: 'dict'\\n{\"errorMessage\": \"unhashable type: 'dict'\", \"errorType\": \"TypeError\", \"requestId\": \"07d393b3-d9c4-4b21-acbd-9cf4d0aae3ce\", \"stackTrace\": [\"  File \\\"/var/task/app.py\\\", line 31, in lambda_handler\\n    orders, conversion, traderData = trader.run(trading_state)\\n\", \"  File \\\"/var/task/trader.py\\\", line 154, in run\\n    self.POSITIONS = {state.position}\\n\"]}",
  "lambdaLog": "[ERROR] TypeError: unhashable type: 'dict'\\n{\"errorMessage\": \"unhashable type: 'dict'\", \"errorType\": \"TypeError\", \"requestId\": \"07d393b3-d9c4-4b21-acbd-9cf4d0aae3ce\", \"stackTrace\": [\"  File \\\"/var/task/app.py\\\", line 31, in lambda_handler\\n    orders, conversion, traderData = trader.run(trading_state)\\n\", \"  File \\\"/var/task/trader.py\\\", line 154, in run\\n    self.POSITIONS = {state.position}\\n\"]}",
  "timestamp": 7700
}
{
  "sandboxLog": "[ERROR] TypeError: unhashable type: 'dict'\\n{\"errorMessage\": \"unhashable type: 'dict'\", \"errorType\": \"TypeError\", \"requestId\": \"5f9c2ed0-2caa-4a0f-a78e-a1715959e0e2\", \"stackTrace\": [\"  File \\\"/var/task/app.py\\\", line 31, in lambda_handler\\n    orders, conversion, traderData = trader.run(trading_state)\\n\", \"  File \\\"/var/task/trader.py\\\", line 154, in run\\n    self.POSITIONS = {state.position}\\n\"]}",
  "lambdaLog": "[ERROR] TypeError: unhashable type: 'dict'\\n{\"errorMessage\": \"unhashable type: 'dict'\", \"errorType\": \"TypeError\", \"requestId\": \"5f9c2ed0-2caa-4a0f-a78e-a1715959e0e2\", \"stackTrace\": [\"  File \\\"/var/task/app.py\\\", line 31, in lambda_handler\\n    orders, conversion, traderData = trader.run(trading_state)\\n\", \"  File \\\"/var/task/trader.py\\\", line 154, in run\\n    self.POSITIONS = {state.position}\\n\"]}",
  "timestamp": 7800
}
{
  "sandboxLog": "[ERROR] TypeError: unhashable type: 'dict'\\n{\"errorMessage\": \"unhashable type: 'dict'\", \"errorType\": \"TypeError\", \"requestId\": \"3a2e78d2-aa65-4fe3-9293-df860975ce62\", \"stackTrace\": [\"  File \\\"/var/task/app.py\\\", line 31, in lambda_handler\\n    orders, conversion, traderData = trader.run(trading_state)\\n\", \"  File \\\"/var/task/trader.py\\\", line 154, in run\\n    self.POSITIONS = {state.position}\\n\"]}",
  "lambdaLog": "[ERROR] TypeError: unhashable type: 'dict'\\n{\"errorMessage\": \"unhashable type: 'dict'\", \"errorType\": \"TypeError\", \"requestId\": \"3a2e78d2-aa65-4fe3-9293-df860975ce62\", \"stackTrace\": [\"  File \\\"/var/task/app.py\\\", line 31, in lambda_handler\\n    orders, conversion, traderData = trader.run(trading_state)\\n\", \"  File \\\"/var/task/trader.py\\\", line 154, in run\\n    self.POSITIONS = {state.position}\\n\"]}",
  "timestamp": 7900
}
{
  "sandboxLog": "[ERROR] TypeError: unhashable type: 'dict'\\n{\"errorMessage\": \"unhashable type: 'dict'\", \"errorType\": \"TypeError\", \"requestId\": \"73cc7af0-4eaf-42b7-a5ef-44ac449299ab\", \"stackTrace\": [\"  File \\\"/var/task/app.py\\\", line 31, in lambda_handler\\n    orders, conversion, traderData = trader.run(trading_state)\\n\", \"  File \\\"/var/task/trader.py\\\", line 154, in run\\n    self.POSITIONS = {state.position}\\n\"]}",
  "lambdaLog": "[ERROR] TypeError: unhashable type: 'dict'\\n{\"errorMessage\": \"unhashable type: 'dict'\", \"errorType\": \"TypeError\", \"requestId\": \"73cc7af0-4eaf-42b7-a5ef-44ac449299ab\", \"stackTrace\": [\"  File \\\"/var/task/app.py\\\", line 31, in lambda_handler\\n    orders, conversion, traderData = trader.run(trading_state)\\n\", \"  File \\\"/var/task/trader.py\\\", line 154, in run\\n    self.POSITIONS = {state.position}\\n\"]}",
  "timestamp": 8000
}
{
  "sandboxLog": "[ERROR] TypeError: unhashable type: 'dict'\\n{\"errorMessage\": \"unhashable type: 'dict'\", \"errorType\": \"TypeError\", \"requestId\": \"6e6b2636-a542-485a-8d69-f4273d36a748\", \"stackTrace\": [\"  File \\\"/var/task/app.py\\\", line 31, in lambda_handler\\n    orders, conversion, traderData = trader.run(trading_state)\\n\", \"  File \\\"/var/task/trader.py\\\", line 154, in run\\n    self.POSITIONS = {state.position}\\n\"]}",
  "lambdaLog": "[ERROR] TypeError: unhashable type: 'dict'\\n{\"errorMessage\": \"unhashable type: 'dict'\", \"errorType\": \"TypeError\", \"requestId\": \"6e6b2636-a542-485a-8d69-f4273d36a748\", \"stackTrace\": [\"  File \\\"/var/task/app.py\\\", line 31, in lambda_handler\\n    orders, conversion, traderData = trader.run(trading_state)\\n\", \"  File \\\"/var/task/trader.py\\\", line 154, in run\\n    self.POSITIONS = {state.position}\\n\"]}",
  "timestamp": 8100
}
{
  "sandboxLog": "[ERROR] TypeError: unhashable type: 'dict'\\n{\"errorMessage\": \"unhashable type: 'dict'\", \"errorType\": \"TypeError\", \"requestId\": \"9965ad94-df4d-4ebf-8a29-51845273bc99\", \"stackTrace\": [\"  File \\\"/var/task/app.py\\\", line 31, in lambda_handler\\n    orders, conversion, traderData = trader.run(trading_state)\\n\", \"  File \\\"/var/task/trader.py\\\", line 154, in run\\n    self.POSITIONS = {state.position}\\n\"]}",
  "lambdaLog": "[ERROR] TypeError: unhashable type: 'dict'\\n{\"errorMessage\": \"unhashable type: 'dict'\", \"errorType\": \"TypeError\", \"requestId\": \"9965ad94-df4d-4ebf-8a29-51845273bc99\", \"stackTrace\": [\"  File \\\"/var/task/app.py\\\", line 31, in lambda_handler\\n    orders, conversion, traderData = trader.run(trading_state)\\n\", \"  File \\\"/var/task/trader.py\\\", line 154, in run\\n    self.POSITIONS = {state.position}\\n\"]}",
  "timestamp": 8200
}
{
  "sandboxLog": "[ERROR] TypeError: unhashable type: 'dict'\\n{\"errorMessage\": \"unhashable type: 'dict'\", \"errorType\": \"TypeError\", \"requestId\": \"c30bfbb5-66ef-4203-bf5f-2f27d0a31bc4\", \"stackTrace\": [\"  File \\\"/var/task/app.py\\\", line 31, in lambda_handler\\n    orders, conversion, traderData = trader.run(trading_state)\\n\", \"  File \\\"/var/task/trader.py\\\", line 154, in run\\n    self.POSITIONS = {state.position}\\n\"]}",
  "lambdaLog": "[ERROR] TypeError: unhashable type: 'dict'\\n{\"errorMessage\": \"unhashable type: 'dict'\", \"errorType\": \"TypeError\", \"requestId\": \"c30bfbb5-66ef-4203-bf5f-2f27d0a31bc4\", \"stackTrace\": [\"  File \\\"/var/task/app.py\\\", line 31, in lambda_handler\\n    orders, conversion, traderData = trader.run(trading_state)\\n\", \"  File \\\"/var/task/trader.py\\\", line 154, in run\\n    self.POSITIONS = {state.position}\\n\"]}",
  "timestamp": 8300
}
{
  "sandboxLog": "[ERROR] TypeError: unhashable type: 'dict'\\n{\"errorMessage\": \"unhashable type: 'dict'\", \"errorType\": \"TypeError\", \"requestId\": \"a020a8e9-9e6a-4c0d-808b-e1d784f52b11\", \"stackTrace\": [\"  File \\\"/var/task/app.py\\\", line 31, in lambda_handler\\n    orders, conversion, traderData = trader.run(trading_state)\\n\", \"  File \\\"/var/task/trader.py\\\", line 154, in run\\n    self.POSITIONS = {state.position}\\n\"]}",
  "lambdaLog": "[ERROR] TypeError: unhashable type: 'dict'\\n{\"errorMessage\": \"unhashable type: 'dict'\", \"errorType\": \"TypeError\", \"requestId\": \"a020a8e9-9e6a-4c0d-808b-e1d784f52b11\", \"stackTrace\": [\"  File \\\"/var/task/app.py\\\", line 31, in lambda_handler\\n    orders, conversion, traderData = trader.run(trading_state)\\n\", \"  File \\\"/var/task/trader.py\\\", line 154, in run\\n    self.POSITIONS = {state.position}\\n\"]}",
  "timestamp": 8400
}
{
  "sandboxLog": "[ERROR] TypeError: unhashable type: 'dict'\\n{\"errorMessage\": \"unhashable type: 'dict'\", \"errorType\": \"TypeError\", \"requestId\": \"be0a1cb2-5b42-4057-a39a-c821ccf1f5a6\", \"stackTrace\": [\"  File \\\"/var/task/app.py\\\", line 31, in lambda_handler\\n    orders, conversion, traderData = trader.run(trading_state)\\n\", \"  File \\\"/var/task/trader.py\\\", line 154, in run\\n    self.POSITIONS = {state.position}\\n\"]}",
  "lambdaLog": "[ERROR] TypeError: unhashable type: 'dict'\\n{\"errorMessage\": \"unhashable type: 'dict'\", \"errorType\": \"TypeError\", \"requestId\": \"be0a1cb2-5b42-4057-a39a-c821ccf1f5a6\", \"stackTrace\": [\"  File \\\"/var/task/app.py\\\", line 31, in lambda_handler\\n    orders, conversion, traderData = trader.run(trading_state)\\n\", \"  File \\\"/var/task/trader.py\\\", line 154, in run\\n    self.POSITIONS = {state.position}\\n\"]}",
  "timestamp": 8500
}
{
  "sandboxLog": "[ERROR] TypeError: unhashable type: 'dict'\\n{\"errorMessage\": \"unhashable type: 'dict'\", \"errorType\": \"TypeError\", \"requestId\": \"04c57d40-d121-4519-95a3-03dce76b6254\", \"stackTrace\": [\"  File \\\"/var/task/app.py\\\", line 31, in lambda_handler\\n    orders, conversion, traderData = trader.run(trading_state)\\n\", \"  File \\\"/var/task/trader.py\\\", line 154, in run\\n    self.POSITIONS = {state.position}\\n\"]}",
  "lambdaLog": "[ERROR] TypeError: unhashable type: 'dict'\\n{\"errorMessage\": \"unhashable type: 'dict'\", \"errorType\": \"TypeError\", \"requestId\": \"04c57d40-d121-4519-95a3-03dce76b6254\", \"stackTrace\": [\"  File \\\"/var/task/app.py\\\", line 31, in lambda_handler\\n    orders, conversion, traderData = trader.run(trading_state)\\n\", \"  File \\\"/var/task/trader.py\\\", line 154, in run\\n    self.POSITIONS = {state.position}\\n\"]}",
  "timestamp": 8600
}
{
  "sandboxLog": "[ERROR] TypeError: unhashable type: 'dict'\\n{\"errorMessage\": \"unhashable type: 'dict'\", \"errorType\": \"TypeError\", \"requestId\": \"10ef3455-9dda-4e8d-a928-ef8b35dc60b5\", \"stackTrace\": [\"  File \\\"/var/task/app.py\\\", line 31, in lambda_handler\\n    orders, conversion, traderData = trader.run(trading_state)\\n\", \"  File \\\"/var/task/trader.py\\\", line 154, in run\\n    self.POSITIONS = {state.position}\\n\"]}",
  "lambdaLog": "[ERROR] TypeError: unhashable type: 'dict'\\n{\"errorMessage\": \"unhashable type: 'dict'\", \"errorType\": \"TypeError\", \"requestId\": \"10ef3455-9dda-4e8d-a928-ef8b35dc60b5\", \"stackTrace\": [\"  File \\\"/var/task/app.py\\\", line 31, in lambda_handler\\n    orders, conversion, traderData = trader.run(trading_state)\\n\", \"  File \\\"/var/task/trader.py\\\", line 154, in run\\n    self.POSITIONS = {state.position}\\n\"]}",
  "timestamp": 8700
}
{
  "sandboxLog": "[ERROR] TypeError: unhashable type: 'dict'\\n{\"errorMessage\": \"unhashable type: 'dict'\", \"errorType\": \"TypeError\", \"requestId\": \"a317e8cd-9970-4ccc-9c5f-79f1b9776b38\", \"stackTrace\": [\"  File \\\"/var/task/app.py\\\", line 31, in lambda_handler\\n    orders, conversion, traderData = trader.run(trading_state)\\n\", \"  File \\\"/var/task/trader.py\\\", line 154, in run\\n    self.POSITIONS = {state.position}\\n\"]}",
  "lambdaLog": "[ERROR] TypeError: unhashable type: 'dict'\\n{\"errorMessage\": \"unhashable type: 'dict'\", \"errorType\": \"TypeError\", \"requestId\": \"a317e8cd-9970-4ccc-9c5f-79f1b9776b38\", \"stackTrace\": [\"  File \\\"/var/task/app.py\\\", line 31, in lambda_handler\\n    orders, conversion, traderData = trader.run(trading_state)\\n\", \"  File \\\"/var/task/trader.py\\\", line 154, in run\\n    self.POSITIONS = {state.position}\\n\"]}",
  "timestamp": 8800
}
{
  "sandboxLog": "[ERROR] TypeError: unhashable type: 'dict'\\n{\"errorMessage\": \"unhashable type: 'dict'\", \"errorType\": \"TypeError\", \"requestId\": \"daca0adb-71a8-42b6-a18e-05f3e9d7417a\", \"stackTrace\": [\"  File \\\"/var/task/app.py\\\", line 31, in lambda_handler\\n    orders, conversion, traderData = trader.run(trading_state)\\n\", \"  File \\\"/var/task/trader.py\\\", line 154, in run\\n    self.POSITIONS = {state.position}\\n\"]}",
  "lambdaLog": "[ERROR] TypeError: unhashable type: 'dict'\\n{\"errorMessage\": \"unhashable type: 'dict'\", \"errorType\": \"TypeError\", \"requestId\": \"daca0adb-71a8-42b6-a18e-05f3e9d7417a\", \"stackTrace\": [\"  File \\\"/var/task/app.py\\\", line 31, in lambda_handler\\n    orders, conversion, traderData = trader.run(trading_state)\\n\", \"  File \\\"/var/task/trader.py\\\", line 154, in run\\n    self.POSITIONS = {state.position}\\n\"]}",
  "timestamp": 8900
}
{
  "sandboxLog": "[ERROR] TypeError: unhashable type: 'dict'\\n{\"errorMessage\": \"unhashable type: 'dict'\", \"errorType\": \"TypeError\", \"requestId\": \"14c5b0f1-293a-4992-a073-2a689c35e9ba\", \"stackTrace\": [\"  File \\\"/var/task/app.py\\\", line 31, in lambda_handler\\n    orders, conversion, traderData = trader.run(trading_state)\\n\", \"  File \\\"/var/task/trader.py\\\", line 154, in run\\n    self.POSITIONS = {state.position}\\n\"]}",
  "lambdaLog": "[ERROR] TypeError: unhashable type: 'dict'\\n{\"errorMessage\": \"unhashable type: 'dict'\", \"errorType\": \"TypeError\", \"requestId\": \"14c5b0f1-293a-4992-a073-2a689c35e9ba\", \"stackTrace\": [\"  File \\\"/var/task/app.py\\\", line 31, in lambda_handler\\n    orders, conversion, traderData = trader.run(trading_state)\\n\", \"  File \\\"/var/task/trader.py\\\", line 154, in run\\n    self.POSITIONS = {state.position}\\n\"]}",
  "timestamp": 9000
}
{
  "sandboxLog": "[ERROR] TypeError: unhashable type: 'dict'\\n{\"errorMessage\": \"unhashable type: 'dict'\", \"errorType\": \"TypeError\", \"requestId\": \"9ea461d4-2fa3-47df-89e8-2b8a90a98409\", \"stackTrace\": [\"  File \\\"/var/task/app.py\\\", line 31, in lambda_handler\\n    orders, conversion, traderData = trader.run(trading_state)\\n\", \"  File \\\"/var/task/trader.py\\\", line 154, in run\\n    self.POSITIONS = {state.position}\\n\"]}",
  "lambdaLog": "[ERROR] TypeError: unhashable type: 'dict'\\n{\"errorMessage\": \"unhashable type: 'dict'\", \"errorType\": \"TypeError\", \"requestId\": \"9ea461d4-2fa3-47df-89e8-2b8a90a98409\", \"stackTrace\": [\"  File \\\"/var/task/app.py\\\", line 31, in lambda_handler\\n    orders, conversion, traderData = trader.run(trading_state)\\n\", \"  File \\\"/var/task/trader.py\\\", line 154, in run\\n    self.POSITIONS = {state.position}\\n\"]}",
  "timestamp": 9100
}
{
  "sandboxLog": "[ERROR] TypeError: unhashable type: 'dict'\\n{\"errorMessage\": \"unhashable type: 'dict'\", \"errorType\": \"TypeError\", \"requestId\": \"96f4358b-fc2e-4cad-bf2d-4da9a9c5f345\", \"stackTrace\": [\"  File \\\"/var/task/app.py\\\", line 31, in lambda_handler\\n    orders, conversion, traderData = trader.run(trading_state)\\n\", \"  File \\\"/var/task/trader.py\\\", line 154, in run\\n    self.POSITIONS = {state.position}\\n\"]}",
  "lambdaLog": "[ERROR] TypeError: unhashable type: 'dict'\\n{\"errorMessage\": \"unhashable type: 'dict'\", \"errorType\": \"TypeError\", \"requestId\": \"96f4358b-fc2e-4cad-bf2d-4da9a9c5f345\", \"stackTrace\": [\"  File \\\"/var/task/app.py\\\", line 31, in lambda_handler\\n    orders, conversion, traderData = trader.run(trading_state)\\n\", \"  File \\\"/var/task/trader.py\\\", line 154, in run\\n    self.POSITIONS = {state.position}\\n\"]}",
  "timestamp": 9200
}
{
  "sandboxLog": "[ERROR] TypeError: unhashable type: 'dict'\\n{\"errorMessage\": \"unhashable type: 'dict'\", \"errorType\": \"TypeError\", \"requestId\": \"6f292b7a-ab0d-4889-9266-c8ceec0d5043\", \"stackTrace\": [\"  File \\\"/var/task/app.py\\\", line 31, in lambda_handler\\n    orders, conversion, traderData = trader.run(trading_state)\\n\", \"  File \\\"/var/task/trader.py\\\", line 154, in run\\n    self.POSITIONS = {state.position}\\n\"]}",
  "lambdaLog": "[ERROR] TypeError: unhashable type: 'dict'\\n{\"errorMessage\": \"unhashable type: 'dict'\", \"errorType\": \"TypeError\", \"requestId\": \"6f292b7a-ab0d-4889-9266-c8ceec0d5043\", \"stackTrace\": [\"  File \\\"/var/task/app.py\\\", line 31, in lambda_handler\\n    orders, conversion, traderData = trader.run(trading_state)\\n\", \"  File \\\"/var/task/trader.py\\\", line 154, in run\\n    self.POSITIONS = {state.position}\\n\"]}",
  "timestamp": 9300
}
{
  "sandboxLog": "[ERROR] TypeError: unhashable type: 'dict'\\n{\"errorMessage\": \"unhashable type: 'dict'\", \"errorType\": \"TypeError\", \"requestId\": \"f543a8df-a669-4a80-b9d7-232cfdcdb893\", \"stackTrace\": [\"  File \\\"/var/task/app.py\\\", line 31, in lambda_handler\\n    orders, conversion, traderData = trader.run(trading_state)\\n\", \"  File \\\"/var/task/trader.py\\\", line 154, in run\\n    self.POSITIONS = {state.position}\\n\"]}",
  "lambdaLog": "[ERROR] TypeError: unhashable type: 'dict'\\n{\"errorMessage\": \"unhashable type: 'dict'\", \"errorType\": \"TypeError\", \"requestId\": \"f543a8df-a669-4a80-b9d7-232cfdcdb893\", \"stackTrace\": [\"  File \\\"/var/task/app.py\\\", line 31, in lambda_handler\\n    orders, conversion, traderData = trader.run(trading_state)\\n\", \"  File \\\"/var/task/trader.py\\\", line 154, in run\\n    self.POSITIONS = {state.position}\\n\"]}",
  "timestamp": 9400
}
{
  "sandboxLog": "[ERROR] TypeError: unhashable type: 'dict'\\n{\"errorMessage\": \"unhashable type: 'dict'\", \"errorType\": \"TypeError\", \"requestId\": \"f7abb2e9-59dc-4cdc-8535-b815fbde2319\", \"stackTrace\": [\"  File \\\"/var/task/app.py\\\", line 31, in lambda_handler\\n    orders, conversion, traderData = trader.run(trading_state)\\n\", \"  File \\\"/var/task/trader.py\\\", line 154, in run\\n    self.POSITIONS = {state.position}\\n\"]}",
  "lambdaLog": "[ERROR] TypeError: unhashable type: 'dict'\\n{\"errorMessage\": \"unhashable type: 'dict'\", \"errorType\": \"TypeError\", \"requestId\": \"f7abb2e9-59dc-4cdc-8535-b815fbde2319\", \"stackTrace\": [\"  File \\\"/var/task/app.py\\\", line 31, in lambda_handler\\n    orders, conversion, traderData = trader.run(trading_state)\\n\", \"  File \\\"/var/task/trader.py\\\", line 154, in run\\n    self.POSITIONS = {state.position}\\n\"]}",
  "timestamp": 9500
}
{
  "sandboxLog": "[ERROR] TypeError: unhashable type: 'dict'\\n{\"errorMessage\": \"unhashable type: 'dict'\", \"errorType\": \"TypeError\", \"requestId\": \"a0165741-1c14-46ae-9084-13f4b8a2a192\", \"stackTrace\": [\"  File \\\"/var/task/app.py\\\", line 31, in lambda_handler\\n    orders, conversion, traderData = trader.run(trading_state)\\n\", \"  File \\\"/var/task/trader.py\\\", line 154, in run\\n    self.POSITIONS = {state.position}\\n\"]}",
  "lambdaLog": "[ERROR] TypeError: unhashable type: 'dict'\\n{\"errorMessage\": \"unhashable type: 'dict'\", \"errorType\": \"TypeError\", \"requestId\": \"a0165741-1c14-46ae-9084-13f4b8a2a192\", \"stackTrace\": [\"  File \\\"/var/task/app.py\\\", line 31, in lambda_handler\\n    orders, conversion, traderData = trader.run(trading_state)\\n\", \"  File \\\"/var/task/trader.py\\\", line 154, in run\\n    self.POSITIONS = {state.position}\\n\"]}",
  "timestamp": 9600
}
{
  "sandboxLog": "[ERROR] TypeError: unhashable type: 'dict'\\n{\"errorMessage\": \"unhashable type: 'dict'\", \"errorType\": \"TypeError\", \"requestId\": \"d3090e2d-cda8-49b6-aac6-7c572ef68dfd\", \"stackTrace\": [\"  File \\\"/var/task/app.py\\\", line 31, in lambda_handler\\n    orders, conversion, traderData = trader.run(trading_state)\\n\", \"  File \\\"/var/task/trader.py\\\", line 154, in run\\n    self.POSITIONS = {state.position}\\n\"]}",
  "lambdaLog": "[ERROR] TypeError: unhashable type: 'dict'\\n{\"errorMessage\": \"unhashable type: 'dict'\", \"errorType\": \"TypeError\", \"requestId\": \"d3090e2d-cda8-49b6-aac6-7c572ef68dfd\", \"stackTrace\": [\"  File \\\"/var/task/app.py\\\", line 31, in lambda_handler\\n    orders, conversion, traderData = trader.run(trading_state)\\n\", \"  File \\\"/var/task/trader.py\\\", line 154, in run\\n    self.POSITIONS = {state.position}\\n\"]}",
  "timestamp": 9700
}
{
  "sandboxLog": "[ERROR] TypeError: unhashable type: 'dict'\\n{\"errorMessage\": \"unhashable type: 'dict'\", \"errorType\": \"TypeError\", \"requestId\": \"8171a22b-5a91-4443-9de6-dabdcea89900\", \"stackTrace\": [\"  File \\\"/var/task/app.py\\\", line 31, in lambda_handler\\n    orders, conversion, traderData = trader.run(trading_state)\\n\", \"  File \\\"/var/task/trader.py\\\", line 154, in run\\n    self.POSITIONS = {state.position}\\n\"]}",
  "lambdaLog": "[ERROR] TypeError: unhashable type: 'dict'\\n{\"errorMessage\": \"unhashable type: 'dict'\", \"errorType\": \"TypeError\", \"requestId\": \"8171a22b-5a91-4443-9de6-dabdcea89900\", \"stackTrace\": [\"  File \\\"/var/task/app.py\\\", line 31, in lambda_handler\\n    orders, conversion, traderData = trader.run(trading_state)\\n\", \"  File \\\"/var/task/trader.py\\\", line 154, in run\\n    self.POSITIONS = {state.position}\\n\"]}",
  "timestamp": 9800
}
{
  "sandboxLog": "[ERROR] TypeError: unhashable type: 'dict'\\n{\"errorMessage\": \"unhashable type: 'dict'\", \"errorType\": \"TypeError\", \"requestId\": \"d41c62d9-5c08-49ab-ac36-274da53e4c04\", \"stackTrace\": [\"  File \\\"/var/task/app.py\\\", line 31, in lambda_handler\\n    orders, conversion, traderData = trader.run(trading_state)\\n\", \"  File \\\"/var/task/trader.py\\\", line 154, in run\\n    self.POSITIONS = {state.position}\\n\"]}",
  "lambdaLog": "[ERROR] TypeError: unhashable type: 'dict'\\n{\"errorMessage\": \"unhashable type: 'dict'\", \"errorType\": \"TypeError\", \"requestId\": \"d41c62d9-5c08-49ab-ac36-274da53e4c04\", \"stackTrace\": [\"  File \\\"/var/task/app.py\\\", line 31, in lambda_handler\\n    orders, conversion, traderData = trader.run(trading_state)\\n\", \"  File \\\"/var/task/trader.py\\\", line 154, in run\\n    self.POSITIONS = {state.position}\\n\"]}",
  "timestamp": 9900
}
{
  "sandboxLog": "[ERROR] TypeError: unhashable type: 'dict'\\n{\"errorMessage\": \"unhashable type: 'dict'\", \"errorType\": \"TypeError\", \"requestId\": \"ae4393a7-3285-4138-b613-821e02793876\", \"stackTrace\": [\"  File \\\"/var/task/app.py\\\", line 31, in lambda_handler\\n    orders, conversion, traderData = trader.run(trading_state)\\n\", \"  File \\\"/var/task/trader.py\\\", line 154, in run\\n    self.POSITIONS = {state.position}\\n\"]}",
  "lambdaLog": "[ERROR] TypeError: unhashable type: 'dict'\\n{\"errorMessage\": \"unhashable type: 'dict'\", \"errorType\": \"TypeError\", \"requestId\": \"ae4393a7-3285-4138-b613-821e02793876\", \"stackTrace\": [\"  File \\\"/var/task/app.py\\\", line 31, in lambda_handler\\n    orders, conversion, traderData = trader.run(trading_state)\\n\", \"  File \\\"/var/task/trader.py\\\", line 154, in run\\n    self.POSITIONS = {state.position}\\n\"]}",
  "timestamp": 10000
}
{
  "sandboxLog": "Lambda errors have reached maximum value for submission de73913f-33ab-425c-9d92-82163bbd6980",
  "lambdaLog": null,
  "timestamp": 115481
}



Activities log:
day;timestamp;product;bid_price_1;bid_volume_1;bid_price_2;bid_volume_2;bid_price_3;bid_volume_3;ask_price_1;ask_volume_1;ask_price_2;ask_volume_2;ask_price_3;ask_volume_3;mid_price;profit_and_loss




Trade History:
null