Sandbox logs:
{
  "sandboxLog": "[ERROR] TypeError: unhashable type: 'dict'\\n{\"errorMessage\": \"unhashable type: 'dict'\", \"errorType\": \"TypeError\", \"requestId\": \"99566fe6-9287-4d9a-b933-10b60208729c\", \"stackTrace\": [\"  File \\\"/var/task/app.py\\\", line 31, in lambda_handler\\n    orders, conversion, traderData = trader.run(trading_state)\\n\", \"  File \\\"/var/task/trader.py\\\", line 154, in run\\n    self.POSITIONS = {state.position}\\n\"]}",
  "lambdaLog": "[ERROR] TypeError: unhashable type: 'dict'\\n{\"errorMessage\": \"unhashable type: 'dict'\", \"errorType\": \"TypeError\", \"requestId\": \"99566fe6-9287-4d9a-b933-10b60208729c\", \"stackTrace\": [\"  File \\\"/var/task/app.py\\\", line 31, in lambda_handler\\n    orders, conversion, traderData = trader.run(trading_state)\\n\", \"  File \\\"/var/task/trader.py\\\", line 154, in run\\n    self.POSITIONS = {state.position}\\n\"]}",
  "timestamp": 0
}
{
  "sandboxLog": "[ERROR] TypeError: unhashable type: 'dict'\\n{\"errorMessage\": \"unhashable type: 'dict'\", \"errorType\": \"TypeError\", \"requestId\": \"c38f83f6-48c5-48c1-8793-226d4c5e2a06\", \"stackTrace\": [\"  File \\\"/var/task/app.py\\\", line 31, in lambda_handler\\n    orders, conversion, traderData = trader.run(trading_state)\\n\", \"  File \\\"/var/task/trader.py\\\", line 154, in run\\n    self.POSITIONS = {state.position}\\n\"]}",
  "lambdaLog": "[ERROR] TypeError: unhashable type: 'dict'\\n{\"errorMessage\": \"unhashable type: 'dict'\", \"errorType\": \"TypeError\", \"requestId\": \"c38f83f6-48c5-48c1-8793-226d4c5e2a06\", \"stackTrace\": [\"  File \\\"/var/task/app.py\\\", line 31, in lambda_handler\\n    orders, conversion, traderData = trader.run(trading_state)\\n\", \"  File \\\"/var/task/trader.py\\\", line 154, in run\\n    self.POSITIONS = {state.position}\\n\"]}",
  "timestamp": 100
}
{
  "sandboxLog": "[ERROR] TypeError: unhashable type: 'dict'\\n{\"errorMessage\": \"unhashable type: 'dict'\", \"errorType\": \"TypeError\", \"requestId\": \"33380dec-9d6d-4395-bee9-594867bf6c6e\", \"stackTrace\": [\"  File \\\"/var/task/app.py\\\", line 31, in lambda_handler\\n    orders, conversion, traderData = trader.run(trading_state)\\n\", \"  File \\\"/var/task/trader.py\\\", line 154, in run\\n    self.POSITIONS = {state.position}\\n\"]}",
  "lambdaLog": "[ERROR] TypeError: unhashable type: 'dict'\\n{\"errorMessage\": \"unhashable type: 'dict'\", \"errorType\": \"TypeError\", \"requestId\": \"33380dec-9d6d-4395-bee9-594867bf6c6e\", \"stackTrace\": [\"  File \\\"/var/task/app.py\\\", line 31, in lambda_handler\\n    orders, conversion, traderData = trader.run(trading_state)\\n\", \"  File \\\"/var/task/trader.py\\\", line 154, in run\\n    self.POSITIONS = {state.position}\\n\"]}",
  "timestamp": 200
}
{
  "sandboxLog": "[ERROR] TypeError: unhashable type: 'dict'\\n{\"errorMessage\": \"unhashable type: 'dict'\", \"errorType\": \"TypeError\", \"requestId\": \"65bd9d73-7d4f-4923-85ce-4f8a953847a1\", \"stackTrace\": [\"  File \\\"/var/task/app.py\\\", line 31, in lambda_handler\\n    orders, conversion, traderData = trader.run(trading_state)\\n\", \"  File \\\"/var/task/trader.py\\\", line 154, in run\\n    self.POSITIONS = {state.position}\\n\"]}",
  "lambdaLog": "[ERROR] TypeError: unhashable type: 'dict'\\n{\"errorMessage\": \"unhashable type: 'dict'\", \"errorType\": \"TypeError\", \"requestId\": \"65bd9d73-7d4f-4923-85ce-4f8a953847a1\", \"stackTrace\": [\"  File \\\"/var/task/app.py\\\", line 31, in lambda_handler\\n    orders, conversion, traderData = trader.run(trading_state)\\n\", \"  File \\\"/var/task/trader.py\\\", line 154, in run\\n    self.POSITIONS = {state.position}\\n\"]}",
  "timestamp": 300
}
{
  "sandboxLog": "[ERROR] TypeError: unhashable type: 'dict'\\n{\"errorMessage\": \"unhashable type: 'dict'\", \"errorType\": \"TypeError\", \"requestId\": \"fdb0d0a0-3467-47d3-b5de-c05d8d53bbe3\", \"stackTrace\": [\"  File \\\"/var/task/app.py\\\", line 31, in lambda_handler\\n    orders, conversion, traderData = trader.run(trading_state)\\n\", \"  File \\\"/var/task/trader.py\\\", line 154, in run\\n    self.POSITIONS = {state.position}\\n\"]}",
  "lambdaLog": "[ERROR] TypeError: unhashable type: 'dict'\\n{\"errorMessage\": \"unhashable type: 'dict'\", \"errorType\": \"TypeError\", \"requestId\": \"fdb0d0a0-3467-47d3-b5de-c05d8d53bbe3\", \"stackTrace\": [\"  File \\\"/var/task/app.py\\\", line 31, in lambda_handler\\n    orders, conversion, traderData = trader.run(trading_state)\\n\", \"  File \\\"/var/task/trader.py\\\", line 154, in run\\n    self.POSITIONS = {state.position}\\n\"]}",
  "timestamp": 400
}
{
  "sandboxLog": "[ERROR] TypeError: unhashable type: 'dict'\\n{\"errorMessage\": \"unhashable type: 'dict'\", \"errorType\": \"TypeError\", \"requestId\": \"af8f4561-be0b-4378-8efb-37d75c50374e\", \"stackTrace\": [\"  File \\\"/var/task/app.py\\\", line 31, in lambda_handler\\n    orders, conversion, traderData = trader.run(trading_state)\\n\", \"  File \\\"/var/task/trader.py\\\", line 154, in run\\n    self.POSITIONS = {state.position}\\n\"]}",
  "lambdaLog": "[ERROR] TypeError: unhashable type: 'dict'\\n{\"errorMessage\": \"unhashable type: 'dict'\", \"errorType\": \"TypeError\", \"requestId\": \"af8f4561-be0b-4378-8efb-37d75c50374e\", \"stackTrace\": [\"  File \\\"/var/task/app.py\\\", line 31, in lambda_handler\\n    orders, conversion, traderData = trader.run(trading_state)\\n\", \"  File \\\"/var/task/trader.py\\\", line 154, in run\\n    self.POSITIONS = {state.position}\\n\"]}",
  "timestamp": 500
}
{
  "sandboxLog": "[ERROR] TypeError: unhashable type: 'dict'\\n{\"errorMessage\": \"unhashable type: 'dict'\", \"errorType\": \"TypeError\", \"requestId\": \"ca18c827-79a9-47c7-93dd-e06eae7ee959\", \"stackTrace\": [\"  File \\\"/var/task/app.py\\\", line 31, in lambda_handler\\n    orders, conversion, traderData = trader.run(trading_state)\\n\", \"  File \\\"/var/task/trader.py\\\", line 154, in run\\n    self.POSITIONS = {state.position}\\n\"]}",
  "lambdaLog": "[ERROR] TypeError: unhashable type: 'dict'\\n{\"errorMessage\": \"unhashable type: 'dict'\", \"errorType\": \"TypeError\", \"requestId\": \"ca18c827-79a9-47c7-93dd-e06eae7ee959\", \"stackTrace\": [\"  File \\\"/var/task/app.py\\\", line 31, in lambda_handler\\n    orders, conversion, traderData = trader.run(trading_state)\\n\", \"  File \\\"/var/task/trader.py\\\", line 154, in run\\n    self.POSITIONS = {state.position}\\n\"]}",
  "timestamp": 600
}
{
  "sandboxLog": "[ERROR] TypeError: unhashable type: 'dict'\\n{\"errorMessage\": \"unhashable type: 'dict'\", \"errorType\": \"TypeError\", \"requestId\": \"500480d9-c4cf-416e-a505-e5949ec72ecc\", \"stackTrace\": [\"  File \\\"/var/task/app.py\\\", line 31, in lambda_handler\\n    orders, conversion, traderData = trader.run(trading_state)\\n\", \"  File \\\"/var/task/trader.py\\\", line 154, in run\\n    self.POSITIONS = {state.position}\\n\"]}",
  "lambdaLog": "[ERROR] TypeError: unhashable type: 'dict'\\n{\"errorMessage\": \"unhashable type: 'dict'\", \"errorType\": \"TypeError\", \"requestId\": \"500480d9-c4cf-416e-a505-e5949ec72ecc\", \"stackTrace\": [\"  File \\\"/var/task/app.py\\\", line 31, in lambda_handler\\n    orders, conversion, traderData = trader.run(trading_state)\\n\", \"  File \\\"/var/task/trader.py\\\", line 154, in run\\n    self.POSITIONS = {state.position}\\n\"]}",
  "timestamp": 700
}
{
  "sandboxLog": "[ERROR] TypeError: unhashable type: 'dict'\\n{\"errorMessage\": \"unhashable type: 'dict'\", \"errorType\": \"TypeError\", \"requestId\": \"7fd8f8ee-11ff-4f30-a921-69a821dc66de\", \"stackTrace\": [\"  File \\\"/var/task/app.py\\\", line 31, in lambda_handler\\n    orders, conversion, traderData = trader.run(trading_state)\\n\", \"  File \\\"/var/task/trader.py\\\", line 154, in run\\n    self.POSITIONS = {state.position}\\n\"]}",
  "lambdaLog": "[ERROR] TypeError: unhashable type: 'dict'\\n{\"errorMessage\": \"unhashable type: 'dict'\", \"errorType\": \"TypeError\", \"requestId\": \"7fd8f8ee-11ff-4f30-a921-69a821dc66de\", \"stackTrace\": [\"  File \\\"/var/task/app.py\\\", line 31, in lambda_handler\\n    orders, conversion, traderData = trader.run(trading_state)\\n\", \"  File \\\"/var/task/trader.py\\\", line 154, in run\\n    self.POSITIONS = {state.position}\\n\"]}",
  "timestamp": 800
}
{
  "sandboxLog": "[ERROR] TypeError: unhashable type: 'dict'\\n{\"errorMessage\": \"unhashable type: 'dict'\", \"errorType\": \"TypeError\", \"requestId\": \"ff531aee-d1de-4d33-8b79-9a866de5eae0\", \"stackTrace\": [\"  File \\\"/var/task/app.py\\\", line 31, in lambda_handler\\n    orders, conversion, traderData = trader.run(trading_state)\\n\", \"  File \\\"/var/task/trader.py\\\", line 154, in run\\n    self.POSITIONS = {state.position}\\n\"]}",
  "lambdaLog": "[ERROR] TypeError: unhashable type: 'dict'\\n{\"errorMessage\": \"unhashable type: 'dict'\", \"errorType\": \"TypeError\", \"requestId\": \"ff531aee-d1de-4d33-8b79-9a866de5eae0\", \"stackTrace\": [\"  File \\\"/var/task/app.py\\\", line 31, in lambda_handler\\n    orders, conversion, traderData = trader.run(trading_state)\\n\", \"  File \\\"/var/task/trader.py\\\", line 154, in run\\n    self.POSITIONS = {state.position}\\n\"]}",
  "timestamp": 900
}
{
  "sandboxLog": "[ERROR] TypeError: unhashable type: 'dict'\\n{\"errorMessage\": \"unhashable type: 'dict'\", \"errorType\": \"TypeError\", \"requestId\": \"34b58c3d-05a0-4b84-978d-d4bde0f2489d\", \"stackTrace\": [\"  File \\\"/var/task/app.py\\\", line 31, in lambda_handler\\n    orders, conversion, traderData = trader.run(trading_state)\\n\", \"  File \\\"/var/task/trader.py\\\", line 154, in run\\n    self.POSITIONS = {state.position}\\n\"]}",
  "lambdaLog": "[ERROR] TypeError: unhashable type: 'dict'\\n{\"errorMessage\": \"unhashable type: 'dict'\", \"errorType\": \"TypeError\", \"requestId\": \"34b58c3d-05a0-4b84-978d-d4bde0f2489d\", \"stackTrace\": [\"  File \\\"/var/task/app.py\\\", line 31, in lambda_handler\\n    orders, conversion, traderData = trader.run(trading_state)\\n\", \"  File \\\"/var/task/trader.py\\\", line 154, in run\\n    self.POSITIONS = {state.position}\\n\"]}",
  "timestamp": 1000
}
{
  "sandboxLog": "[ERROR] TypeError: unhashable type: 'dict'\\n{\"errorMessage\": \"unhashable type: 'dict'\", \"errorType\": \"TypeError\", \"requestId\": \"cfa2e351-0b98-460a-9cef-363ed0531ddc\", \"stackTrace\": [\"  File \\\"/var/task/app.py\\\", line 31, in lambda_handler\\n    orders, conversion, traderData = trader.run(trading_state)\\n\", \"  File \\\"/var/task/trader.py\\\", line 154, in run\\n    self.POSITIONS = {state.position}\\n\"]}",
  "lambdaLog": "[ERROR] TypeError: unhashable type: 'dict'\\n{\"errorMessage\": \"unhashable type: 'dict'\", \"errorType\": \"TypeError\", \"requestId\": \"cfa2e351-0b98-460a-9cef-363ed0531ddc\", \"stackTrace\": [\"  File \\\"/var/task/app.py\\\", line 31, in lambda_handler\\n    orders, conversion, traderData = trader.run(trading_state)\\n\", \"  File \\\"/var/task/trader.py\\\", line 154, in run\\n    self.POSITIONS = {state.position}\\n\"]}",
  "timestamp": 1100
}
{
  "sandboxLog": "[ERROR] TypeError: unhashable type: 'dict'\\n{\"errorMessage\": \"unhashable type: 'dict'\", \"errorType\": \"TypeError\", \"requestId\": \"7fe3b4e0-4229-4cfc-9194-98de2d61dc08\", \"stackTrace\": [\"  File \\\"/var/task/app.py\\\", line 31, in lambda_handler\\n    orders, conversion, traderData = trader.run(trading_state)\\n\", \"  File \\\"/var/task/trader.py\\\", line 154, in run\\n    self.POSITIONS = {state.position}\\n\"]}",
  "lambdaLog": "[ERROR] TypeError: unhashable type: 'dict'\\n{\"errorMessage\": \"unhashable type: 'dict'\", \"errorType\": \"TypeError\", \"requestId\": \"7fe3b4e0-4229-4cfc-9194-98de2d61dc08\", \"stackTrace\": [\"  File \\\"/var/task/app.py\\\", line 31, in lambda_handler\\n    orders, conversion, traderData = trader.run(trading_state)\\n\", \"  File \\\"/var/task/trader.py\\\", line 154, in run\\n    self.POSITIONS = {state.position}\\n\"]}",
  "timestamp": 1200
}
{
  "sandboxLog": "[ERROR] TypeError: unhashable type: 'dict'\\n{\"errorMessage\": \"unhashable type: 'dict'\", \"errorType\": \"TypeError\", \"requestId\": \"fb2ecce9-7ebf-4b1f-8719-dce7dfe62718\", \"stackTrace\": [\"  File \\\"/var/task/app.py\\\", line 31, in lambda_handler\\n    orders, conversion, traderData = trader.run(trading_state)\\n\", \"  File \\\"/var/task/trader.py\\\", line 154, in run\\n    self.POSITIONS = {state.position}\\n\"]}",
  "lambdaLog": "[ERROR] TypeError: unhashable type: 'dict'\\n{\"errorMessage\": \"unhashable type: 'dict'\", \"errorType\": \"TypeError\", \"requestId\": \"fb2ecce9-7ebf-4b1f-8719-dce7dfe62718\", \"stackTrace\": [\"  File \\\"/var/task/app.py\\\", line 31, in lambda_handler\\n    orders, conversion, traderData = trader.run(trading_state)\\n\", \"  File \\\"/var/task/trader.py\\\", line 154, in run\\n    self.POSITIONS = {state.position}\\n\"]}",
  "timestamp": 1300
}
{
  "sandboxLog": "[ERROR] TypeError: unhashable type: 'dict'\\n{\"errorMessage\": \"unhashable type: 'dict'\", \"errorType\": \"TypeError\", \"requestId\": \"52333625-a161-4e0c-a557-52459f8fc042\", \"stackTrace\": [\"  File \\\"/var/task/app.py\\\", line 31, in lambda_handler\\n    orders, conversion, traderData = trader.run(trading_state)\\n\", \"  File \\\"/var/task/trader.py\\\", line 154, in run\\n    self.POSITIONS = {state.position}\\n\"]}",
  "lambdaLog": "[ERROR] TypeError: unhashable type: 'dict'\\n{\"errorMessage\": \"unhashable type: 'dict'\", \"errorType\": \"TypeError\", \"requestId\": \"52333625-a161-4e0c-a557-52459f8fc042\", \"stackTrace\": [\"  File \\\"/var/task/app.py\\\", line 31, in lambda_handler\\n    orders, conversion, traderData = trader.run(trading_state)\\n\", \"  File \\\"/var/task/trader.py\\\", line 154, in run\\n    self.POSITIONS = {state.position}\\n\"]}",
  "timestamp": 1400
}
{
  "sandboxLog": "[ERROR] TypeError: unhashable type: 'dict'\\n{\"errorMessage\": \"unhashable type: 'dict'\", \"errorType\": \"TypeError\", \"requestId\": \"112cb7f3-c95a-4c93-810c-716076b95431\", \"stackTrace\": [\"  File \\\"/var/task/app.py\\\", line 31, in lambda_handler\\n    orders, conversion, traderData = trader.run(trading_state)\\n\", \"  File \\\"/var/task/trader.py\\\", line 154, in run\\n    self.POSITIONS = {state.position}\\n\"]}",
  "lambdaLog": "[ERROR] TypeError: unhashable type: 'dict'\\n{\"errorMessage\": \"unhashable type: 'dict'\", \"errorType\": \"TypeError\", \"requestId\": \"112cb7f3-c95a-4c93-810c-716076b95431\", \"stackTrace\": [\"  File \\\"/var/task/app.py\\\", line 31, in lambda_handler\\n    orders, conversion, traderData = trader.run(trading_state)\\n\", \"  File \\\"/var/task/trader.py\\\", line 154, in run\\n    self.POSITIONS = {state.position}\\n\"]}",
  "timestamp": 1500
}
{
  "sandboxLog": "[ERROR] TypeError: unhashable type: 'dict'\\n{\"errorMessage\": \"unhashable type: 'dict'\", \"errorType\": \"TypeError\", \"requestId\": \"c4e0d437-a056-440b-afa2-d670b5594029\", \"stackTrace\": [\"  File \\\"/var/task/app.py\\\", line 31, in lambda_handler\\n    orders, conversion, traderData = trader.run(trading_state)\\n\", \"  File \\\"/var/task/trader.py\\\", line 154, in run\\n    self.POSITIONS = {state.position}\\n\"]}",
  "lambdaLog": "[ERROR] TypeError: unhashable type: 'dict'\\n{\"errorMessage\": \"unhashable type: 'dict'\", \"errorType\": \"TypeError\", \"requestId\": \"c4e0d437-a056-440b-afa2-d670b5594029\", \"stackTrace\": [\"  File \\\"/var/task/app.py\\\", line 31, in lambda_handler\\n    orders, conversion, traderData = trader.run(trading_state)\\n\", \"  File \\\"/var/task/trader.py\\\", line 154, in run\\n    self.POSITIONS = {state.position}\\n\"]}",
  "timestamp": 1600
}
{
  "sandboxLog": "[ERROR] TypeError: unhashable type: 'dict'\\n{\"errorMessage\": \"unhashable type: 'dict'\", \"errorType\": \"TypeError\", \"requestId\": \"4ce46fee-c48f-4b83-9086-989c48566a82\", \"stackTrace\": [\"  File \\\"/var/task/app.py\\\", line 31, in lambda_handler\\n    orders, conversion, traderData = trader.run(trading_state)\\n\", \"  File \\\"/var/task/trader.py\\\", line 154, in run\\n    self.POSITIONS = {state.position}\\n\"]}",
  "lambdaLog": "[ERROR] TypeError: unhashable type: 'dict'\\n{\"errorMessage\": \"unhashable type: 'dict'\", \"errorType\": \"TypeError\", \"requestId\": \"4ce46fee-c48f-4b83-9086-989c48566a82\", \"stackTrace\": [\"  File \\\"/var/task/app.py\\\", line 31, in lambda_handler\\n    orders, conversion, traderData = trader.run(trading_state)\\n\", \"  File \\\"/var/task/trader.py\\\", line 154, in run\\n    self.POSITIONS = {state.position}\\n\"]}",
  "timestamp": 1700
}
{
  "sandboxLog": "[ERROR] TypeError: unhashable type: 'dict'\\n{\"errorMessage\": \"unhashable type: 'dict'\", \"errorType\": \"TypeError\", \"requestId\": \"14db1ace-4e6a-4330-9f2c-407dfad61b27\", \"stackTrace\": [\"  File \\\"/var/task/app.py\\\", line 31, in lambda_handler\\n    orders, conversion, traderData = trader.run(trading_state)\\n\", \"  File \\\"/var/task/trader.py\\\", line 154, in run\\n    self.POSITIONS = {state.position}\\n\"]}",
  "lambdaLog": "[ERROR] TypeError: unhashable type: 'dict'\\n{\"errorMessage\": \"unhashable type: 'dict'\", \"errorType\": \"TypeError\", \"requestId\": \"14db1ace-4e6a-4330-9f2c-407dfad61b27\", \"stackTrace\": [\"  File \\\"/var/task/app.py\\\", line 31, in lambda_handler\\n    orders, conversion, traderData = trader.run(trading_state)\\n\", \"  File \\\"/var/task/trader.py\\\", line 154, in run\\n    self.POSITIONS = {state.position}\\n\"]}",
  "timestamp": 1800
}
{
  "sandboxLog": "[ERROR] TypeError: unhashable type: 'dict'\\n{\"errorMessage\": \"unhashable type: 'dict'\", \"errorType\": \"TypeError\", \"requestId\": \"392faf09-7ecf-4b3e-b103-6c0c666e0173\", \"stackTrace\": [\"  File \\\"/var/task/app.py\\\", line 31, in lambda_handler\\n    orders, conversion, traderData = trader.run(trading_state)\\n\", \"  File \\\"/var/task/trader.py\\\", line 154, in run\\n    self.POSITIONS = {state.position}\\n\"]}",
  "lambdaLog": "[ERROR] TypeError: unhashable type: 'dict'\\n{\"errorMessage\": \"unhashable type: 'dict'\", \"errorType\": \"TypeError\", \"requestId\": \"392faf09-7ecf-4b3e-b103-6c0c666e0173\", \"stackTrace\": [\"  File \\\"/var/task/app.py\\\", line 31, in lambda_handler\\n    orders, conversion, traderData = trader.run(trading_state)\\n\", \"  File \\\"/var/task/trader.py\\\", line 154, in run\\n    self.POSITIONS = {state.position}\\n\"]}",
  "timestamp": 1900
}
{
  "sandboxLog": "[ERROR] TypeError: unhashable type: 'dict'\\n{\"errorMessage\": \"unhashable type: 'dict'\", \"errorType\": \"TypeError\", \"requestId\": \"8ce4b9a1-f663-41e8-8a9d-647707c99d5d\", \"stackTrace\": [\"  File \\\"/var/task/app.py\\\", line 31, in lambda_handler\\n    orders, conversion, traderData = trader.run(trading_state)\\n\", \"  File \\\"/var/task/trader.py\\\", line 154, in run\\n    self.POSITIONS = {state.position}\\n\"]}",
  "lambdaLog": "[ERROR] TypeError: unhashable type: 'dict'\\n{\"errorMessage\": \"unhashable type: 'dict'\", \"errorType\": \"TypeError\", \"requestId\": \"8ce4b9a1-f663-41e8-8a9d-647707c99d5d\", \"stackTrace\": [\"  File \\\"/var/task/app.py\\\", line 31, in lambda_handler\\n    orders, conversion, traderData = trader.run(trading_state)\\n\", \"  File \\\"/var/task/trader.py\\\", line 154, in run\\n    self.POSITIONS = {state.position}\\n\"]}",
  "timestamp": 2000
}
{
  "sandboxLog": "[ERROR] TypeError: unhashable type: 'dict'\\n{\"errorMessage\": \"unhashable type: 'dict'\", \"errorType\": \"TypeError\", \"requestId\": \"bf3a806a-5033-45ae-a7ef-2a00e20314ee\", \"stackTrace\": [\"  File \\\"/var/task/app.py\\\", line 31, in lambda_handler\\n    orders, conversion, traderData = trader.run(trading_state)\\n\", \"  File \\\"/var/task/trader.py\\\", line 154, in run\\n    self.POSITIONS = {state.position}\\n\"]}",
  "lambdaLog": "[ERROR] TypeError: unhashable type: 'dict'\\n{\"errorMessage\": \"unhashable type: 'dict'\", \"errorType\": \"TypeError\", \"requestId\": \"bf3a806a-5033-45ae-a7ef-2a00e20314ee\", \"stackTrace\": [\"  File \\\"/var/task/app.py\\\", line 31, in lambda_handler\\n    orders, conversion, traderData = trader.run(trading_state)\\n\", \"  File \\\"/var/task/trader.py\\\", line 154, in run\\n    self.POSITIONS = {state.position}\\n\"]}",
  "timestamp": 2100
}
{
  "sandboxLog": "[ERROR] TypeError: unhashable type: 'dict'\\n{\"errorMessage\": \"unhashable type: 'dict'\", \"errorType\": \"TypeError\", \"requestId\": \"758279e2-9614-4e0b-acd2-bd247f92f5a8\", \"stackTrace\": [\"  File \\\"/var/task/app.py\\\", line 31, in lambda_handler\\n    orders, conversion, traderData = trader.run(trading_state)\\n\", \"  File \\\"/var/task/trader.py\\\", line 154, in run\\n    self.POSITIONS = {state.position}\\n\"]}",
  "lambdaLog": "[ERROR] TypeError: unhashable type: 'dict'\\n{\"errorMessage\": \"unhashable type: 'dict'\", \"errorType\": \"TypeError\", \"requestId\": \"758279e2-9614-4e0b-acd2-bd247f92f5a8\", \"stackTrace\": [\"  File \\\"/var/task/app.py\\\", line 31, in lambda_handler\\n    orders, conversion, traderData = trader.run(trading_state)\\n\", \"  File \\\"/var/task/trader.py\\\", line 154, in run\\n    self.POSITIONS = {state.position}\\n\"]}",
  "timestamp": 2200
}
{
  "sandboxLog": "[ERROR] TypeError: unhashable type: 'dict'\\n{\"errorMessage\": \"unhashable type: 'dict'\", \"errorType\": \"TypeError\", \"requestId\": \"8c0161e9-6054-4b24-bb76-2972e011010e\", \"stackTrace\": [\"  File \\\"/var/task/app.py\\\", line 31, in lambda_handler\\n    orders, conversion, traderData = trader.run(trading_state)\\n\", \"  File \\\"/var/task/trader.py\\\", line 154, in run\\n    self.POSITIONS = {state.position}\\n\"]}",
  "lambdaLog": "[ERROR] TypeError: unhashable type: 'dict'\\n{\"errorMessage\": \"unhashable type: 'dict'\", \"errorType\": \"TypeError\", \"requestId\": \"8c0161e9-6054-4b24-bb76-2972e011010e\", \"stackTrace\": [\"  File \\\"/var/task/app.py\\\", line 31, in lambda_handler\\n    orders, conversion, traderData = trader.run(trading_state)\\n\", \"  File \\\"/var/task/trader.py\\\", line 154, in run\\n    self.POSITIONS = {state.position}\\n\"]}",
  "timestamp": 2300
}
{
  "sandboxLog": "[ERROR] TypeError: unhashable type: 'dict'\\n{\"errorMessage\": \"unhashable type: 'dict'\", \"errorType\": \"TypeError\", \"requestId\": \"704ebc0f-9bfe-42ff-b2d8-5b7211a1e05f\", \"stackTrace\": [\"  File \\\"/var/task/app.py\\\", line 31, in lambda_handler\\n    orders, conversion, traderData = trader.run(trading_state)\\n\", \"  File \\\"/var/task/trader.py\\\", line 154, in run\\n    self.POSITIONS = {state.position}\\n\"]}",
  "lambdaLog": "[ERROR] TypeError: unhashable type: 'dict'\\n{\"errorMessage\": \"unhashable type: 'dict'\", \"errorType\": \"TypeError\", \"requestId\": \"704ebc0f-9bfe-42ff-b2d8-5b7211a1e05f\", \"stackTrace\": [\"  File \\\"/var/task/app.py\\\", line 31, in lambda_handler\\n    orders, conversion, traderData = trader.run(trading_state)\\n\", \"  File \\\"/var/task/trader.py\\\", line 154, in run\\n    self.POSITIONS = {state.position}\\n\"]}",
  "timestamp": 2400
}
{
  "sandboxLog": "[ERROR] TypeError: unhashable type: 'dict'\\n{\"errorMessage\": \"unhashable type: 'dict'\", \"errorType\": \"TypeError\", \"requestId\": \"47b2d470-fef2-4a60-ac81-aa03b22eaffd\", \"stackTrace\": [\"  File \\\"/var/task/app.py\\\", line 31, in lambda_handler\\n    orders, conversion, traderData = trader.run(trading_state)\\n\", \"  File \\\"/var/task/trader.py\\\", line 154, in run\\n    self.POSITIONS = {state.position}\\n\"]}",
  "lambdaLog": "[ERROR] TypeError: unhashable type: 'dict'\\n{\"errorMessage\": \"unhashable type: 'dict'\", \"errorType\": \"TypeError\", \"requestId\": \"47b2d470-fef2-4a60-ac81-aa03b22eaffd\", \"stackTrace\": [\"  File \\\"/var/task/app.py\\\", line 31, in lambda_handler\\n    orders, conversion, traderData = trader.run(trading_state)\\n\", \"  File \\\"/var/task/trader.py\\\", line 154, in run\\n    self.POSITIONS = {state.position}\\n\"]}",
  "timestamp": 2500
}
{
  "sandboxLog": "[ERROR] TypeError: unhashable type: 'dict'\\n{\"errorMessage\": \"unhashable type: 'dict'\", \"errorType\": \"TypeError\", \"requestId\": \"4e534fa2-1712-4173-9ca1-a844b22a5609\", \"stackTrace\": [\"  File \\\"/var/task/app.py\\\", line 31, in lambda_handler\\n    orders, conversion, traderData = trader.run(trading_state)\\n\", \"  File \\\"/var/task/trader.py\\\", line 154, in run\\n    self.POSITIONS = {state.position}\\n\"]}",
  "lambdaLog": "[ERROR] TypeError: unhashable type: 'dict'\\n{\"errorMessage\": \"unhashable type: 'dict'\", \"errorType\": \"TypeError\", \"requestId\": \"4e534fa2-1712-4173-9ca1-a844b22a5609\", \"stackTrace\": [\"  File \\\"/var/task/app.py\\\", line 31, in lambda_handler\\n    orders, conversion, traderData = trader.run(trading_state)\\n\", \"  File \\\"/var/task/trader.py\\\", line 154, in run\\n    self.POSITIONS = {state.position}\\n\"]}",
  "timestamp": 2600
}
{
  "sandboxLog": "[ERROR] TypeError: unhashable type: 'dict'\\n{\"errorMessage\": \"unhashable type: 'dict'\", \"errorType\": \"TypeError\", \"requestId\": \"5d27e3c1-86da-44f6-802c-98f26b89acfa\", \"stackTrace\": [\"  File \\\"/var/task/app.py\\\", line 31, in lambda_handler\\n    orders, conversion, traderData = trader.run(trading_state)\\n\", \"  File \\\"/var/task/trader.py\\\", line 154, in run\\n    self.POSITIONS = {state.position}\\n\"]}",
  "lambdaLog": "[ERROR] TypeError: unhashable type: 'dict'\\n{\"errorMessage\": \"unhashable type: 'dict'\", \"errorType\": \"TypeError\", \"requestId\": \"5d27e3c1-86da-44f6-802c-98f26b89acfa\", \"stackTrace\": [\"  File \\\"/var/task/app.py\\\", line 31, in lambda_handler\\n    orders, conversion, traderData = trader.run(trading_state)\\n\", \"  File \\\"/var/task/trader.py\\\", line 154, in run\\n    self.POSITIONS = {state.position}\\n\"]}",
  "timestamp": 2700
}
{
  "sandboxLog": "[ERROR] TypeError: unhashable type: 'dict'\\n{\"errorMessage\": \"unhashable type: 'dict'\", \"errorType\": \"TypeError\", \"requestId\": \"f86cd6ed-799a-4784-872a-4c800eaa1a94\", \"stackTrace\": [\"  File \\\"/var/task/app.py\\\", line 31, in lambda_handler\\n    orders, conversion, traderData = trader.run(trading_state)\\n\", \"  File \\\"/var/task/trader.py\\\", line 154, in run\\n    self.POSITIONS = {state.position}\\n\"]}",
  "lambdaLog": "[ERROR] TypeError: unhashable type: 'dict'\\n{\"errorMessage\": \"unhashable type: 'dict'\", \"errorType\": \"TypeError\", \"requestId\": \"f86cd6ed-799a-4784-872a-4c800eaa1a94\", \"stackTrace\": [\"  File \\\"/var/task/app.py\\\", line 31, in lambda_handler\\n    orders, conversion, traderData = trader.run(trading_state)\\n\", \"  File \\\"/var/task/trader.py\\\", line 154, in run\\n    self.POSITIONS = {state.position}\\n\"]}",
  "timestamp": 2800
}
{
  "sandboxLog": "[ERROR] TypeError: unhashable type: 'dict'\\n{\"errorMessage\": \"unhashable type: 'dict'\", \"errorType\": \"TypeError\", \"requestId\": \"36a79922-0f21-461d-9e76-5fcb22a22f09\", \"stackTrace\": [\"  File \\\"/var/task/app.py\\\", line 31, in lambda_handler\\n    orders, conversion, traderData = trader.run(trading_state)\\n\", \"  File \\\"/var/task/trader.py\\\", line 154, in run\\n    self.POSITIONS = {state.position}\\n\"]}",
  "lambdaLog": "[ERROR] TypeError: unhashable type: 'dict'\\n{\"errorMessage\": \"unhashable type: 'dict'\", \"errorType\": \"TypeError\", \"requestId\": \"36a79922-0f21-461d-9e76-5fcb22a22f09\", \"stackTrace\": [\"  File \\\"/var/task/app.py\\\", line 31, in lambda_handler\\n    orders, conversion, traderData = trader.run(trading_state)\\n\", \"  File \\\"/var/task/trader.py\\\", line 154, in run\\n    self.POSITIONS = {state.position}\\n\"]}",
  "timestamp": 2900
}
{
  "sandboxLog": "[ERROR] TypeError: unhashable type: 'dict'\\n{\"errorMessage\": \"unhashable type: 'dict'\", \"errorType\": \"TypeError\", \"requestId\": \"47cdd36d-5381-4ec6-8b08-40dfc0b38edf\", \"stackTrace\": [\"  File \\\"/var/task/app.py\\\", line 31, in lambda_handler\\n    orders, conversion, traderData = trader.run(trading_state)\\n\", \"  File \\\"/var/task/trader.py\\\", line 154, in run\\n    self.POSITIONS = {state.position}\\n\"]}",
  "lambdaLog": "[ERROR] TypeError: unhashable type: 'dict'\\n{\"errorMessage\": \"unhashable type: 'dict'\", \"errorType\": \"TypeError\", \"requestId\": \"47cdd36d-5381-4ec6-8b08-40dfc0b38edf\", \"stackTrace\": [\"  File \\\"/var/task/app.py\\\", line 31, in lambda_handler\\n    orders, conversion, traderData = trader.run(trading_state)\\n\", \"  File \\\"/var/task/trader.py\\\", line 154, in run\\n    self.POSITIONS = {state.position}\\n\"]}",
  "timestamp": 3000
}
{
  "sandboxLog": "[ERROR] TypeError: unhashable type: 'dict'\\n{\"errorMessage\": \"unhashable type: 'dict'\", \"errorType\": \"TypeError\", \"requestId\": \"248f6426-c473-483e-89a4-135bf2760e43\", \"stackTrace\": [\"  File \\\"/var/task/app.py\\\", line 31, in lambda_handler\\n    orders, conversion, traderData = trader.run(trading_state)\\n\", \"  File \\\"/var/task/trader.py\\\", line 154, in run\\n    self.POSITIONS = {state.position}\\n\"]}",
  "lambdaLog": "[ERROR] TypeError: unhashable type: 'dict'\\n{\"errorMessage\": \"unhashable type: 'dict'\", \"errorType\": \"TypeError\", \"requestId\": \"248f6426-c473-483e-89a4-135bf2760e43\", \"stackTrace\": [\"  File \\\"/var/task/app.py\\\", line 31, in lambda_handler\\n    orders, conversion, traderData = trader.run(trading_state)\\n\", \"  File \\\"/var/task/trader.py\\\", line 154, in run\\n    self.POSITIONS = {state.position}\\n\"]}",
  "timestamp": 3100
}
{
  "sandboxLog": "[ERROR] TypeError: unhashable type: 'dict'\\n{\"errorMessage\": \"unhashable type: 'dict'\", \"errorType\": \"TypeError\", \"requestId\": \"de2cec8b-9f03-47af-a367-ba4be2a9697a\", \"stackTrace\": [\"  File \\\"/var/task/app.py\\\", line 31, in lambda_handler\\n    orders, conversion, traderData = trader.run(trading_state)\\n\", \"  File \\\"/var/task/trader.py\\\", line 154, in run\\n    self.POSITIONS = {state.position}\\n\"]}",
  "lambdaLog": "[ERROR] TypeError: unhashable type: 'dict'\\n{\"errorMessage\": \"unhashable type: 'dict'\", \"errorType\": \"TypeError\", \"requestId\": \"de2cec8b-9f03-47af-a367-ba4be2a9697a\", \"stackTrace\": [\"  File \\\"/var/task/app.py\\\", line 31, in lambda_handler\\n    orders, conversion, traderData = trader.run(trading_state)\\n\", \"  File \\\"/var/task/trader.py\\\", line 154, in run\\n    self.POSITIONS = {state.position}\\n\"]}",
  "timestamp": 3200
}
{
  "sandboxLog": "[ERROR] TypeError: unhashable type: 'dict'\\n{\"errorMessage\": \"unhashable type: 'dict'\", \"errorType\": \"TypeError\", \"requestId\": \"116edf72-30c0-4fa6-b6bc-f6bdd2b010f2\", \"stackTrace\": [\"  File \\\"/var/task/app.py\\\", line 31, in lambda_handler\\n    orders, conversion, traderData = trader.run(trading_state)\\n\", \"  File \\\"/var/task/trader.py\\\", line 154, in run\\n    self.POSITIONS = {state.position}\\n\"]}",
  "lambdaLog": "[ERROR] TypeError: unhashable type: 'dict'\\n{\"errorMessage\": \"unhashable type: 'dict'\", \"errorType\": \"TypeError\", \"requestId\": \"116edf72-30c0-4fa6-b6bc-f6bdd2b010f2\", \"stackTrace\": [\"  File \\\"/var/task/app.py\\\", line 31, in lambda_handler\\n    orders, conversion, traderData = trader.run(trading_state)\\n\", \"  File \\\"/var/task/trader.py\\\", line 154, in run\\n    self.POSITIONS = {state.position}\\n\"]}",
  "timestamp": 3300
}
{
  "sandboxLog": "[ERROR] TypeError: unhashable type: 'dict'\\n{\"errorMessage\": \"unhashable type: 'dict'\", \"errorType\": \"TypeError\", \"requestId\": \"a6b92090-cb29-40ea-97cf-cfc12253d0e6\", \"stackTrace\": [\"  File \\\"/var/task/app.py\\\", line 31, in lambda_handler\\n    orders, conversion, traderData = trader.run(trading_state)\\n\", \"  File \\\"/var/task/trader.py\\\", line 154, in run\\n    self.POSITIONS = {state.position}\\n\"]}",
  "lambdaLog": "[ERROR] TypeError: unhashable type: 'dict'\\n{\"errorMessage\": \"unhashable type: 'dict'\", \"errorType\": \"TypeError\", \"requestId\": \"a6b92090-cb29-40ea-97cf-cfc12253d0e6\", \"stackTrace\": [\"  File \\\"/var/task/app.py\\\", line 31, in lambda_handler\\n    orders, conversion, traderData = trader.run(trading_state)\\n\", \"  File \\\"/var/task/trader.py\\\", line 154, in run\\n    self.POSITIONS = {state.position}\\n\"]}",
  "timestamp": 3400
}
{
  "sandboxLog": "[ERROR] TypeError: unhashable type: 'dict'\\n{\"errorMessage\": \"unhashable type: 'dict'\", \"errorType\": \"TypeError\", \"requestId\": \"c5b16b67-95bf-4b0a-8d6b-6fe21c8c3843\", \"stackTrace\": [\"  File \\\"/var/task/app.py\\\", line 31, in lambda_handler\\n    orders, conversion, traderData = trader.run(trading_state)\\n\", \"  File \\\"/var/task/trader.py\\\", line 154, in run\\n    self.POSITIONS = {state.position}\\n\"]}",
  "lambdaLog": "[ERROR] TypeError: unhashable type: 'dict'\\n{\"errorMessage\": \"unhashable type: 'dict'\", \"errorType\": \"TypeError\", \"requestId\": \"c5b16b67-95bf-4b0a-8d6b-6fe21c8c3843\", \"stackTrace\": [\"  File \\\"/var/task/app.py\\\", line 31, in lambda_handler\\n    orders, conversion, traderData = trader.run(trading_state)\\n\", \"  File \\\"/var/task/trader.py\\\", line 154, in run\\n    self.POSITIONS = {state.position}\\n\"]}",
  "timestamp": 3500
}
{
  "sandboxLog": "[ERROR] TypeError: unhashable type: 'dict'\\n{\"errorMessage\": \"unhashable type: 'dict'\", \"errorType\": \"TypeError\", \"requestId\": \"1770930c-f78c-46c0-94fa-e50b7d2c2c79\", \"stackTrace\": [\"  File \\\"/var/task/app.py\\\", line 31, in lambda_handler\\n    orders, conversion, traderData = trader.run(trading_state)\\n\", \"  File \\\"/var/task/trader.py\\\", line 154, in run\\n    self.POSITIONS = {state.position}\\n\"]}",
  "lambdaLog": "[ERROR] TypeError: unhashable type: 'dict'\\n{\"errorMessage\": \"unhashable type: 'dict'\", \"errorType\": \"TypeError\", \"requestId\": \"1770930c-f78c-46c0-94fa-e50b7d2c2c79\", \"stackTrace\": [\"  File \\\"/var/task/app.py\\\", line 31, in lambda_handler\\n    orders, conversion, traderData = trader.run(trading_state)\\n\", \"  File \\\"/var/task/trader.py\\\", line 154, in run\\n    self.POSITIONS = {state.position}\\n\"]}",
  "timestamp": 3600
}
{
  "sandboxLog": "[ERROR] TypeError: unhashable type: 'dict'\\n{\"errorMessage\": \"unhashable type: 'dict'\", \"errorType\": \"TypeError\", \"requestId\": \"1fe3423e-a140-42e2-9b0f-f3d5d5921444\", \"stackTrace\": [\"  File \\\"/var/task/app.py\\\", line 31, in lambda_handler\\n    orders, conversion, traderData = trader.run(trading_state)\\n\", \"  File \\\"/var/task/trader.py\\\", line 154, in run\\n    self.POSITIONS = {state.position}\\n\"]}",
  "lambdaLog": "[ERROR] TypeError: unhashable type: 'dict'\\n{\"errorMessage\": \"unhashable type: 'dict'\", \"errorType\": \"TypeError\", \"requestId\": \"1fe3423e-a140-42e2-9b0f-f3d5d5921444\", \"stackTrace\": [\"  File \\\"/var/task/app.py\\\", line 31, in lambda_handler\\n    orders, conversion, traderData = trader.run(trading_state)\\n\", \"  File \\\"/var/task/trader.py\\\", line 154, in run\\n    self.POSITIONS = {state.position}\\n\"]}",
  "timestamp": 3700
}
{
  "sandboxLog": "[ERROR] TypeError: unhashable type: 'dict'\\n{\"errorMessage\": \"unhashable type: 'dict'\", \"errorType\": \"TypeError\", \"requestId\": \"ef197eb5-5c4f-46ca-9022-cff4e7543848\", \"stackTrace\": [\"  File \\\"/var/task/app.py\\\", line 31, in lambda_handler\\n    orders, conversion, traderData = trader.run(trading_state)\\n\", \"  File \\\"/var/task/trader.py\\\", line 154, in run\\n    self.POSITIONS = {state.position}\\n\"]}",
  "lambdaLog": "[ERROR] TypeError: unhashable type: 'dict'\\n{\"errorMessage\": \"unhashable type: 'dict'\", \"errorType\": \"TypeError\", \"requestId\": \"ef197eb5-5c4f-46ca-9022-cff4e7543848\", \"stackTrace\": [\"  File \\\"/var/task/app.py\\\", line 31, in lambda_handler\\n    orders, conversion, traderData = trader.run(trading_state)\\n\", \"  File \\\"/var/task/trader.py\\\", line 154, in run\\n    self.POSITIONS = {state.position}\\n\"]}",
  "timestamp": 3800
}
{
  "sandboxLog": "[ERROR] TypeError: unhashable type: 'dict'\\n{\"errorMessage\": \"unhashable type: 'dict'\", \"errorType\": \"TypeError\", \"requestId\": \"06d77129-b5f5-4ba7-8298-e62bf2572b49\", \"stackTrace\": [\"  File \\\"/var/task/app.py\\\", line 31, in lambda_handler\\n    orders, conversion, traderData = trader.run(trading_state)\\n\", \"  File \\\"/var/task/trader.py\\\", line 154, in run\\n    self.POSITIONS = {state.position}\\n\"]}",
  "lambdaLog": "[ERROR] TypeError: unhashable type: 'dict'\\n{\"errorMessage\": \"unhashable type: 'dict'\", \"errorType\": \"TypeError\", \"requestId\": \"06d77129-b5f5-4ba7-8298-e62bf2572b49\", \"stackTrace\": [\"  File \\\"/var/task/app.py\\\", line 31, in lambda_handler\\n    orders, conversion, traderData = trader.run(trading_state)\\n\", \"  File \\\"/var/task/trader.py\\\", line 154, in run\\n    self.POSITIONS = {state.position}\\n\"]}",
  "timestamp": 3900
}
{
  "sandboxLog": "[ERROR] TypeError: unhashable type: 'dict'\\n{\"errorMessage\": \"unhashable type: 'dict'\", \"errorType\": \"TypeError\", \"requestId\": \"33120227-2353-49cc-aa78-aeed265aed23\", \"stackTrace\": [\"  File \\\"/var/task/app.py\\\", line 31, in lambda_handler\\n    orders, conversion, traderData = trader.run(trading_state)\\n\", \"  File \\\"/var/task/trader.py\\\", line 154, in run\\n    self.POSITIONS = {state.position}\\n\"]}",
  "lambdaLog": "[ERROR] TypeError: unhashable type: 'dict'\\n{\"errorMessage\": \"unhashable type: 'dict'\", \"errorType\": \"TypeError\", \"requestId\": \"33120227-2353-49cc-aa78-aeed265aed23\", \"stackTrace\": [\"  File \\\"/var/task/app.py\\\", line 31, in lambda_handler\\n    orders, conversion, traderData = trader.run(trading_state)\\n\", \"  File \\\"/var/task/trader.py\\\", line 154, in run\\n    self.POSITIONS = {state.position}\\n\"]}",
  "timestamp": 4000
}
{
  "sandboxLog": "[ERROR] TypeError: unhashable type: 'dict'\\n{\"errorMessage\": \"unhashable type: 'dict'\", \"errorType\": \"TypeError\", \"requestId\": \"ef253f0b-0e47-4bc9-8a2c-35b26414419b\", \"stackTrace\": [\"  File \\\"/var/task/app.py\\\", line 31, in lambda_handler\\n    orders, conversion, traderData = trader.run(trading_state)\\n\", \"  File \\\"/var/task/trader.py\\\", line 154, in run\\n    self.POSITIONS = {state.position}\\n\"]}",
  "lambdaLog": "[ERROR] TypeError: unhashable type: 'dict'\\n{\"errorMessage\": \"unhashable type: 'dict'\", \"errorType\": \"TypeError\", \"requestId\": \"ef253f0b-0e47-4bc9-8a2c-35b26414419b\", \"stackTrace\": [\"  File \\\"/var/task/app.py\\\", line 31, in lambda_handler\\n    orders, conversion, traderData = trader.run(trading_state)\\n\", \"  File \\\"/var/task/trader.py\\\", line 154, in run\\n    self.POSITIONS = {state.position}\\n\"]}",
  "timestamp": 4100
}
{
  "sandboxLog": "[ERROR] TypeError: unhashable type: 'dict'\\n{\"errorMessage\": \"unhashable type: 'dict'\", \"errorType\": \"TypeError\", \"requestId\": \"2c95bdf2-4198-4b71-8a6f-6fdb27547fa4\", \"stackTrace\": [\"  File \\\"/var/task/app.py\\\", line 31, in lambda_handler\\n    orders, conversion, traderData = trader.run(trading_state)\\n\", \"  File \\\"/var/task/trader.py\\\", line 154, in run\\n    self.POSITIONS = {state.position}\\n\"]}",
  "lambdaLog": "[ERROR] TypeError: unhashable type: 'dict'\\n{\"errorMessage\": \"unhashable type: 'dict'\", \"errorType\": \"TypeError\", \"requestId\": \"2c95bdf2-4198-4b71-8a6f-6fdb27547fa4\", \"stackTrace\": [\"  File \\\"/var/task/app.py\\\", line 31, in lambda_handler\\n    orders, conversion, traderData = trader.run(trading_state)\\n\", \"  File \\\"/var/task/trader.py\\\", line 154, in run\\n    self.POSITIONS = {state.position}\\n\"]}",
  "timestamp": 4200
}
{
  "sandboxLog": "[ERROR] TypeError: unhashable type: 'dict'\\n{\"errorMessage\": \"unhashable type: 'dict'\", \"errorType\": \"TypeError\", \"requestId\": \"22bdfeef-0454-410f-9eae-29cbc2c8f82f\", \"stackTrace\": [\"  File \\\"/var/task/app.py\\\", line 31, in lambda_handler\\n    orders, conversion, traderData = trader.run(trading_state)\\n\", \"  File \\\"/var/task/trader.py\\\", line 154, in run\\n    self.POSITIONS = {state.position}\\n\"]}",
  "lambdaLog": "[ERROR] TypeError: unhashable type: 'dict'\\n{\"errorMessage\": \"unhashable type: 'dict'\", \"errorType\": \"TypeError\", \"requestId\": \"22bdfeef-0454-410f-9eae-29cbc2c8f82f\", \"stackTrace\": [\"  File \\\"/var/task/app.py\\\", line 31, in lambda_handler\\n    orders, conversion, traderData = trader.run(trading_state)\\n\", \"  File \\\"/var/task/trader.py\\\", line 154, in run\\n    self.POSITIONS = {state.position}\\n\"]}",
  "timestamp": 4300
}
{
  "sandboxLog": "[ERROR] TypeError: unhashable type: 'dict'\\n{\"errorMessage\": \"unhashable type: 'dict'\", \"errorType\": \"TypeError\", \"requestId\": \"2974d573-982e-48cf-a6ff-6e9670157790\", \"stackTrace\": [\"  File \\\"/var/task/app.py\\\", line 31, in lambda_handler\\n    orders, conversion, traderData = trader.run(trading_state)\\n\", \"  File \\\"/var/task/trader.py\\\", line 154, in run\\n    self.POSITIONS = {state.position}\\n\"]}",
  "lambdaLog": "[ERROR] TypeError: unhashable type: 'dict'\\n{\"errorMessage\": \"unhashable type: 'dict'\", \"errorType\": \"TypeError\", \"requestId\": \"2974d573-982e-48cf-a6ff-6e9670157790\", \"stackTrace\": [\"  File \\\"/var/task/app.py\\\", line 31, in lambda_handler\\n    orders, conversion, traderData = trader.run(trading_state)\\n\", \"  File \\\"/var/task/trader.py\\\", line 154, in run\\n    self.POSITIONS = {state.position}\\n\"]}",
  "timestamp": 4400
}
{
  "sandboxLog": "[ERROR] TypeError: unhashable type: 'dict'\\n{\"errorMessage\": \"unhashable type: 'dict'\", \"errorType\": \"TypeError\", \"requestId\": \"25eece94-bd2d-43e3-b16a-41bd11fee776\", \"stackTrace\": [\"  File \\\"/var/task/app.py\\\", line 31, in lambda_handler\\n    orders, conversion, traderData = trader.run(trading_state)\\n\", \"  File \\\"/var/task/trader.py\\\", line 154, in run\\n    self.POSITIONS = {state.position}\\n\"]}",
  "lambdaLog": "[ERROR] TypeError: unhashable type: 'dict'\\n{\"errorMessage\": \"unhashable type: 'dict'\", \"errorType\": \"TypeError\", \"requestId\": \"25eece94-bd2d-43e3-b16a-41bd11fee776\", \"stackTrace\": [\"  File \\\"/var/task/app.py\\\", line 31, in lambda_handler\\n    orders, conversion, traderData = trader.run(trading_state)\\n\", \"  File \\\"/var/task/trader.py\\\", line 154, in run\\n    self.POSITIONS = {state.position}\\n\"]}",
  "timestamp": 4500
}
{
  "sandboxLog": "[ERROR] TypeError: unhashable type: 'dict'\\n{\"errorMessage\": \"unhashable type: 'dict'\", \"errorType\": \"TypeError\", \"requestId\": \"44f6b4c8-5030-417c-a4e1-9c14826984ad\", \"stackTrace\": [\"  File \\\"/var/task/app.py\\\", line 31, in lambda_handler\\n    orders, conversion, traderData = trader.run(trading_state)\\n\", \"  File \\\"/var/task/trader.py\\\", line 154, in run\\n    self.POSITIONS = {state.position}\\n\"]}",
  "lambdaLog": "[ERROR] TypeError: unhashable type: 'dict'\\n{\"errorMessage\": \"unhashable type: 'dict'\", \"errorType\": \"TypeError\", \"requestId\": \"44f6b4c8-5030-417c-a4e1-9c14826984ad\", \"stackTrace\": [\"  File \\\"/var/task/app.py\\\", line 31, in lambda_handler\\n    orders, conversion, traderData = trader.run(trading_state)\\n\", \"  File \\\"/var/task/trader.py\\\", line 154, in run\\n    self.POSITIONS = {state.position}\\n\"]}",
  "timestamp": 4600
}
{
  "sandboxLog": "[ERROR] TypeError: unhashable type: 'dict'\\n{\"errorMessage\": \"unhashable type: 'dict'\", \"errorType\": \"TypeError\", \"requestId\": \"cdaf2649-b76f-4674-96a2-1dcfbca9ccf3\", \"stackTrace\": [\"  File \\\"/var/task/app.py\\\", line 31, in lambda_handler\\n    orders, conversion, traderData = trader.run(trading_state)\\n\", \"  File \\\"/var/task/trader.py\\\", line 154, in run\\n    self.POSITIONS = {state.position}\\n\"]}",
  "lambdaLog": "[ERROR] TypeError: unhashable type: 'dict'\\n{\"errorMessage\": \"unhashable type: 'dict'\", \"errorType\": \"TypeError\", \"requestId\": \"cdaf2649-b76f-4674-96a2-1dcfbca9ccf3\", \"stackTrace\": [\"  File \\\"/var/task/app.py\\\", line 31, in lambda_handler\\n    orders, conversion, traderData = trader.run(trading_state)\\n\", \"  File \\\"/var/task/trader.py\\\", line 154, in run\\n    self.POSITIONS = {state.position}\\n\"]}",
  "timestamp": 4700
}
{
  "sandboxLog": "[ERROR] TypeError: unhashable type: 'dict'\\n{\"errorMessage\": \"unhashable type: 'dict'\", \"errorType\": \"TypeError\", \"requestId\": \"831ad4c7-8739-4009-9e82-012379c6308e\", \"stackTrace\": [\"  File \\\"/var/task/app.py\\\", line 31, in lambda_handler\\n    orders, conversion, traderData = trader.run(trading_state)\\n\", \"  File \\\"/var/task/trader.py\\\", line 154, in run\\n    self.POSITIONS = {state.position}\\n\"]}",
  "lambdaLog": "[ERROR] TypeError: unhashable type: 'dict'\\n{\"errorMessage\": \"unhashable type: 'dict'\", \"errorType\": \"TypeError\", \"requestId\": \"831ad4c7-8739-4009-9e82-012379c6308e\", \"stackTrace\": [\"  File \\\"/var/task/app.py\\\", line 31, in lambda_handler\\n    orders, conversion, traderData = trader.run(trading_state)\\n\", \"  File \\\"/var/task/trader.py\\\", line 154, in run\\n    self.POSITIONS = {state.position}\\n\"]}",
  "timestamp": 4800
}
{
  "sandboxLog": "[ERROR] TypeError: unhashable type: 'dict'\\n{\"errorMessage\": \"unhashable type: 'dict'\", \"errorType\": \"TypeError\", \"requestId\": \"aea27778-caee-43cc-b602-b337e91ac269\", \"stackTrace\": [\"  File \\\"/var/task/app.py\\\", line 31, in lambda_handler\\n    orders, conversion, traderData = trader.run(trading_state)\\n\", \"  File \\\"/var/task/trader.py\\\", line 154, in run\\n    self.POSITIONS = {state.position}\\n\"]}",
  "lambdaLog": "[ERROR] TypeError: unhashable type: 'dict'\\n{\"errorMessage\": \"unhashable type: 'dict'\", \"errorType\": \"TypeError\", \"requestId\": \"aea27778-caee-43cc-b602-b337e91ac269\", \"stackTrace\": [\"  File \\\"/var/task/app.py\\\", line 31, in lambda_handler\\n    orders, conversion, traderData = trader.run(trading_state)\\n\", \"  File \\\"/var/task/trader.py\\\", line 154, in run\\n    self.POSITIONS = {state.position}\\n\"]}",
  "timestamp": 4900
}
{
  "sandboxLog": "[ERROR] TypeError: unhashable type: 'dict'\\n{\"errorMessage\": \"unhashable type: 'dict'\", \"errorType\": \"TypeError\", \"requestId\": \"076132b2-f4b2-4b01-91f3-b2746b32777b\", \"stackTrace\": [\"  File \\\"/var/task/app.py\\\", line 31, in lambda_handler\\n    orders, conversion, traderData = trader.run(trading_state)\\n\", \"  File \\\"/var/task/trader.py\\\", line 154, in run\\n    self.POSITIONS = {state.position}\\n\"]}",
  "lambdaLog": "[ERROR] TypeError: unhashable type: 'dict'\\n{\"errorMessage\": \"unhashable type: 'dict'\", \"errorType\": \"TypeError\", \"requestId\": \"076132b2-f4b2-4b01-91f3-b2746b32777b\", \"stackTrace\": [\"  File \\\"/var/task/app.py\\\", line 31, in lambda_handler\\n    orders, conversion, traderData = trader.run(trading_state)\\n\", \"  File \\\"/var/task/trader.py\\\", line 154, in run\\n    self.POSITIONS = {state.position}\\n\"]}",
  "timestamp": 5000
}
{
  "sandboxLog": "[ERROR] TypeError: unhashable type: 'dict'\\n{\"errorMessage\": \"unhashable type: 'dict'\", \"errorType\": \"TypeError\", \"requestId\": \"789c131e-be81-4a8e-ad5e-6f52155c0bb3\", \"stackTrace\": [\"  File \\\"/var/task/app.py\\\", line 31, in lambda_handler\\n    orders, conversion, traderData = trader.run(trading_state)\\n\", \"  File \\\"/var/task/trader.py\\\", line 154, in run\\n    self.POSITIONS = {state.position}\\n\"]}",
  "lambdaLog": "[ERROR] TypeError: unhashable type: 'dict'\\n{\"errorMessage\": \"unhashable type: 'dict'\", \"errorType\": \"TypeError\", \"requestId\": \"789c131e-be81-4a8e-ad5e-6f52155c0bb3\", \"stackTrace\": [\"  File \\\"/var/task/app.py\\\", line 31, in lambda_handler\\n    orders, conversion, traderData = trader.run(trading_state)\\n\", \"  File \\\"/var/task/trader.py\\\", line 154, in run\\n    self.POSITIONS = {state.position}\\n\"]}",
  "timestamp": 5100
}
{
  "sandboxLog": "[ERROR] TypeError: unhashable type: 'dict'\\n{\"errorMessage\": \"unhashable type: 'dict'\", \"errorType\": \"TypeError\", \"requestId\": \"ab97f158-d567-4960-a3b9-166635549017\", \"stackTrace\": [\"  File \\\"/var/task/app.py\\\", line 31, in lambda_handler\\n    orders, conversion, traderData = trader.run(trading_state)\\n\", \"  File \\\"/var/task/trader.py\\\", line 154, in run\\n    self.POSITIONS = {state.position}\\n\"]}",
  "lambdaLog": "[ERROR] TypeError: unhashable type: 'dict'\\n{\"errorMessage\": \"unhashable type: 'dict'\", \"errorType\": \"TypeError\", \"requestId\": \"ab97f158-d567-4960-a3b9-166635549017\", \"stackTrace\": [\"  File \\\"/var/task/app.py\\\", line 31, in lambda_handler\\n    orders, conversion, traderData = trader.run(trading_state)\\n\", \"  File \\\"/var/task/trader.py\\\", line 154, in run\\n    self.POSITIONS = {state.position}\\n\"]}",
  "timestamp": 5200
}
{
  "sandboxLog": "[ERROR] TypeError: unhashable type: 'dict'\\n{\"errorMessage\": \"unhashable type: 'dict'\", \"errorType\": \"TypeError\", \"requestId\": \"48ce3f23-0ab3-40ac-9741-73aba4575135\", \"stackTrace\": [\"  File \\\"/var/task/app.py\\\", line 31, in lambda_handler\\n    orders, conversion, traderData = trader.run(trading_state)\\n\", \"  File \\\"/var/task/trader.py\\\", line 154, in run\\n    self.POSITIONS = {state.position}\\n\"]}",
  "lambdaLog": "[ERROR] TypeError: unhashable type: 'dict'\\n{\"errorMessage\": \"unhashable type: 'dict'\", \"errorType\": \"TypeError\", \"requestId\": \"48ce3f23-0ab3-40ac-9741-73aba4575135\", \"stackTrace\": [\"  File \\\"/var/task/app.py\\\", line 31, in lambda_handler\\n    orders, conversion, traderData = trader.run(trading_state)\\n\", \"  File \\\"/var/task/trader.py\\\", line 154, in run\\n    self.POSITIONS = {state.position}\\n\"]}",
  "timestamp": 5300
}
{
  "sandboxLog": "[ERROR] TypeError: unhashable type: 'dict'\\n{\"errorMessage\": \"unhashable type: 'dict'\", \"errorType\": \"TypeError\", \"requestId\": \"5050d94a-16e5-44b8-9691-f22181b5515a\", \"stackTrace\": [\"  File \\\"/var/task/app.py\\\", line 31, in lambda_handler\\n    orders, conversion, traderData = trader.run(trading_state)\\n\", \"  File \\\"/var/task/trader.py\\\", line 154, in run\\n    self.POSITIONS = {state.position}\\n\"]}",
  "lambdaLog": "[ERROR] TypeError: unhashable type: 'dict'\\n{\"errorMessage\": \"unhashable type: 'dict'\", \"errorType\": \"TypeError\", \"requestId\": \"5050d94a-16e5-44b8-9691-f22181b5515a\", \"stackTrace\": [\"  File \\\"/var/task/app.py\\\", line 31, in lambda_handler\\n    orders, conversion, traderData = trader.run(trading_state)\\n\", \"  File \\\"/var/task/trader.py\\\", line 154, in run\\n    self.POSITIONS = {state.position}\\n\"]}",
  "timestamp": 5400
}
{
  "sandboxLog": "[ERROR] TypeError: unhashable type: 'dict'\\n{\"errorMessage\": \"unhashable type: 'dict'\", \"errorType\": \"TypeError\", \"requestId\": \"bd9e18ea-6119-4cad-af1a-c1ddb9f1f386\", \"stackTrace\": [\"  File \\\"/var/task/app.py\\\", line 31, in lambda_handler\\n    orders, conversion, traderData = trader.run(trading_state)\\n\", \"  File \\\"/var/task/trader.py\\\", line 154, in run\\n    self.POSITIONS = {state.position}\\n\"]}",
  "lambdaLog": "[ERROR] TypeError: unhashable type: 'dict'\\n{\"errorMessage\": \"unhashable type: 'dict'\", \"errorType\": \"TypeError\", \"requestId\": \"bd9e18ea-6119-4cad-af1a-c1ddb9f1f386\", \"stackTrace\": [\"  File \\\"/var/task/app.py\\\", line 31, in lambda_handler\\n    orders, conversion, traderData = trader.run(trading_state)\\n\", \"  File \\\"/var/task/trader.py\\\", line 154, in run\\n    self.POSITIONS = {state.position}\\n\"]}",
  "timestamp": 5500
}
{
  "sandboxLog": "[ERROR] TypeError: unhashable type: 'dict'\\n{\"errorMessage\": \"unhashable type: 'dict'\", \"errorType\": \"TypeError\", \"requestId\": \"ce372f4a-f47a-4568-9ace-f82c04d3231f\", \"stackTrace\": [\"  File \\\"/var/task/app.py\\\", line 31, in lambda_handler\\n    orders, conversion, traderData = trader.run(trading_state)\\n\", \"  File \\\"/var/task/trader.py\\\", line 154, in run\\n    self.POSITIONS = {state.position}\\n\"]}",
  "lambdaLog": "[ERROR] TypeError: unhashable type: 'dict'\\n{\"errorMessage\": \"unhashable type: 'dict'\", \"errorType\": \"TypeError\", \"requestId\": \"ce372f4a-f47a-4568-9ace-f82c04d3231f\", \"stackTrace\": [\"  File \\\"/var/task/app.py\\\", line 31, in lambda_handler\\n    orders, conversion, traderData = trader.run(trading_state)\\n\", \"  File \\\"/var/task/trader.py\\\", line 154, in run\\n    self.POSITIONS = {state.position}\\n\"]}",
  "timestamp": 5600
}
{
  "sandboxLog": "[ERROR] TypeError: unhashable type: 'dict'\\n{\"errorMessage\": \"unhashable type: 'dict'\", \"errorType\": \"TypeError\", \"requestId\": \"90a371e0-1377-443b-9c3a-119c11a6eb63\", \"stackTrace\": [\"  File \\\"/var/task/app.py\\\", line 31, in lambda_handler\\n    orders, conversion, traderData = trader.run(trading_state)\\n\", \"  File \\\"/var/task/trader.py\\\", line 154, in run\\n    self.POSITIONS = {state.position}\\n\"]}",
  "lambdaLog": "[ERROR] TypeError: unhashable type: 'dict'\\n{\"errorMessage\": \"unhashable type: 'dict'\", \"errorType\": \"TypeError\", \"requestId\": \"90a371e0-1377-443b-9c3a-119c11a6eb63\", \"stackTrace\": [\"  File \\\"/var/task/app.py\\\", line 31, in lambda_handler\\n    orders, conversion, traderData = trader.run(trading_state)\\n\", \"  File \\\"/var/task/trader.py\\\", line 154, in run\\n    self.POSITIONS = {state.position}\\n\"]}",
  "timestamp": 5700
}
{
  "sandboxLog": "[ERROR] TypeError: unhashable type: 'dict'\\n{\"errorMessage\": \"unhashable type: 'dict'\", \"errorType\": \"TypeError\", \"requestId\": \"df0789d4-94b2-4f18-a56e-5cf34ca2bf53\", \"stackTrace\": [\"  File \\\"/var/task/app.py\\\", line 31, in lambda_handler\\n    orders, conversion, traderData = trader.run(trading_state)\\n\", \"  File \\\"/var/task/trader.py\\\", line 154, in run\\n    self.POSITIONS = {state.position}\\n\"]}",
  "lambdaLog": "[ERROR] TypeError: unhashable type: 'dict'\\n{\"errorMessage\": \"unhashable type: 'dict'\", \"errorType\": \"TypeError\", \"requestId\": \"df0789d4-94b2-4f18-a56e-5cf34ca2bf53\", \"stackTrace\": [\"  File \\\"/var/task/app.py\\\", line 31, in lambda_handler\\n    orders, conversion, traderData = trader.run(trading_state)\\n\", \"  File \\\"/var/task/trader.py\\\", line 154, in run\\n    self.POSITIONS = {state.position}\\n\"]}",
  "timestamp": 5800
}
{
  "sandboxLog": "[ERROR] TypeError: unhashable type: 'dict'\\n{\"errorMessage\": \"unhashable type: 'dict'\", \"errorType\": \"TypeError\", \"requestId\": \"162282f9-2dfe-4cb8-b688-75d7dd77bb70\", \"stackTrace\": [\"  File \\\"/var/task/app.py\\\", line 31, in lambda_handler\\n    orders, conversion, traderData = trader.run(trading_state)\\n\", \"  File \\\"/var/task/trader.py\\\", line 154, in run\\n    self.POSITIONS = {state.position}\\n\"]}",
  "lambdaLog": "[ERROR] TypeError: unhashable type: 'dict'\\n{\"errorMessage\": \"unhashable type: 'dict'\", \"errorType\": \"TypeError\", \"requestId\": \"162282f9-2dfe-4cb8-b688-75d7dd77bb70\", \"stackTrace\": [\"  File \\\"/var/task/app.py\\\", line 31, in lambda_handler\\n    orders, conversion, traderData = trader.run(trading_state)\\n\", \"  File \\\"/var/task/trader.py\\\", line 154, in run\\n    self.POSITIONS = {state.position}\\n\"]}",
  "timestamp": 5900
}
{
  "sandboxLog": "[ERROR] TypeError: unhashable type: 'dict'\\n{\"errorMessage\": \"unhashable type: 'dict'\", \"errorType\": \"TypeError\", \"requestId\": \"785bf031-fe19-4396-9f44-63f1c9d335d5\", \"stackTrace\": [\"  File \\\"/var/task/app.py\\\", line 31, in lambda_handler\\n    orders, conversion, traderData = trader.run(trading_state)\\n\", \"  File \\\"/var/task/trader.py\\\", line 154, in run\\n    self.POSITIONS = {state.position}\\n\"]}",
  "lambdaLog": "[ERROR] TypeError: unhashable type: 'dict'\\n{\"errorMessage\": \"unhashable type: 'dict'\", \"errorType\": \"TypeError\", \"requestId\": \"785bf031-fe19-4396-9f44-63f1c9d335d5\", \"stackTrace\": [\"  File \\\"/var/task/app.py\\\", line 31, in lambda_handler\\n    orders, conversion, traderData = trader.run(trading_state)\\n\", \"  File \\\"/var/task/trader.py\\\", line 154, in run\\n    self.POSITIONS = {state.position}\\n\"]}",
  "timestamp": 6000
}
{
  "sandboxLog": "[ERROR] TypeError: unhashable type: 'dict'\\n{\"errorMessage\": \"unhashable type: 'dict'\", \"errorType\": \"TypeError\", \"requestId\": \"5bb53e7c-169c-44df-a4de-3c728aa69e25\", \"stackTrace\": [\"  File \\\"/var/task/app.py\\\", line 31, in lambda_handler\\n    orders, conversion, traderData = trader.run(trading_state)\\n\", \"  File \\\"/var/task/trader.py\\\", line 154, in run\\n    self.POSITIONS = {state.position}\\n\"]}",
  "lambdaLog": "[ERROR] TypeError: unhashable type: 'dict'\\n{\"errorMessage\": \"unhashable type: 'dict'\", \"errorType\": \"TypeError\", \"requestId\": \"5bb53e7c-169c-44df-a4de-3c728aa69e25\", \"stackTrace\": [\"  File \\\"/var/task/app.py\\\", line 31, in lambda_handler\\n    orders, conversion, traderData = trader.run(trading_state)\\n\", \"  File \\\"/var/task/trader.py\\\", line 154, in run\\n    self.POSITIONS = {state.position}\\n\"]}",
  "timestamp": 6100
}
{
  "sandboxLog": "[ERROR] TypeError: unhashable type: 'dict'\\n{\"errorMessage\": \"unhashable type: 'dict'\", \"errorType\": \"TypeError\", \"requestId\": \"ae8c7320-555a-45ed-84c6-97a7a4ac8023\", \"stackTrace\": [\"  File \\\"/var/task/app.py\\\", line 31, in lambda_handler\\n    orders, conversion, traderData = trader.run(trading_state)\\n\", \"  File \\\"/var/task/trader.py\\\", line 154, in run\\n    self.POSITIONS = {state.position}\\n\"]}",
  "lambdaLog": "[ERROR] TypeError: unhashable type: 'dict'\\n{\"errorMessage\": \"unhashable type: 'dict'\", \"errorType\": \"TypeError\", \"requestId\": \"ae8c7320-555a-45ed-84c6-97a7a4ac8023\", \"stackTrace\": [\"  File \\\"/var/task/app.py\\\", line 31, in lambda_handler\\n    orders, conversion, traderData = trader.run(trading_state)\\n\", \"  File \\\"/var/task/trader.py\\\", line 154, in run\\n    self.POSITIONS = {state.position}\\n\"]}",
  "timestamp": 6200
}
{
  "sandboxLog": "[ERROR] TypeError: unhashable type: 'dict'\\n{\"errorMessage\": \"unhashable type: 'dict'\", \"errorType\": \"TypeError\", \"requestId\": \"b7fa4699-921a-4d01-ae2d-a505810b4468\", \"stackTrace\": [\"  File \\\"/var/task/app.py\\\", line 31, in lambda_handler\\n    orders, conversion, traderData = trader.run(trading_state)\\n\", \"  File \\\"/var/task/trader.py\\\", line 154, in run\\n    self.POSITIONS = {state.position}\\n\"]}",
  "lambdaLog": "[ERROR] TypeError: unhashable type: 'dict'\\n{\"errorMessage\": \"unhashable type: 'dict'\", \"errorType\": \"TypeError\", \"requestId\": \"b7fa4699-921a-4d01-ae2d-a505810b4468\", \"stackTrace\": [\"  File \\\"/var/task/app.py\\\", line 31, in lambda_handler\\n    orders, conversion, traderData = trader.run(trading_state)\\n\", \"  File \\\"/var/task/trader.py\\\", line 154, in run\\n    self.POSITIONS = {state.position}\\n\"]}",
  "timestamp": 6300
}
{
  "sandboxLog": "[ERROR] TypeError: unhashable type: 'dict'\\n{\"errorMessage\": \"unhashable type: 'dict'\", \"errorType\": \"TypeError\", \"requestId\": \"e57bf29a-730d-4613-9f4d-d76ed6b034a9\", \"stackTrace\": [\"  File \\\"/var/task/app.py\\\", line 31, in lambda_handler\\n    orders, conversion, traderData = trader.run(trading_state)\\n\", \"  File \\\"/var/task/trader.py\\\", line 154, in run\\n    self.POSITIONS = {state.position}\\n\"]}",
  "lambdaLog": "[ERROR] TypeError: unhashable type: 'dict'\\n{\"errorMessage\": \"unhashable type: 'dict'\", \"errorType\": \"TypeError\", \"requestId\": \"e57bf29a-730d-4613-9f4d-d76ed6b034a9\", \"stackTrace\": [\"  File \\\"/var/task/app.py\\\", line 31, in lambda_handler\\n    orders, conversion, traderData = trader.run(trading_state)\\n\", \"  File \\\"/var/task/trader.py\\\", line 154, in run\\n    self.POSITIONS = {state.position}\\n\"]}",
  "timestamp": 6400
}
{
  "sandboxLog": "[ERROR] TypeError: unhashable type: 'dict'\\n{\"errorMessage\": \"unhashable type: 'dict'\", \"errorType\": \"TypeError\", \"requestId\": \"00d7876e-4bf3-4ae6-b902-ae3d93da702d\", \"stackTrace\": [\"  File \\\"/var/task/app.py\\\", line 31, in lambda_handler\\n    orders, conversion, traderData = trader.run(trading_state)\\n\", \"  File \\\"/var/task/trader.py\\\", line 154, in run\\n    self.POSITIONS = {state.position}\\n\"]}",
  "lambdaLog": "[ERROR] TypeError: unhashable type: 'dict'\\n{\"errorMessage\": \"unhashable type: 'dict'\", \"errorType\": \"TypeError\", \"requestId\": \"00d7876e-4bf3-4ae6-b902-ae3d93da702d\", \"stackTrace\": [\"  File \\\"/var/task/app.py\\\", line 31, in lambda_handler\\n    orders, conversion, traderData = trader.run(trading_state)\\n\", \"  File \\\"/var/task/trader.py\\\", line 154, in run\\n    self.POSITIONS = {state.position}\\n\"]}",
  "timestamp": 6500
}
{
  "sandboxLog": "[ERROR] TypeError: unhashable type: 'dict'\\n{\"errorMessage\": \"unhashable type: 'dict'\", \"errorType\": \"TypeError\", \"requestId\": \"9606a2cf-82b1-4016-b42f-051b70da9d70\", \"stackTrace\": [\"  File \\\"/var/task/app.py\\\", line 31, in lambda_handler\\n    orders, conversion, traderData = trader.run(trading_state)\\n\", \"  File \\\"/var/task/trader.py\\\", line 154, in run\\n    self.POSITIONS = {state.position}\\n\"]}",
  "lambdaLog": "[ERROR] TypeError: unhashable type: 'dict'\\n{\"errorMessage\": \"unhashable type: 'dict'\", \"errorType\": \"TypeError\", \"requestId\": \"9606a2cf-82b1-4016-b42f-051b70da9d70\", \"stackTrace\": [\"  File \\\"/var/task/app.py\\\", line 31, in lambda_handler\\n    orders, conversion, traderData = trader.run(trading_state)\\n\", \"  File \\\"/var/task/trader.py\\\", line 154, in run\\n    self.POSITIONS = {state.position}\\n\"]}",
  "timestamp": 6600
}
{
  "sandboxLog": "[ERROR] TypeError: unhashable type: 'dict'\\n{\"errorMessage\": \"unhashable type: 'dict'\", \"errorType\": \"TypeError\", \"requestId\": \"cee28bcb-a40c-4eb4-b808-7d3887df4cfc\", \"stackTrace\": [\"  File \\\"/var/task/app.py\\\", line 31, in lambda_handler\\n    orders, conversion, traderData = trader.run(trading_state)\\n\", \"  File \\\"/var/task/trader.py\\\", line 154, in run\\n    self.POSITIONS = {state.position}\\n\"]}",
  "lambdaLog": "[ERROR] TypeError: unhashable type: 'dict'\\n{\"errorMessage\": \"unhashable type: 'dict'\", \"errorType\": \"TypeError\", \"requestId\": \"cee28bcb-a40c-4eb4-b808-7d3887df4cfc\", \"stackTrace\": [\"  File \\\"/var/task/app.py\\\", line 31, in lambda_handler\\n    orders, conversion, traderData = trader.run(trading_state)\\n\", \"  File \\\"/var/task/trader.py\\\", line 154, in run\\n    self.POSITIONS = {state.position}\\n\"]}",
  "timestamp": 6700
}
{
  "sandboxLog": "[ERROR] TypeError: unhashable type: 'dict'\\n{\"errorMessage\": \"unhashable type: 'dict'\", \"errorType\": \"TypeError\", \"requestId\": \"048d885a-dd0e-43ab-a3f6-8a62766a5f04\", \"stackTrace\": [\"  File \\\"/var/task/app.py\\\", line 31, in lambda_handler\\n    orders, conversion, traderData = trader.run(trading_state)\\n\", \"  File \\\"/var/task/trader.py\\\", line 154, in run\\n    self.POSITIONS = {state.position}\\n\"]}",
  "lambdaLog": "[ERROR] TypeError: unhashable type: 'dict'\\n{\"errorMessage\": \"unhashable type: 'dict'\", \"errorType\": \"TypeError\", \"requestId\": \"048d885a-dd0e-43ab-a3f6-8a62766a5f04\", \"stackTrace\": [\"  File \\\"/var/task/app.py\\\", line 31, in lambda_handler\\n    orders, conversion, traderData = trader.run(trading_state)\\n\", \"  File \\\"/var/task/trader.py\\\", line 154, in run\\n    self.POSITIONS = {state.position}\\n\"]}",
  "timestamp": 6800
}
{
  "sandboxLog": "[ERROR] TypeError: unhashable type: 'dict'\\n{\"errorMessage\": \"unhashable type: 'dict'\", \"errorType\": \"TypeError\", \"requestId\": \"ef2d204f-9cc0-4cf6-8286-f4c983312912\", \"stackTrace\": [\"  File \\\"/var/task/app.py\\\", line 31, in lambda_handler\\n    orders, conversion, traderData = trader.run(trading_state)\\n\", \"  File \\\"/var/task/trader.py\\\", line 154, in run\\n    self.POSITIONS = {state.position}\\n\"]}",
  "lambdaLog": "[ERROR] TypeError: unhashable type: 'dict'\\n{\"errorMessage\": \"unhashable type: 'dict'\", \"errorType\": \"TypeError\", \"requestId\": \"ef2d204f-9cc0-4cf6-8286-f4c983312912\", \"stackTrace\": [\"  File \\\"/var/task/app.py\\\", line 31, in lambda_handler\\n    orders, conversion, traderData = trader.run(trading_state)\\n\", \"  File \\\"/var/task/trader.py\\\", line 154, in run\\n    self.POSITIONS = {state.position}\\n\"]}",
  "timestamp": 6900
}
{
  "sandboxLog": "[ERROR] TypeError: unhashable type: 'dict'\\n{\"errorMessage\": \"unhashable type: 'dict'\", \"errorType\": \"TypeError\", \"requestId\": \"88aff293-795b-4c9c-a950-0826c1154b01\", \"stackTrace\": [\"  File \\\"/var/task/app.py\\\", line 31, in lambda_handler\\n    orders, conversion, traderData = trader.run(trading_state)\\n\", \"  File \\\"/var/task/trader.py\\\", line 154, in run\\n    self.POSITIONS = {state.position}\\n\"]}",
  "lambdaLog": "[ERROR] TypeError: unhashable type: 'dict'\\n{\"errorMessage\": \"unhashable type: 'dict'\", \"errorType\": \"TypeError\", \"requestId\": \"88aff293-795b-4c9c-a950-0826c1154b01\", \"stackTrace\": [\"  File \\\"/var/task/app.py\\\", line 31, in lambda_handler\\n    orders, conversion, traderData = trader.run(trading_state)\\n\", \"  File \\\"/var/task/trader.py\\\", line 154, in run\\n    self.POSITIONS = {state.position}\\n\"]}",
  "timestamp": 7000
}
{
  "sandboxLog": "[ERROR] TypeError: unhashable type: 'dict'\\n{\"errorMessage\": \"unhashable type: 'dict'\", \"errorType\": \"TypeError\", \"requestId\": \"603bd851-58af-432c-9e83-2828f70fc068\", \"stackTrace\": [\"  File \\\"/var/task/app.py\\\", line 31, in lambda_handler\\n    orders, conversion, traderData = trader.run(trading_state)\\n\", \"  File \\\"/var/task/trader.py\\\", line 154, in run\\n    self.POSITIONS = {state.position}\\n\"]}",
  "lambdaLog": "[ERROR] TypeError: unhashable type: 'dict'\\n{\"errorMessage\": \"unhashable type: 'dict'\", \"errorType\": \"TypeError\", \"requestId\": \"603bd851-58af-432c-9e83-2828f70fc068\", \"stackTrace\": [\"  File \\\"/var/task/app.py\\\", line 31, in lambda_handler\\n    orders, conversion, traderData = trader.run(trading_state)\\n\", \"  File \\\"/var/task/trader.py\\\", line 154, in run\\n    self.POSITIONS = {state.position}\\n\"]}",
  "timestamp": 7100
}
{
  "sandboxLog": "[ERROR] TypeError: unhashable type: 'dict'\\n{\"errorMessage\": \"unhashable type: 'dict'\", \"errorType\": \"TypeError\", \"requestId\": \"218ef380-8f1c-43b1-8fd3-d175b25455a2\", \"stackTrace\": [\"  File \\\"/var/task/app.py\\\", line 31, in lambda_handler\\n    orders, conversion, traderData = trader.run(trading_state)\\n\", \"  File \\\"/var/task/trader.py\\\", line 154, in run\\n    self.POSITIONS = {state.position}\\n\"]}",
  "lambdaLog": "[ERROR] TypeError: unhashable type: 'dict'\\n{\"errorMessage\": \"unhashable type: 'dict'\", \"errorType\": \"TypeError\", \"requestId\": \"218ef380-8f1c-43b1-8fd3-d175b25455a2\", \"stackTrace\": [\"  File \\\"/var/task/app.py\\\", line 31, in lambda_handler\\n    orders, conversion, traderData = trader.run(trading_state)\\n\", \"  File \\\"/var/task/trader.py\\\", line 154, in run\\n    self.POSITIONS = {state.position}\\n\"]}",
  "timestamp": 7200
}
{
  "sandboxLog": "[ERROR] TypeError: unhashable type: 'dict'\\n{\"errorMessage\": \"unhashable type: 'dict'\", \"errorType\": \"TypeError\", \"requestId\": \"89f1f512-2067-42f5-aaac-c765c1821c0d\", \"stackTrace\": [\"  File \\\"/var/task/app.py\\\", line 31, in lambda_handler\\n    orders, conversion, traderData = trader.run(trading_state)\\n\", \"  File \\\"/var/task/trader.py\\\", line 154, in run\\n    self.POSITIONS = {state.position}\\n\"]}",
  "lambdaLog": "[ERROR] TypeError: unhashable type: 'dict'\\n{\"errorMessage\": \"unhashable type: 'dict'\", \"errorType\": \"TypeError\", \"requestId\": \"89f1f512-2067-42f5-aaac-c765c1821c0d\", \"stackTrace\": [\"  File \\\"/var/task/app.py\\\", line 31, in lambda_handler\\n    orders, conversion, traderData = trader.run(trading_state)\\n\", \"  File \\\"/var/task/trader.py\\\", line 154, in run\\n    self.POSITIONS = {state.position}\\n\"]}",
  "timestamp": 7300
}
{
  "sandboxLog": "[ERROR] TypeError: unhashable type: 'dict'\\n{\"errorMessage\": \"unhashable type: 'dict'\", \"errorType\": \"TypeError\", \"requestId\": \"626a96ba-5f48-4af3-b62f-4da0dafdcab6\", \"stackTrace\": [\"  File \\\"/var/task/app.py\\\", line 31, in lambda_handler\\n    orders, conversion, traderData = trader.run(trading_state)\\n\", \"  File \\\"/var/task/trader.py\\\", line 154, in run\\n    self.POSITIONS = {state.position}\\n\"]}",
  "lambdaLog": "[ERROR] TypeError: unhashable type: 'dict'\\n{\"errorMessage\": \"unhashable type: 'dict'\", \"errorType\": \"TypeError\", \"requestId\": \"626a96ba-5f48-4af3-b62f-4da0dafdcab6\", \"stackTrace\": [\"  File \\\"/var/task/app.py\\\", line 31, in lambda_handler\\n    orders, conversion, traderData = trader.run(trading_state)\\n\", \"  File \\\"/var/task/trader.py\\\", line 154, in run\\n    self.POSITIONS = {state.position}\\n\"]}",
  "timestamp": 7400
}
{
  "sandboxLog": "[ERROR] TypeError: unhashable type: 'dict'\\n{\"errorMessage\": \"unhashable type: 'dict'\", \"errorType\": \"TypeError\", \"requestId\": \"4a54e638-fc04-4cc0-8f90-2bd9ae7aaa65\", \"stackTrace\": [\"  File \\\"/var/task/app.py\\\", line 31, in lambda_handler\\n    orders, conversion, traderData = trader.run(trading_state)\\n\", \"  File \\\"/var/task/trader.py\\\", line 154, in run\\n    self.POSITIONS = {state.position}\\n\"]}",
  "lambdaLog": "[ERROR] TypeError: unhashable type: 'dict'\\n{\"errorMessage\": \"unhashable type: 'dict'\", \"errorType\": \"TypeError\", \"requestId\": \"4a54e638-fc04-4cc0-8f90-2bd9ae7aaa65\", \"stackTrace\": [\"  File \\\"/var/task/app.py\\\", line 31, in lambda_handler\\n    orders, conversion, traderData = trader.run(trading_state)\\n\", \"  File \\\"/var/task/trader.py\\\", line 154, in run\\n    self.POSITIONS = {state.position}\\n\"]}",
  "timestamp": 7500
}
{
  "sandboxLog": "[ERROR] TypeError: unhashable type: 'dict'\\n{\"errorMessage\": \"unhashable type: 'dict'\", \"errorType\": \"TypeError\", \"requestId\": \"42a96246-1322-43e0-86b7-850551f8ea0d\", \"stackTrace\": [\"  File \\\"/var/task/app.py\\\", line 31, in lambda_handler\\n    orders, conversion, traderData = trader.run(trading_state)\\n\", \"  File \\\"/var/task/trader.py\\\", line 154, in run\\n    self.POSITIONS = {state.position}\\n\"]}",
  "lambdaLog": "[ERROR] TypeError: unhashable type: 'dict'\\n{\"errorMessage\": \"unhashable type: 'dict'\", \"errorType\": \"TypeError\", \"requestId\": \"42a96246-1322-43e0-86b7-850551f8ea0d\", \"stackTrace\": [\"  File \\\"/var/task/app.py\\\", line 31, in lambda_handler\\n    orders, conversion, traderData = trader.run(trading_state)\\n\", \"  File \\\"/var/task/trader.py\\\", line 154, in run\\n    self.POSITIONS = {state.position}\\n\"]}",
  "timestamp": 7600
}
{
  "sandboxLog": "[ERROR] TypeError: unhashable type: 'dict'\\n{\"errorMessage\": \"unhashable type: 'dict'\", \"errorType\": \"TypeError\", \"requestId\": \"efdba48c-2495-40aa-959b-940a59db57c4\", \"stackTrace\": [\"  File \\\"/var/task/app.py\\\", line 31, in lambda_handler\\n    orders, conversion, traderData = trader.run(trading_state)\\n\", \"  File \\\"/var/task/trader.py\\\", line 154, in run\\n    self.POSITIONS = {state.position}\\n\"]}",
  "lambdaLog": "[ERROR] TypeError: unhashable type: 'dict'\\n{\"errorMessage\": \"unhashable type: 'dict'\", \"errorType\": \"TypeError\", \"requestId\": \"efdba48c-2495-40aa-959b-940a59db57c4\", \"stackTrace\": [\"  File \\\"/var/task/app.py\\\", line 31, in lambda_handler\\n    orders, conversion, traderData = trader.run(trading_state)\\n\", \"  File \\\"/var/task/trader.py\\\", line 154, in run\\n    self.POSITIONS = {state.position}\\n\"]}",
  "timestamp": 7700
}
{
  "sandboxLog": "[ERROR] TypeError: unhashable type: 'dict'\\n{\"errorMessage\": \"unhashable type: 'dict'\", \"errorType\": \"TypeError\", \"requestId\": \"f106ae73-705c-4c52-855e-b7bf9b72005c\", \"stackTrace\": [\"  File \\\"/var/task/app.py\\\", line 31, in lambda_handler\\n    orders, conversion, traderData = trader.run(trading_state)\\n\", \"  File \\\"/var/task/trader.py\\\", line 154, in run\\n    self.POSITIONS = {state.position}\\n\"]}",
  "lambdaLog": "[ERROR] TypeError: unhashable type: 'dict'\\n{\"errorMessage\": \"unhashable type: 'dict'\", \"errorType\": \"TypeError\", \"requestId\": \"f106ae73-705c-4c52-855e-b7bf9b72005c\", \"stackTrace\": [\"  File \\\"/var/task/app.py\\\", line 31, in lambda_handler\\n    orders, conversion, traderData = trader.run(trading_state)\\n\", \"  File \\\"/var/task/trader.py\\\", line 154, in run\\n    self.POSITIONS = {state.position}\\n\"]}",
  "timestamp": 7800
}
{
  "sandboxLog": "[ERROR] TypeError: unhashable type: 'dict'\\n{\"errorMessage\": \"unhashable type: 'dict'\", \"errorType\": \"TypeError\", \"requestId\": \"e431e0af-2710-41de-b80f-16f0810ce190\", \"stackTrace\": [\"  File \\\"/var/task/app.py\\\", line 31, in lambda_handler\\n    orders, conversion, traderData = trader.run(trading_state)\\n\", \"  File \\\"/var/task/trader.py\\\", line 154, in run\\n    self.POSITIONS = {state.position}\\n\"]}",
  "lambdaLog": "[ERROR] TypeError: unhashable type: 'dict'\\n{\"errorMessage\": \"unhashable type: 'dict'\", \"errorType\": \"TypeError\", \"requestId\": \"e431e0af-2710-41de-b80f-16f0810ce190\", \"stackTrace\": [\"  File \\\"/var/task/app.py\\\", line 31, in lambda_handler\\n    orders, conversion, traderData = trader.run(trading_state)\\n\", \"  File \\\"/var/task/trader.py\\\", line 154, in run\\n    self.POSITIONS = {state.position}\\n\"]}",
  "timestamp": 7900
}
{
  "sandboxLog": "[ERROR] TypeError: unhashable type: 'dict'\\n{\"errorMessage\": \"unhashable type: 'dict'\", \"errorType\": \"TypeError\", \"requestId\": \"5652041d-fa69-4107-8c87-78ba23f91583\", \"stackTrace\": [\"  File \\\"/var/task/app.py\\\", line 31, in lambda_handler\\n    orders, conversion, traderData = trader.run(trading_state)\\n\", \"  File \\\"/var/task/trader.py\\\", line 154, in run\\n    self.POSITIONS = {state.position}\\n\"]}",
  "lambdaLog": "[ERROR] TypeError: unhashable type: 'dict'\\n{\"errorMessage\": \"unhashable type: 'dict'\", \"errorType\": \"TypeError\", \"requestId\": \"5652041d-fa69-4107-8c87-78ba23f91583\", \"stackTrace\": [\"  File \\\"/var/task/app.py\\\", line 31, in lambda_handler\\n    orders, conversion, traderData = trader.run(trading_state)\\n\", \"  File \\\"/var/task/trader.py\\\", line 154, in run\\n    self.POSITIONS = {state.position}\\n\"]}",
  "timestamp": 8000
}
{
  "sandboxLog": "[ERROR] TypeError: unhashable type: 'dict'\\n{\"errorMessage\": \"unhashable type: 'dict'\", \"errorType\": \"TypeError\", \"requestId\": \"18ceb1bd-724e-41bb-ac90-883ca52eefd1\", \"stackTrace\": [\"  File \\\"/var/task/app.py\\\", line 31, in lambda_handler\\n    orders, conversion, traderData = trader.run(trading_state)\\n\", \"  File \\\"/var/task/trader.py\\\", line 154, in run\\n    self.POSITIONS = {state.position}\\n\"]}",
  "lambdaLog": "[ERROR] TypeError: unhashable type: 'dict'\\n{\"errorMessage\": \"unhashable type: 'dict'\", \"errorType\": \"TypeError\", \"requestId\": \"18ceb1bd-724e-41bb-ac90-883ca52eefd1\", \"stackTrace\": [\"  File \\\"/var/task/app.py\\\", line 31, in lambda_handler\\n    orders, conversion, traderData = trader.run(trading_state)\\n\", \"  File \\\"/var/task/trader.py\\\", line 154, in run\\n    self.POSITIONS = {state.position}\\n\"]}",
  "timestamp": 8100
}
{
  "sandboxLog": "[ERROR] TypeError: unhashable type: 'dict'\\n{\"errorMessage\": \"unhashable type: 'dict'\", \"errorType\": \"TypeError\", \"requestId\": \"07e53358-28bb-478b-8e4c-72c701fefa69\", \"stackTrace\": [\"  File \\\"/var/task/app.py\\\", line 31, in lambda_handler\\n    orders, conversion, traderData = trader.run(trading_state)\\n\", \"  File \\\"/var/task/trader.py\\\", line 154, in run\\n    self.POSITIONS = {state.position}\\n\"]}",
  "lambdaLog": "[ERROR] TypeError: unhashable type: 'dict'\\n{\"errorMessage\": \"unhashable type: 'dict'\", \"errorType\": \"TypeError\", \"requestId\": \"07e53358-28bb-478b-8e4c-72c701fefa69\", \"stackTrace\": [\"  File \\\"/var/task/app.py\\\", line 31, in lambda_handler\\n    orders, conversion, traderData = trader.run(trading_state)\\n\", \"  File \\\"/var/task/trader.py\\\", line 154, in run\\n    self.POSITIONS = {state.position}\\n\"]}",
  "timestamp": 8200
}
{
  "sandboxLog": "[ERROR] TypeError: unhashable type: 'dict'\\n{\"errorMessage\": \"unhashable type: 'dict'\", \"errorType\": \"TypeError\", \"requestId\": \"73131a15-892c-4cff-bed8-e41083284124\", \"stackTrace\": [\"  File \\\"/var/task/app.py\\\", line 31, in lambda_handler\\n    orders, conversion, traderData = trader.run(trading_state)\\n\", \"  File \\\"/var/task/trader.py\\\", line 154, in run\\n    self.POSITIONS = {state.position}\\n\"]}",
  "lambdaLog": "[ERROR] TypeError: unhashable type: 'dict'\\n{\"errorMessage\": \"unhashable type: 'dict'\", \"errorType\": \"TypeError\", \"requestId\": \"73131a15-892c-4cff-bed8-e41083284124\", \"stackTrace\": [\"  File \\\"/var/task/app.py\\\", line 31, in lambda_handler\\n    orders, conversion, traderData = trader.run(trading_state)\\n\", \"  File \\\"/var/task/trader.py\\\", line 154, in run\\n    self.POSITIONS = {state.position}\\n\"]}",
  "timestamp": 8300
}
{
  "sandboxLog": "[ERROR] TypeError: unhashable type: 'dict'\\n{\"errorMessage\": \"unhashable type: 'dict'\", \"errorType\": \"TypeError\", \"requestId\": \"44a43646-e9d3-46c0-8ebe-ddb591670d42\", \"stackTrace\": [\"  File \\\"/var/task/app.py\\\", line 31, in lambda_handler\\n    orders, conversion, traderData = trader.run(trading_state)\\n\", \"  File \\\"/var/task/trader.py\\\", line 154, in run\\n    self.POSITIONS = {state.position}\\n\"]}",
  "lambdaLog": "[ERROR] TypeError: unhashable type: 'dict'\\n{\"errorMessage\": \"unhashable type: 'dict'\", \"errorType\": \"TypeError\", \"requestId\": \"44a43646-e9d3-46c0-8ebe-ddb591670d42\", \"stackTrace\": [\"  File \\\"/var/task/app.py\\\", line 31, in lambda_handler\\n    orders, conversion, traderData = trader.run(trading_state)\\n\", \"  File \\\"/var/task/trader.py\\\", line 154, in run\\n    self.POSITIONS = {state.position}\\n\"]}",
  "timestamp": 8400
}
{
  "sandboxLog": "[ERROR] TypeError: unhashable type: 'dict'\\n{\"errorMessage\": \"unhashable type: 'dict'\", \"errorType\": \"TypeError\", \"requestId\": \"65b5f3e1-eedd-4b45-b0b6-f553649cf734\", \"stackTrace\": [\"  File \\\"/var/task/app.py\\\", line 31, in lambda_handler\\n    orders, conversion, traderData = trader.run(trading_state)\\n\", \"  File \\\"/var/task/trader.py\\\", line 154, in run\\n    self.POSITIONS = {state.position}\\n\"]}",
  "lambdaLog": "[ERROR] TypeError: unhashable type: 'dict'\\n{\"errorMessage\": \"unhashable type: 'dict'\", \"errorType\": \"TypeError\", \"requestId\": \"65b5f3e1-eedd-4b45-b0b6-f553649cf734\", \"stackTrace\": [\"  File \\\"/var/task/app.py\\\", line 31, in lambda_handler\\n    orders, conversion, traderData = trader.run(trading_state)\\n\", \"  File \\\"/var/task/trader.py\\\", line 154, in run\\n    self.POSITIONS = {state.position}\\n\"]}",
  "timestamp": 8500
}
{
  "sandboxLog": "[ERROR] TypeError: unhashable type: 'dict'\\n{\"errorMessage\": \"unhashable type: 'dict'\", \"errorType\": \"TypeError\", \"requestId\": \"1084a11e-19e8-445d-89fb-0ff093016a47\", \"stackTrace\": [\"  File \\\"/var/task/app.py\\\", line 31, in lambda_handler\\n    orders, conversion, traderData = trader.run(trading_state)\\n\", \"  File \\\"/var/task/trader.py\\\", line 154, in run\\n    self.POSITIONS = {state.position}\\n\"]}",
  "lambdaLog": "[ERROR] TypeError: unhashable type: 'dict'\\n{\"errorMessage\": \"unhashable type: 'dict'\", \"errorType\": \"TypeError\", \"requestId\": \"1084a11e-19e8-445d-89fb-0ff093016a47\", \"stackTrace\": [\"  File \\\"/var/task/app.py\\\", line 31, in lambda_handler\\n    orders, conversion, traderData = trader.run(trading_state)\\n\", \"  File \\\"/var/task/trader.py\\\", line 154, in run\\n    self.POSITIONS = {state.position}\\n\"]}",
  "timestamp": 8600
}
{
  "sandboxLog": "[ERROR] TypeError: unhashable type: 'dict'\\n{\"errorMessage\": \"unhashable type: 'dict'\", \"errorType\": \"TypeError\", \"requestId\": \"ed10b4c1-5835-4cdf-9d2b-999bc5b6d43c\", \"stackTrace\": [\"  File \\\"/var/task/app.py\\\", line 31, in lambda_handler\\n    orders, conversion, traderData = trader.run(trading_state)\\n\", \"  File \\\"/var/task/trader.py\\\", line 154, in run\\n    self.POSITIONS = {state.position}\\n\"]}",
  "lambdaLog": "[ERROR] TypeError: unhashable type: 'dict'\\n{\"errorMessage\": \"unhashable type: 'dict'\", \"errorType\": \"TypeError\", \"requestId\": \"ed10b4c1-5835-4cdf-9d2b-999bc5b6d43c\", \"stackTrace\": [\"  File \\\"/var/task/app.py\\\", line 31, in lambda_handler\\n    orders, conversion, traderData = trader.run(trading_state)\\n\", \"  File \\\"/var/task/trader.py\\\", line 154, in run\\n    self.POSITIONS = {state.position}\\n\"]}",
  "timestamp": 8700
}
{
  "sandboxLog": "[ERROR] TypeError: unhashable type: 'dict'\\n{\"errorMessage\": \"unhashable type: 'dict'\", \"errorType\": \"TypeError\", \"requestId\": \"574350ae-252a-4efc-9094-63cf69c9a35e\", \"stackTrace\": [\"  File \\\"/var/task/app.py\\\", line 31, in lambda_handler\\n    orders, conversion, traderData = trader.run(trading_state)\\n\", \"  File \\\"/var/task/trader.py\\\", line 154, in run\\n    self.POSITIONS = {state.position}\\n\"]}",
  "lambdaLog": "[ERROR] TypeError: unhashable type: 'dict'\\n{\"errorMessage\": \"unhashable type: 'dict'\", \"errorType\": \"TypeError\", \"requestId\": \"574350ae-252a-4efc-9094-63cf69c9a35e\", \"stackTrace\": [\"  File \\\"/var/task/app.py\\\", line 31, in lambda_handler\\n    orders, conversion, traderData = trader.run(trading_state)\\n\", \"  File \\\"/var/task/trader.py\\\", line 154, in run\\n    self.POSITIONS = {state.position}\\n\"]}",
  "timestamp": 8800
}
{
  "sandboxLog": "[ERROR] TypeError: unhashable type: 'dict'\\n{\"errorMessage\": \"unhashable type: 'dict'\", \"errorType\": \"TypeError\", \"requestId\": \"e52a57c5-ac8a-499d-bd46-d4d4a8a53dc6\", \"stackTrace\": [\"  File \\\"/var/task/app.py\\\", line 31, in lambda_handler\\n    orders, conversion, traderData = trader.run(trading_state)\\n\", \"  File \\\"/var/task/trader.py\\\", line 154, in run\\n    self.POSITIONS = {state.position}\\n\"]}",
  "lambdaLog": "[ERROR] TypeError: unhashable type: 'dict'\\n{\"errorMessage\": \"unhashable type: 'dict'\", \"errorType\": \"TypeError\", \"requestId\": \"e52a57c5-ac8a-499d-bd46-d4d4a8a53dc6\", \"stackTrace\": [\"  File \\\"/var/task/app.py\\\", line 31, in lambda_handler\\n    orders, conversion, traderData = trader.run(trading_state)\\n\", \"  File \\\"/var/task/trader.py\\\", line 154, in run\\n    self.POSITIONS = {state.position}\\n\"]}",
  "timestamp": 8900
}
{
  "sandboxLog": "[ERROR] TypeError: unhashable type: 'dict'\\n{\"errorMessage\": \"unhashable type: 'dict'\", \"errorType\": \"TypeError\", \"requestId\": \"af7ddcf3-3fb5-4555-a038-6d405707c49f\", \"stackTrace\": [\"  File \\\"/var/task/app.py\\\", line 31, in lambda_handler\\n    orders, conversion, traderData = trader.run(trading_state)\\n\", \"  File \\\"/var/task/trader.py\\\", line 154, in run\\n    self.POSITIONS = {state.position}\\n\"]}",
  "lambdaLog": "[ERROR] TypeError: unhashable type: 'dict'\\n{\"errorMessage\": \"unhashable type: 'dict'\", \"errorType\": \"TypeError\", \"requestId\": \"af7ddcf3-3fb5-4555-a038-6d405707c49f\", \"stackTrace\": [\"  File \\\"/var/task/app.py\\\", line 31, in lambda_handler\\n    orders, conversion, traderData = trader.run(trading_state)\\n\", \"  File \\\"/var/task/trader.py\\\", line 154, in run\\n    self.POSITIONS = {state.position}\\n\"]}",
  "timestamp": 9000
}
{
  "sandboxLog": "[ERROR] TypeError: unhashable type: 'dict'\\n{\"errorMessage\": \"unhashable type: 'dict'\", \"errorType\": \"TypeError\", \"requestId\": \"bef54780-9e40-432c-9904-a47f1bdffe2c\", \"stackTrace\": [\"  File \\\"/var/task/app.py\\\", line 31, in lambda_handler\\n    orders, conversion, traderData = trader.run(trading_state)\\n\", \"  File \\\"/var/task/trader.py\\\", line 154, in run\\n    self.POSITIONS = {state.position}\\n\"]}",
  "lambdaLog": "[ERROR] TypeError: unhashable type: 'dict'\\n{\"errorMessage\": \"unhashable type: 'dict'\", \"errorType\": \"TypeError\", \"requestId\": \"bef54780-9e40-432c-9904-a47f1bdffe2c\", \"stackTrace\": [\"  File \\\"/var/task/app.py\\\", line 31, in lambda_handler\\n    orders, conversion, traderData = trader.run(trading_state)\\n\", \"  File \\\"/var/task/trader.py\\\", line 154, in run\\n    self.POSITIONS = {state.position}\\n\"]}",
  "timestamp": 9100
}
{
  "sandboxLog": "[ERROR] TypeError: unhashable type: 'dict'\\n{\"errorMessage\": \"unhashable type: 'dict'\", \"errorType\": \"TypeError\", \"requestId\": \"92a81c7f-85c7-4363-a053-17a9fc42cff0\", \"stackTrace\": [\"  File \\\"/var/task/app.py\\\", line 31, in lambda_handler\\n    orders, conversion, traderData = trader.run(trading_state)\\n\", \"  File \\\"/var/task/trader.py\\\", line 154, in run\\n    self.POSITIONS = {state.position}\\n\"]}",
  "lambdaLog": "[ERROR] TypeError: unhashable type: 'dict'\\n{\"errorMessage\": \"unhashable type: 'dict'\", \"errorType\": \"TypeError\", \"requestId\": \"92a81c7f-85c7-4363-a053-17a9fc42cff0\", \"stackTrace\": [\"  File \\\"/var/task/app.py\\\", line 31, in lambda_handler\\n    orders, conversion, traderData = trader.run(trading_state)\\n\", \"  File \\\"/var/task/trader.py\\\", line 154, in run\\n    self.POSITIONS = {state.position}\\n\"]}",
  "timestamp": 9200
}
{
  "sandboxLog": "[ERROR] TypeError: unhashable type: 'dict'\\n{\"errorMessage\": \"unhashable type: 'dict'\", \"errorType\": \"TypeError\", \"requestId\": \"6da62636-54f1-498e-abfb-5528dcbfc37f\", \"stackTrace\": [\"  File \\\"/var/task/app.py\\\", line 31, in lambda_handler\\n    orders, conversion, traderData = trader.run(trading_state)\\n\", \"  File \\\"/var/task/trader.py\\\", line 154, in run\\n    self.POSITIONS = {state.position}\\n\"]}",
  "lambdaLog": "[ERROR] TypeError: unhashable type: 'dict'\\n{\"errorMessage\": \"unhashable type: 'dict'\", \"errorType\": \"TypeError\", \"requestId\": \"6da62636-54f1-498e-abfb-5528dcbfc37f\", \"stackTrace\": [\"  File \\\"/var/task/app.py\\\", line 31, in lambda_handler\\n    orders, conversion, traderData = trader.run(trading_state)\\n\", \"  File \\\"/var/task/trader.py\\\", line 154, in run\\n    self.POSITIONS = {state.position}\\n\"]}",
  "timestamp": 9300
}
{
  "sandboxLog": "[ERROR] TypeError: unhashable type: 'dict'\\n{\"errorMessage\": \"unhashable type: 'dict'\", \"errorType\": \"TypeError\", \"requestId\": \"29af9364-a2ba-4e81-9c00-a6c11b2cdaa3\", \"stackTrace\": [\"  File \\\"/var/task/app.py\\\", line 31, in lambda_handler\\n    orders, conversion, traderData = trader.run(trading_state)\\n\", \"  File \\\"/var/task/trader.py\\\", line 154, in run\\n    self.POSITIONS = {state.position}\\n\"]}",
  "lambdaLog": "[ERROR] TypeError: unhashable type: 'dict'\\n{\"errorMessage\": \"unhashable type: 'dict'\", \"errorType\": \"TypeError\", \"requestId\": \"29af9364-a2ba-4e81-9c00-a6c11b2cdaa3\", \"stackTrace\": [\"  File \\\"/var/task/app.py\\\", line 31, in lambda_handler\\n    orders, conversion, traderData = trader.run(trading_state)\\n\", \"  File \\\"/var/task/trader.py\\\", line 154, in run\\n    self.POSITIONS = {state.position}\\n\"]}",
  "timestamp": 9400
}
{
  "sandboxLog": "[ERROR] TypeError: unhashable type: 'dict'\\n{\"errorMessage\": \"unhashable type: 'dict'\", \"errorType\": \"TypeError\", \"requestId\": \"05b0e7aa-af1f-4852-8766-58c22079987f\", \"stackTrace\": [\"  File \\\"/var/task/app.py\\\", line 31, in lambda_handler\\n    orders, conversion, traderData = trader.run(trading_state)\\n\", \"  File \\\"/var/task/trader.py\\\", line 154, in run\\n    self.POSITIONS = {state.position}\\n\"]}",
  "lambdaLog": "[ERROR] TypeError: unhashable type: 'dict'\\n{\"errorMessage\": \"unhashable type: 'dict'\", \"errorType\": \"TypeError\", \"requestId\": \"05b0e7aa-af1f-4852-8766-58c22079987f\", \"stackTrace\": [\"  File \\\"/var/task/app.py\\\", line 31, in lambda_handler\\n    orders, conversion, traderData = trader.run(trading_state)\\n\", \"  File \\\"/var/task/trader.py\\\", line 154, in run\\n    self.POSITIONS = {state.position}\\n\"]}",
  "timestamp": 9500
}
{
  "sandboxLog": "[ERROR] TypeError: unhashable type: 'dict'\\n{\"errorMessage\": \"unhashable type: 'dict'\", \"errorType\": \"TypeError\", \"requestId\": \"4b6b6b42-333c-4ddd-99b7-3e5857d9757f\", \"stackTrace\": [\"  File \\\"/var/task/app.py\\\", line 31, in lambda_handler\\n    orders, conversion, traderData = trader.run(trading_state)\\n\", \"  File \\\"/var/task/trader.py\\\", line 154, in run\\n    self.POSITIONS = {state.position}\\n\"]}",
  "lambdaLog": "[ERROR] TypeError: unhashable type: 'dict'\\n{\"errorMessage\": \"unhashable type: 'dict'\", \"errorType\": \"TypeError\", \"requestId\": \"4b6b6b42-333c-4ddd-99b7-3e5857d9757f\", \"stackTrace\": [\"  File \\\"/var/task/app.py\\\", line 31, in lambda_handler\\n    orders, conversion, traderData = trader.run(trading_state)\\n\", \"  File \\\"/var/task/trader.py\\\", line 154, in run\\n    self.POSITIONS = {state.position}\\n\"]}",
  "timestamp": 9600
}
{
  "sandboxLog": "[ERROR] TypeError: unhashable type: 'dict'\\n{\"errorMessage\": \"unhashable type: 'dict'\", \"errorType\": \"TypeError\", \"requestId\": \"00fa43f1-69f9-4350-a90c-083452222a8d\", \"stackTrace\": [\"  File \\\"/var/task/app.py\\\", line 31, in lambda_handler\\n    orders, conversion, traderData = trader.run(trading_state)\\n\", \"  File \\\"/var/task/trader.py\\\", line 154, in run\\n    self.POSITIONS = {state.position}\\n\"]}",
  "lambdaLog": "[ERROR] TypeError: unhashable type: 'dict'\\n{\"errorMessage\": \"unhashable type: 'dict'\", \"errorType\": \"TypeError\", \"requestId\": \"00fa43f1-69f9-4350-a90c-083452222a8d\", \"stackTrace\": [\"  File \\\"/var/task/app.py\\\", line 31, in lambda_handler\\n    orders, conversion, traderData = trader.run(trading_state)\\n\", \"  File \\\"/var/task/trader.py\\\", line 154, in run\\n    self.POSITIONS = {state.position}\\n\"]}",
  "timestamp": 9700
}
{
  "sandboxLog": "[ERROR] TypeError: unhashable type: 'dict'\\n{\"errorMessage\": \"unhashable type: 'dict'\", \"errorType\": \"TypeError\", \"requestId\": \"e3e1c88c-c381-44b6-8ec3-acbe4405c2c9\", \"stackTrace\": [\"  File \\\"/var/task/app.py\\\", line 31, in lambda_handler\\n    orders, conversion, traderData = trader.run(trading_state)\\n\", \"  File \\\"/var/task/trader.py\\\", line 154, in run\\n    self.POSITIONS = {state.position}\\n\"]}",
  "lambdaLog": "[ERROR] TypeError: unhashable type: 'dict'\\n{\"errorMessage\": \"unhashable type: 'dict'\", \"errorType\": \"TypeError\", \"requestId\": \"e3e1c88c-c381-44b6-8ec3-acbe4405c2c9\", \"stackTrace\": [\"  File \\\"/var/task/app.py\\\", line 31, in lambda_handler\\n    orders, conversion, traderData = trader.run(trading_state)\\n\", \"  File \\\"/var/task/trader.py\\\", line 154, in run\\n    self.POSITIONS = {state.position}\\n\"]}",
  "timestamp": 9800
}
{
  "sandboxLog": "[ERROR] TypeError: unhashable type: 'dict'\\n{\"errorMessage\": \"unhashable type: 'dict'\", \"errorType\": \"TypeError\", \"requestId\": \"50b583c5-244e-4c0a-bfc5-857fc1156696\", \"stackTrace\": [\"  File \\\"/var/task/app.py\\\", line 31, in lambda_handler\\n    orders, conversion, traderData = trader.run(trading_state)\\n\", \"  File \\\"/var/task/trader.py\\\", line 154, in run\\n    self.POSITIONS = {state.position}\\n\"]}",
  "lambdaLog": "[ERROR] TypeError: unhashable type: 'dict'\\n{\"errorMessage\": \"unhashable type: 'dict'\", \"errorType\": \"TypeError\", \"requestId\": \"50b583c5-244e-4c0a-bfc5-857fc1156696\", \"stackTrace\": [\"  File \\\"/var/task/app.py\\\", line 31, in lambda_handler\\n    orders, conversion, traderData = trader.run(trading_state)\\n\", \"  File \\\"/var/task/trader.py\\\", line 154, in run\\n    self.POSITIONS = {state.position}\\n\"]}",
  "timestamp": 9900
}
{
  "sandboxLog": "[ERROR] TypeError: unhashable type: 'dict'\\n{\"errorMessage\": \"unhashable type: 'dict'\", \"errorType\": \"TypeError\", \"requestId\": \"45f25857-2d98-4383-a194-904df17b0b87\", \"stackTrace\": [\"  File \\\"/var/task/app.py\\\", line 31, in lambda_handler\\n    orders, conversion, traderData = trader.run(trading_state)\\n\", \"  File \\\"/var/task/trader.py\\\", line 154, in run\\n    self.POSITIONS = {state.position}\\n\"]}",
  "lambdaLog": "[ERROR] TypeError: unhashable type: 'dict'\\n{\"errorMessage\": \"unhashable type: 'dict'\", \"errorType\": \"TypeError\", \"requestId\": \"45f25857-2d98-4383-a194-904df17b0b87\", \"stackTrace\": [\"  File \\\"/var/task/app.py\\\", line 31, in lambda_handler\\n    orders, conversion, traderData = trader.run(trading_state)\\n\", \"  File \\\"/var/task/trader.py\\\", line 154, in run\\n    self.POSITIONS = {state.position}\\n\"]}",
  "timestamp": 10000
}
{
  "sandboxLog": "Lambda errors have reached maximum value for submission 2da58a6a-4b42-48fc-81a0-1cc2af8c6350",
  "lambdaLog": null,
  "timestamp": 115564
}



Activities log:
day;timestamp;product;bid_price_1;bid_volume_1;bid_price_2;bid_volume_2;bid_price_3;bid_volume_3;ask_price_1;ask_volume_1;ask_price_2;ask_volume_2;ask_price_3;ask_volume_3;mid_price;profit_and_loss




Trade History:
null